        -:    0:Source:dominion.c
        -:    0:Graph:dominion.gcno
        -:    0:Data:dominion.gcda
        -:    0:Runs:11
        -:    0:Programs:1
        -:    1:#include "dominion.h"
        -:    2:#include "dominion_helpers.h"
        -:    3:#include "rngs.h"
        -:    4:#include <stdio.h>
        -:    5:#include <math.h>
        -:    6:#include <stdlib.h>
        -:    7:
function compare called 2968 returned 100% blocks executed 100%
        -:    8:int compare(const void* a, const void* b) {
     2968:    9:  if (*(int*)a > *(int*)b)
branch  0 taken 12%
branch  1 taken 88%
      355:   10:    return 1;
     2613:   11:  if (*(int*)a < *(int*)b)
branch  0 taken 42%
branch  1 taken 58%
     1092:   12:    return -1;
     1521:   13:  return 0;
     2968:   14:}
        -:   15:
function newGame called 0 returned 0% blocks executed 0%
        -:   16:struct gameState* newGame() {
    #####:   17:  struct gameState* g = malloc(sizeof(struct gameState));
    #####:   18:  return g;
        -:   19:}
        -:   20:
function kingdomCards called 5 returned 100% blocks executed 100%
        -:   21:int* kingdomCards(int k1, int k2, int k3, int k4, int k5, int k6, int k7,
        -:   22:		  int k8, int k9, int k10) {
        5:   23:  int* k = malloc(10 * sizeof(int));
        5:   24:  k[0] = k1;
        5:   25:  k[1] = k2;
        5:   26:  k[2] = k3;
        5:   27:  k[3] = k4;
        5:   28:  k[4] = k5;
        5:   29:  k[5] = k6;
        5:   30:  k[6] = k7;
        5:   31:  k[7] = k8;
        5:   32:  k[8] = k9;
        5:   33:  k[9] = k10;
        5:   34:  return k;
        -:   35:}
        -:   36:
function initializeGame called 112 returned 100% blocks executed 94%
        -:   37:int initializeGame(int numPlayers, int kingdomCards[10], int randomSeed,
        -:   38:		   struct gameState *state) {
        -:   39:
        -:   40:  int i;
        -:   41:  int j;
        -:   42:  int it;			
        -:   43:  //set up random number generator
      112:   44:  SelectStream(1);
      112:   45:  PutSeed((long)randomSeed);
        -:   46:  
        -:   47:  //check number of players
      223:   48:  if (numPlayers > MAX_PLAYERS || numPlayers < 2)
branch  0 taken 99%
branch  1 taken 1%
branch  2 taken 42%
branch  3 taken 58%
        -:   49:    {
       48:   50:      return -1;
        -:   51:    }
        -:   52:
        -:   53:  //set number of players
       64:   54:  state->numPlayers = numPlayers;
        -:   55:
        -:   56:  //check selected kingdom cards are different
     1408:   57:  for (i = 0; i < 10; i++)
branch  0 taken 91%
branch  1 taken 9%
        -:   58:    {
    14080:   59:      for (j = 0; j < 10; j++)
branch  0 taken 91%
branch  1 taken 9%
        -:   60:        {
    12160:   61:	  if (j != i && kingdomCards[j] == kingdomCards[i])
branch  0 taken 90%
branch  1 taken 10%
branch  2 taken 0%
branch  3 taken 100%
        -:   62:	    {
    #####:   63:	      return -1;
        -:   64:	    }
     6400:   65:        }
      640:   66:    }
        -:   67:
        -:   68:
        -:   69:  //initialize supply
        -:   70:  ///////////////////////////////
        -:   71:
        -:   72:  //set number of Curse cards
       64:   73:  if (numPlayers == 2)
branch  0 taken 59%
branch  1 taken 41%
        -:   74:    {
       38:   75:      state->supplyCount[curse] = 10;
       38:   76:    }
       26:   77:  else if (numPlayers == 3)
branch  0 taken 100%
branch  1 taken 0%
        -:   78:    {
       26:   79:      state->supplyCount[curse] = 20;
       26:   80:    }
        -:   81:  else
        -:   82:    {
    #####:   83:      state->supplyCount[curse] = 30;
        -:   84:    }
        -:   85:
        -:   86:  //set number of Victory cards
       64:   87:  if (numPlayers == 2)
branch  0 taken 59%
branch  1 taken 41%
        -:   88:    {
       38:   89:      state->supplyCount[estate] = 8;
       38:   90:      state->supplyCount[duchy] = 8;
       38:   91:      state->supplyCount[province] = 8;
       38:   92:    }
        -:   93:  else
        -:   94:    {
       26:   95:      state->supplyCount[estate] = 12;
       26:   96:      state->supplyCount[duchy] = 12;
       26:   97:      state->supplyCount[province] = 12;
        -:   98:    }
        -:   99:
        -:  100:  //set number of Treasure cards
       64:  101:  state->supplyCount[copper] = 60 - (7 * numPlayers);
       64:  102:  state->supplyCount[silver] = 40;
       64:  103:  state->supplyCount[gold] = 30;
        -:  104:
        -:  105:  //set number of Kingdom cards
     2688:  106:  for (i = adventurer; i <= treasure_map; i++)       	//loop all cards
branch  0 taken 95%
branch  1 taken 5%
        -:  107:    {
    21120:  108:      for (j = 0; j < 10; j++)           		//loop chosen cards
branch  0 taken 94%
branch  1 taken 6%
        -:  109:	{
     9920:  110:	  if (kingdomCards[j] == i)
branch  0 taken 6%
branch  1 taken 94%
        -:  111:	    {
        -:  112:	      //check if card is a 'Victory' Kingdom card
     1274:  113:	      if (kingdomCards[j] == great_hall || kingdomCards[j] == gardens)
branch  0 taken 99%
branch  1 taken 1%
branch  2 taken 1%
branch  3 taken 99%
        -:  114:		{
       12:  115:		  if (numPlayers == 2){ 
branch  0 taken 100%
branch  1 taken 0%
       12:  116:		    state->supplyCount[i] = 8; 
       12:  117:		  }
    #####:  118:		  else{ state->supplyCount[i] = 12; }
       12:  119:		}
        -:  120:	      else
        -:  121:		{
      628:  122:		  state->supplyCount[i] = 10;
        -:  123:		}
      640:  124:	      break;
        -:  125:	    }
        -:  126:	  else    //card is not in the set choosen for the game
        -:  127:	    {
     9280:  128:	      state->supplyCount[i] = -1;
        -:  129:	    }
     9280:  130:	}
        -:  131:
     1280:  132:    }
        -:  133:
        -:  134:  ////////////////////////
        -:  135:  //supply intilization complete
        -:  136:
        -:  137:  //set player decks
      436:  138:  for (i = 0; i < numPlayers; i++)
branch  0 taken 71%
branch  1 taken 29%
        -:  139:    {
      154:  140:      state->deckCount[i] = 0;
     1232:  141:      for (j = 0; j < 3; j++)
branch  0 taken 75%
branch  1 taken 25%
        -:  142:	{
      462:  143:	  state->deck[i][j] = estate;
      462:  144:	  state->deckCount[i]++;
      462:  145:	}
     2464:  146:      for (j = 3; j < 10; j++)
branch  0 taken 88%
branch  1 taken 13%
        -:  147:	{
     1078:  148:	  state->deck[i][j] = copper;
     1078:  149:	  state->deckCount[i]++;		
     1078:  150:	}
      154:  151:    }
        -:  152:
        -:  153:  //shuffle player decks
      436:  154:  for (i = 0; i < numPlayers; i++)
branch  0 taken 71%
branch  1 taken 29%
        -:  155:    {
      154:  156:      if ( shuffle(i, state) < 0 )
branch  0 taken 0%
branch  1 taken 100%
        -:  157:	{
    #####:  158:	  return -1;
        -:  159:	}
      154:  160:    }
        -:  161:
        -:  162:  //draw player hands
      436:  163:  for (i = 0; i < numPlayers; i++)
branch  0 taken 71%
branch  1 taken 29%
        -:  164:    {  
        -:  165:      //initialize hand size to zero
      154:  166:      state->handCount[i] = 0;
      154:  167:      state->discardCount[i] = 0;
        -:  168:      //draw 5 cards
        -:  169:      // for (j = 0; j < 5; j++)
        -:  170:      //	{
        -:  171:      //	  drawCard(i, state);
        -:  172:      //	}
      154:  173:    }
        -:  174:  
        -:  175:  //set embargo tokens to 0 for all supply piles
     3584:  176:  for (i = 0; i <= treasure_map; i++)
branch  0 taken 96%
branch  1 taken 4%
        -:  177:    {
     1728:  178:      state->embargoTokens[i] = 0;
     1728:  179:    }
        -:  180:
        -:  181:  //initialize first player's turn
       64:  182:  state->outpostPlayed = 0;
       64:  183:  state->phase = 0;
       64:  184:  state->numActions = 1;
       64:  185:  state->numBuys = 1;
       64:  186:  state->playedCardCount = 0;
       64:  187:  state->whoseTurn = 0;
       64:  188:  state->handCount[state->whoseTurn] = 0;
        -:  189:  //int it; move to top
        -:  190:
        -:  191:  //Moved draw cards to here, only drawing at the start of a turn
      768:  192:  for (it = 0; it < 5; it++){
branch  0 taken 83%
branch  1 taken 17%
      320:  193:    drawCard(state->whoseTurn, state);
      320:  194:  }
        -:  195:
       64:  196:  updateCoins(state->whoseTurn, state, 0);
        -:  197:
       64:  198:  return 0;
      112:  199:}
        -:  200:
function shuffle called 158 returned 100% blocks executed 100%
        -:  201:int shuffle(int player, struct gameState *state) {
        -:  202: 
        -:  203:
        -:  204:  int newDeck[MAX_DECK];
      158:  205:  int newDeckPos = 0;
        -:  206:  int card;
        -:  207:  int i;
        -:  208:
      158:  209:  if (state->deckCount[player] < 1)
branch  0 taken 2%
branch  1 taken 98%
        3:  210:    return -1;
      155:  211:  qsort ((void*)(state->deck[player]), state->deckCount[player], sizeof(int), compare); 
        -:  212:  /* SORT CARDS IN DECK TO ENSURE DETERMINISM! */
        -:  213:
     3768:  214:  while (state->deckCount[player] > 0) {
branch  0 taken 92%
branch  1 taken 8%
     1729:  215:    card = floor(Random() * state->deckCount[player]);
     1729:  216:    newDeck[newDeckPos] = state->deck[player][card];
     1729:  217:    newDeckPos++;
    28196:  218:    for (i = card; i < state->deckCount[player]-1; i++) {
branch  0 taken 88%
branch  1 taken 12%
    12369:  219:      state->deck[player][i] = state->deck[player][i+1];
    12369:  220:    }
     1729:  221:    state->deckCount[player]--;
        -:  222:  }
     3768:  223:  for (i = 0; i < newDeckPos; i++) {
branch  0 taken 92%
branch  1 taken 8%
     1729:  224:    state->deck[player][i] = newDeck[i];
     1729:  225:    state->deckCount[player]++;
     1729:  226:  }
        -:  227:
      155:  228:  return 0;
      158:  229:}
        -:  230:
function playCard called 0 returned 0% blocks executed 0%
        -:  231:int playCard(int handPos, int choice1, int choice2, int choice3, struct gameState *state) 
        -:  232:{	
        -:  233:  int card;
    #####:  234:  int coin_bonus = 0; 		//tracks coins gain from actions
        -:  235:
        -:  236:  //check if it is the right phase
    #####:  237:  if (state->phase != 0)
branch  0 never executed
branch  1 never executed
        -:  238:    {
    #####:  239:      return -1;
        -:  240:    }
        -:  241:	
        -:  242:  //check if player has enough actions
    #####:  243:  if ( state->numActions < 1 )
branch  0 never executed
branch  1 never executed
        -:  244:    {
    #####:  245:      return -1;
        -:  246:    }
        -:  247:	
        -:  248:  //get card played
    #####:  249:  card = handCard(handPos, state);
        -:  250:	
        -:  251:  //check if selected card is an action
    #####:  252:  if ( card < adventurer || card > treasure_map )
branch  0 never executed
branch  1 never executed
branch  2 never executed
branch  3 never executed
        -:  253:    {
    #####:  254:      return -1;
        -:  255:    }
        -:  256:	
        -:  257:  //play card
    #####:  258:  if ( cardEffect(card, choice1, choice2, choice3, state, handPos, &coin_bonus) < 0 )
branch  0 never executed
branch  1 never executed
        -:  259:    {
    #####:  260:      return -1;
        -:  261:    }
        -:  262:	
        -:  263:  //reduce number of actions
    #####:  264:  state->numActions--;
        -:  265:
        -:  266:  //update coins (Treasure cards may be added with card draws)
    #####:  267:  updateCoins(state->whoseTurn, state, coin_bonus);
        -:  268:	
    #####:  269:  return 0;
    #####:  270:}
        -:  271:
function buyCard called 0 returned 0% blocks executed 0%
        -:  272:int buyCard(int supplyPos, struct gameState *state) {
        -:  273:  int who;
        -:  274:  if (DEBUG){
        -:  275:    printf("Entering buyCard...\n");
        -:  276:  }
        -:  277:
        -:  278:  // I don't know what to do about the phase thing.
        -:  279:
    #####:  280:  who = state->whoseTurn;
        -:  281:
    #####:  282:  if (state->numBuys < 1){
branch  0 never executed
branch  1 never executed
        -:  283:    if (DEBUG)
        -:  284:      printf("You do not have any buys left\n");
    #####:  285:    return -1;
    #####:  286:  } else if (supplyCount(supplyPos, state) <1){
branch  0 never executed
branch  1 never executed
        -:  287:    if (DEBUG)
        -:  288:      printf("There are not any of that type of card left\n");
    #####:  289:    return -1;
    #####:  290:  } else if (state->coins < getCost(supplyPos)){
branch  0 never executed
branch  1 never executed
        -:  291:    if (DEBUG) 
        -:  292:      printf("You do not have enough money to buy that. You have %d coins.\n", state->coins);
    #####:  293:    return -1;
        -:  294:  } else {
    #####:  295:    state->phase=1;
        -:  296:    //state->supplyCount[supplyPos]--;
    #####:  297:    gainCard(supplyPos, state, 0, who); //card goes in discard, this might be wrong.. (2 means goes into hand, 0 goes into discard)
        -:  298:  
    #####:  299:    state->coins = (state->coins) - (getCost(supplyPos));
    #####:  300:    state->numBuys--;
        -:  301:    if (DEBUG)
        -:  302:      printf("You bought card number %d for %d coins. You now have %d buys and %d coins.\n", supplyPos, getCost(supplyPos), state->numBuys, state->coins);
        -:  303:  }
        -:  304:
        -:  305:  //state->discard[who][state->discardCount[who]] = supplyPos;
        -:  306:  //state->discardCount[who]++;
        -:  307:    
    #####:  308:  return 0;
    #####:  309:}
        -:  310:
function numHandCards called 10 returned 100% blocks executed 100%
        -:  311:int numHandCards(struct gameState *state) {
       10:  312:  return state->handCount[ whoseTurn(state) ];
        -:  313:}
        -:  314:
function handCard called 0 returned 0% blocks executed 0%
        -:  315:int handCard(int handPos, struct gameState *state) {
    #####:  316:  int currentPlayer = whoseTurn(state);
    #####:  317:  return state->hand[currentPlayer][handPos];
        -:  318:}
        -:  319:
function supplyCount called 0 returned 0% blocks executed 0%
        -:  320:int supplyCount(int card, struct gameState *state) {
    #####:  321:  return state->supplyCount[card];
        -:  322:}
        -:  323:
function fullDeckCount called 14 returned 100% blocks executed 100%
        -:  324:int fullDeckCount(int player, int card, struct gameState *state) {
        -:  325:  int i;
       14:  326:  int count = 0;
        -:  327:
       76:  328:  for (i = 0; i < state->deckCount[player]; i++)
branch  0 taken 63%
branch  1 taken 37%
        -:  329:    {
       30:  330:      if (state->deck[player][i] == card) count++;
branch  0 taken 25%
branch  1 taken 75%
       24:  331:    }
        -:  332:
       88:  333:  for (i = 0; i < state->handCount[player]; i++)
branch  0 taken 68%
branch  1 taken 32%
        -:  334:    {
       37:  335:      if (state->hand[player][i] == card) count++;
branch  0 taken 23%
branch  1 taken 77%
       30:  336:    }
        -:  337:
       88:  338:  for (i = 0; i < state->discardCount[player]; i++)
branch  0 taken 68%
branch  1 taken 32%
        -:  339:    {
       37:  340:      if (state->discard[player][i] == card) count++;
branch  0 taken 23%
branch  1 taken 77%
       30:  341:    }
        -:  342:
       14:  343:  return count;
        -:  344:}
        -:  345:
function whoseTurn called 120 returned 100% blocks executed 100%
        -:  346:int whoseTurn(struct gameState *state) {
      120:  347:  return state->whoseTurn;
        -:  348:}
        -:  349:
function endTurn called 0 returned 0% blocks executed 0%
        -:  350:int endTurn(struct gameState *state) {
        -:  351:  int k;
        -:  352:  int i;
    #####:  353:  int currentPlayer = whoseTurn(state);
        -:  354:  
        -:  355:  //Discard hand
    #####:  356:  for (i = 0; i < state->handCount[currentPlayer]; i++){
branch  0 never executed
branch  1 never executed
    #####:  357:    state->discard[currentPlayer][state->discardCount[currentPlayer]++] = state->hand[currentPlayer][i];//Discard
    #####:  358:    state->hand[currentPlayer][i] = -1;//Set card to -1
    #####:  359:  }
    #####:  360:  state->handCount[currentPlayer] = 0;//Reset hand count
        -:  361:    
        -:  362:  //Code for determining the player
    #####:  363:  if (currentPlayer < (state->numPlayers - 1)){ 
branch  0 never executed
branch  1 never executed
    #####:  364:    state->whoseTurn = currentPlayer + 1;//Still safe to increment
    #####:  365:  }
        -:  366:  else{
    #####:  367:    state->whoseTurn = 0;//Max player has been reached, loop back around to player 1
        -:  368:  }
        -:  369:
    #####:  370:  state->outpostPlayed = 0;
    #####:  371:  state->phase = 0;
    #####:  372:  state->numActions = 1;
    #####:  373:  state->coins = 0;
    #####:  374:  state->numBuys = 1;
    #####:  375:  state->playedCardCount = 0;
    #####:  376:  state->handCount[state->whoseTurn] = 0;
        -:  377:
        -:  378:  //int k; move to top
        -:  379:  //Next player draws hand
    #####:  380:  for (k = 0; k < 5; k++){
branch  0 never executed
branch  1 never executed
    #####:  381:    drawCard(state->whoseTurn, state);//Draw a card
    #####:  382:  }
        -:  383:
        -:  384:  //Update money
    #####:  385:  updateCoins(state->whoseTurn, state , 0);
        -:  386:
    #####:  387:  return 0;
        -:  388:}
        -:  389:
function isGameOver called 0 returned 0% blocks executed 0%
        -:  390:int isGameOver(struct gameState *state) {
        -:  391:  int i;
        -:  392:  int j;
        -:  393:	
        -:  394:  //if stack of Province cards is empty, the game ends
    #####:  395:  if (state->supplyCount[province] == 0)
branch  0 never executed
branch  1 never executed
        -:  396:    {
    #####:  397:      return 1;
        -:  398:    }
        -:  399:
        -:  400:  //if three supply pile are at 0, the game ends
    #####:  401:  j = 0;
    #####:  402:  for (i = 0; i < 25; i++)
branch  0 never executed
branch  1 never executed
        -:  403:    {
    #####:  404:      if (state->supplyCount[i] == 0)
branch  0 never executed
branch  1 never executed
        -:  405:	{
    #####:  406:	  j++;
    #####:  407:	}
    #####:  408:    }
    #####:  409:  if ( j >= 3)
branch  0 never executed
branch  1 never executed
        -:  410:    {
    #####:  411:      return 1;
        -:  412:    }
        -:  413:
    #####:  414:  return 0;
    #####:  415:}
        -:  416:
function scoreFor called 5 returned 100% blocks executed 90%
        -:  417:int scoreFor (int player, struct gameState *state) {
        -:  418:
        -:  419:  int i;
        5:  420:  int score = 0;
        -:  421:  //score from hand
       42:  422:  for (i = 0; i < state->handCount[player]; i++)
branch  0 taken 76%
branch  1 taken 24%
        -:  423:    {
       17:  424:      if (state->hand[player][i] == curse) { score = score - 1; };
branch  0 taken 6%
branch  1 taken 94%
       17:  425:      if (state->hand[player][i] == estate) { score = score + 1; };
branch  0 taken 6%
branch  1 taken 94%
       17:  426:      if (state->hand[player][i] == duchy) { score = score + 3; };
branch  0 taken 6%
branch  1 taken 94%
       17:  427:      if (state->hand[player][i] == province) { score = score + 6; };
branch  0 taken 6%
branch  1 taken 94%
       18:  428:      if (state->hand[player][i] == great_hall) { score = score + 1; };
branch  0 taken 13%
branch  1 taken 88%
       17:  429:      if (state->hand[player][i] == gardens) { score = score + ( fullDeckCount(player, 0, state) / 10 ); };
branch  0 taken 6%
branch  1 taken 94%
       16:  430:    }
        -:  431:
        -:  432:  //score from discard
       22:  433:  for (i = 0; i < state->discardCount[player]; i++)
branch  0 taken 55%
branch  1 taken 45%
        -:  434:    {
        7:  435:      if (state->discard[player][i] == curse) { score = score - 1; };
branch  0 taken 17%
branch  1 taken 83%
        7:  436:      if (state->discard[player][i] == estate) { score = score + 1; };
branch  0 taken 17%
branch  1 taken 83%
        7:  437:      if (state->discard[player][i] == duchy) { score = score + 3; };
branch  0 taken 17%
branch  1 taken 83%
        7:  438:      if (state->discard[player][i] == province) { score = score + 6; };
branch  0 taken 17%
branch  1 taken 83%
        7:  439:      if (state->discard[player][i] == great_hall) { score = score + 1; };
branch  0 taken 17%
branch  1 taken 83%
        7:  440:      if (state->discard[player][i] == gardens) { score = score + ( fullDeckCount(player, 0, state) / 10 ); };
branch  0 taken 17%
branch  1 taken 83%
        6:  441:    }
        -:  442:
        -:  443:  //score from deck
       22:  444:  for (i = 0; i < state->discardCount[player]; i++)
branch  0 taken 55%
branch  1 taken 45%
        -:  445:    {
        6:  446:      if (state->deck[player][i] == curse) { score = score - 1; };
branch  0 taken 0%
branch  1 taken 100%
        8:  447:      if (state->deck[player][i] == estate) { score = score + 1; };
branch  0 taken 33%
branch  1 taken 67%
        6:  448:      if (state->deck[player][i] == duchy) { score = score + 3; };
branch  0 taken 0%
branch  1 taken 100%
        6:  449:      if (state->deck[player][i] == province) { score = score + 6; };
branch  0 taken 0%
branch  1 taken 100%
        6:  450:      if (state->deck[player][i] == great_hall) { score = score + 1; };
branch  0 taken 0%
branch  1 taken 100%
        6:  451:      if (state->deck[player][i] == gardens) { score = score + ( fullDeckCount(player, 0, state) / 10 ); };
branch  0 taken 0%
branch  1 taken 100%
        6:  452:    }
        -:  453:
        5:  454:  return score;
        -:  455:}
        -:  456:
function getWinners called 0 returned 0% blocks executed 0%
        -:  457:int getWinners(int players[MAX_PLAYERS], struct gameState *state) {
        -:  458:  int i;	
        -:  459:  int j;
        -:  460:  int highScore;
        -:  461:  int currentPlayer;
        -:  462:
        -:  463:  //get score for each player
    #####:  464:  for (i = 0; i < MAX_PLAYERS; i++)
branch  0 never executed
branch  1 never executed
        -:  465:    {
        -:  466:      //set unused player scores to -9999
    #####:  467:      if (i >= state->numPlayers)
branch  0 never executed
branch  1 never executed
        -:  468:	{
    #####:  469:	  players[i] = -9999;
    #####:  470:	}
        -:  471:      else
        -:  472:	{
    #####:  473:	  players[i] = scoreFor (i, state);
        -:  474:	}
    #####:  475:    }
        -:  476:
        -:  477:  //find highest score
    #####:  478:  j = 0;
    #####:  479:  for (i = 0; i < MAX_PLAYERS; i++)
branch  0 never executed
branch  1 never executed
        -:  480:    {
    #####:  481:      if (players[i] > players[j])
branch  0 never executed
branch  1 never executed
        -:  482:	{
    #####:  483:	  j = i;
    #####:  484:	}
    #####:  485:    }
    #####:  486:  highScore = players[j];
        -:  487:
        -:  488:  //add 1 to players who had less turns
    #####:  489:  currentPlayer = whoseTurn(state);
    #####:  490:  for (i = 0; i < MAX_PLAYERS; i++)
branch  0 never executed
branch  1 never executed
        -:  491:    {
    #####:  492:      if ( players[i] == highScore && i > currentPlayer )
branch  0 never executed
branch  1 never executed
branch  2 never executed
branch  3 never executed
        -:  493:	{
    #####:  494:	  players[i]++;
    #####:  495:	}
    #####:  496:    }
        -:  497:
        -:  498:  //find new highest score
    #####:  499:  j = 0;
    #####:  500:  for (i = 0; i < MAX_PLAYERS; i++)
branch  0 never executed
branch  1 never executed
        -:  501:    {
    #####:  502:      if ( players[i] > players[j] )
branch  0 never executed
branch  1 never executed
        -:  503:	{
    #####:  504:	  j = i;
    #####:  505:	}
    #####:  506:    }
    #####:  507:  highScore = players[j];
        -:  508:
        -:  509:  //set winners in array to 1 and rest to 0
    #####:  510:  for (i = 0; i < MAX_PLAYERS; i++)
branch  0 never executed
branch  1 never executed
        -:  511:    {
    #####:  512:      if ( players[i] == highScore )
branch  0 never executed
branch  1 never executed
        -:  513:	{
    #####:  514:	  players[i] = 1;
    #####:  515:	}
        -:  516:      else
        -:  517:	{
    #####:  518:	  players[i] = 0;
        -:  519:	}
    #####:  520:    }
        -:  521:
    #####:  522:  return 0;
        -:  523:}
        -:  524:
function drawCard called 738 returned 100% blocks executed 100%
        -:  525:int drawCard(int player, struct gameState *state)
        -:  526:{	int count;
        -:  527:  int deckCounter;
      738:  528:  if (state->deckCount[player] <= 0){//Deck is empty
branch  0 taken 1%
branch  1 taken 99%
        -:  529:    
        -:  530:    //Step 1 Shuffle the discard pile back into a deck
        -:  531:    int i;
        -:  532:    //Move discard to deck
      382:  533:    for (i = 0; i < state->discardCount[player];i++){
branch  0 taken 99%
branch  1 taken 1%
      189:  534:      state->deck[player][i] = state->discard[player][i];
      189:  535:      state->discard[player][i] = -1;
      189:  536:    }
        -:  537:
        2:  538:    state->deckCount[player] = state->discardCount[player];
        2:  539:    state->discardCount[player] = 0;//Reset discard
        -:  540:
        -:  541:    //Shufffle the deck
        2:  542:    shuffle(player, state);//Shuffle the deck up and make it so that we can draw
        -:  543:   
        -:  544:    if (DEBUG){//Debug statements
        -:  545:      printf("Deck count now: %d\n", state->deckCount[player]);
        -:  546:    }
        -:  547:    
        2:  548:    state->discardCount[player] = 0;
        -:  549:
        -:  550:    //Step 2 Draw Card
        2:  551:    count = state->handCount[player];//Get current player's hand count
        -:  552:    
        -:  553:    if (DEBUG){//Debug statements
        -:  554:      printf("Current hand count: %d\n", count);
        -:  555:    }
        -:  556:    
        2:  557:    deckCounter = state->deckCount[player];//Create a holder for the deck count
        -:  558:
        2:  559:    if (deckCounter == 0)
branch  0 taken 50%
branch  1 taken 50%
        1:  560:      return -1;
        -:  561:
        1:  562:    state->hand[player][count] = state->deck[player][deckCounter - 1];//Add card to hand
        1:  563:    state->deckCount[player]--;
        1:  564:    state->handCount[player]++;//Increment hand count
        1:  565:  }
        -:  566:
        -:  567:  else{
      736:  568:    int count = state->handCount[player];//Get current hand count for player
        -:  569:    int deckCounter;
        -:  570:    if (DEBUG){//Debug statements
        -:  571:      printf("Current hand count: %d\n", count);
        -:  572:    }
        -:  573:
      736:  574:    deckCounter = state->deckCount[player];//Create holder for the deck count
      736:  575:    state->hand[player][count] = state->deck[player][deckCounter - 1];//Add card to the hand
      736:  576:    state->deckCount[player]--;
      736:  577:    state->handCount[player]++;//Increment hand count
        -:  578:  }
        -:  579:
      737:  580:  return 0;
      738:  581:}
        -:  582:
function getCost called 0 returned 0% blocks executed 0%
        -:  583:int getCost(int cardNumber)
        -:  584:{
    #####:  585:  switch( cardNumber ) 
branch  0 never executed
branch  1 never executed
branch  2 never executed
branch  3 never executed
branch  4 never executed
branch  5 never executed
branch  6 never executed
branch  7 never executed
branch  8 never executed
branch  9 never executed
branch 10 never executed
branch 11 never executed
branch 12 never executed
branch 13 never executed
branch 14 never executed
branch 15 never executed
branch 16 never executed
branch 17 never executed
branch 18 never executed
branch 19 never executed
branch 20 never executed
branch 21 never executed
branch 22 never executed
branch 23 never executed
branch 24 never executed
branch 25 never executed
branch 26 never executed
branch 27 never executed
        -:  586:    {
        -:  587:    case curse:
    #####:  588:      return 0;
        -:  589:    case estate:
    #####:  590:      return 2;
        -:  591:    case duchy:
    #####:  592:      return 5;
        -:  593:    case province:
    #####:  594:      return 8;
        -:  595:    case copper:
    #####:  596:      return 0;
        -:  597:    case silver:
    #####:  598:      return 3;
        -:  599:    case gold:
    #####:  600:      return 6;
        -:  601:    case adventurer:
    #####:  602:      return 6;
        -:  603:    case council_room:
    #####:  604:      return 5;
        -:  605:    case feast:
    #####:  606:      return 4;
        -:  607:    case gardens:
    #####:  608:      return 4;
        -:  609:    case mine:
    #####:  610:      return 5;
        -:  611:    case remodel:
    #####:  612:      return 4;
        -:  613:    case smithy:
    #####:  614:      return 4;
        -:  615:    case village:
    #####:  616:      return 3;
        -:  617:    case baron:
    #####:  618:      return 4;
        -:  619:    case great_hall:
    #####:  620:      return 3;
        -:  621:    case minion:
    #####:  622:      return 5;
        -:  623:    case steward:
    #####:  624:      return 3;
        -:  625:    case tribute:
    #####:  626:      return 5;
        -:  627:    case ambassador:
    #####:  628:      return 3;
        -:  629:    case cutpurse:
    #####:  630:      return 4;
        -:  631:    case embargo: 
    #####:  632:      return 2;
        -:  633:    case outpost:
    #####:  634:      return 5;
        -:  635:    case salvager:
    #####:  636:      return 4;
        -:  637:    case sea_hag:
    #####:  638:      return 4;
        -:  639:    case treasure_map:
    #####:  640:      return 4;
        -:  641:    }
        -:  642:	
    #####:  643:  return -1;
    #####:  644:}
        -:  645:
        -:  646:
        -:  647:/********************************************************
        -:  648:******** START OF SEPARATE CARD IMPLEMENTATIONS *********
        -:  649:********************************************************/
        -:  650:
        -:  651://Card 1: Adventurer Card
function adventurerCard called 4 returned 100% blocks executed 100%
        -:  652:int adventurerCard(struct gameState *state, int currentPlayer){
        4:  653:	int drawntreasure=0;
        -:  654:	int cardDrawn;
        -:  655:	int temphand[MAX_HAND];
        4:  656:	int z=0;
        -:  657:	
      628:  658:	while(drawntreasure<2){
branch  0 taken 99%
branch  1 taken 1%
        -:  659:		
        -:  660:		//if the deck is empty we need to shuffle discard and add to deck
      310:  661:		if (state->deckCount[currentPlayer] <1){
branch  0 taken 1%
branch  1 taken 99%
        2:  662:		shuffle(currentPlayer, state);
        2:  663:		}
        -:  664:		
      310:  665:		drawCard(currentPlayer, state);
        -:  666:		//top card of hand is most recently drawn card.
      310:  667:		cardDrawn = state->hand[currentPlayer][state->handCount[currentPlayer]-1];
        -:  668:		
      914:  669:		if (cardDrawn == copper || cardDrawn == silver || cardDrawn == gold)
branch  0 taken 97%
branch  1 taken 3%
branch  2 taken 100%
branch  3 taken 0%
branch  4 taken 0%
branch  5 taken 100%
        8:  670:		  drawntreasure++;
        -:  671:		else{
      302:  672:		  temphand[z]=cardDrawn;
        -:  673:		  //this should just remove the top card (the most recently drawn one).
      302:  674:		  state->handCount[currentPlayer]--; 
      302:  675:		  z++;
        -:  676:		}
        -:  677:	}
        -:  678:	
        -:  679:	
        -:  680:	//BUG INTRODUCED HERE
        -:  681:	//ORIGINAL LINE: 'while(z-1>=0){'
      620:  682:	while(z>=0){
branch  0 taken 99%
branch  1 taken 1%
        -:  683:		// discard all cards in play that have been drawn
      306:  684:		state->discard[currentPlayer][state->discardCount[currentPlayer]++]=temphand[z-1]; 
      306:  685:		z=z-1;
        -:  686:	}
        4:  687:	return 0;
        -:  688:	
        -:  689:}
        -:  690:
        -:  691://Card 2: Smithy Card
function smithyCard called 2 returned 100% blocks executed 100%
        -:  692:int smithyCard(struct gameState *state, int currentPlayer, int handPos){
        -:  693:	int i;
        -:  694:	//+3 Cards
        -:  695:	//BUG INTRODUCED HERE
        -:  696:	//ORIGINAL LINE: 'for (i = 0; i < 3; i++){'
       12:  697:	for (i = 0; i < 2; i++){
branch  0 taken 67%
branch  1 taken 33%
        4:  698:		drawCard(currentPlayer, state);
        4:  699:	}
        -:  700:		
        -:  701:	//discard card from hand
        2:  702:	discardCard(handPos, currentPlayer, state, 0);
        2:  703:	return 0;
        -:  704:}
        -:  705:
        -:  706://Card 3: Mine Card
function mineCard called 0 returned 0% blocks executed 0%
        -:  707:int mineCard(struct gameState *state, int currentPlayer, int choice1, int choice2, int handPos){
        -:  708:	int i;
        -:  709:	int j;
        -:  710:	
        -:  711:	//store card we will trash
    #####:  712:	j = state->hand[currentPlayer][choice1];
        -:  713:
    #####:  714:	if (state->hand[currentPlayer][choice1] < copper || state->hand[currentPlayer][choice1] > gold){
branch  0 never executed
branch  1 never executed
branch  2 never executed
branch  3 never executed
    #####:  715:		return -1;
        -:  716:	}
        -:  717:	
        -:  718:	//BUG INTRODUCED HERE
        -:  719:	//ORIGINAL LINE: 'if (choice2 > treasure_map || choice2 < curse){'
    #####:  720:	if (choice2 > treasure_map && choice2 < curse){
branch  0 never executed
branch  1 never executed
branch  2 never executed
branch  3 never executed
    #####:  721:		return -1;
        -:  722:	}
        -:  723:
    #####:  724:	if ( (getCost(state->hand[currentPlayer][choice1]) + 3) > getCost(choice2) ){
branch  0 never executed
branch  1 never executed
    #####:  725:		return -1;
        -:  726:	}
        -:  727:
    #####:  728:	gainCard(choice2, state, 2, currentPlayer);
        -:  729:
        -:  730:	//discard card from hand
    #####:  731:	discardCard(handPos, currentPlayer, state, 0);
        -:  732:
        -:  733:	//discard trashed card
    #####:  734:	for (i = 0; i < state->handCount[currentPlayer]; i++){
branch  0 never executed
branch  1 never executed
    #####:  735:	if (state->hand[currentPlayer][i] == j){
branch  0 never executed
branch  1 never executed
    #####:  736:		discardCard(i, currentPlayer, state, 0);			
    #####:  737:		break;
        -:  738:		}
    #####:  739:	}
        -:  740:			
    #####:  741:	return 0;
    #####:  742:}
        -:  743:
        -:  744://Card 4: Village Card
function villageCard called 53 returned 100% blocks executed 100%
        -:  745:int villageCard(struct gameState *state, int currentPlayer, int handPos){
        -:  746:	//+1 Card
       53:  747:	drawCard(currentPlayer, state);
        -:  748:		
        -:  749:	//+2 Actions
       53:  750:	state->numActions = state->numActions + 2;
        -:  751:		
        -:  752:	//discard played card from hand
       53:  753:	discardCard(handPos, currentPlayer, state, 0);
       53:  754:	return 0;
        -:  755:}
        -:  756:
        -:  757://Card 5: Catpurse Card
function catpurseCard called 0 returned 0% blocks executed 0%
        -:  758:int catpurseCard(struct gameState *state, int currentPlayer, int handPos){
        -:  759:	int i;
        -:  760:	int j;
        -:  761:	int k;
        -:  762:	
        -:  763:	//Update Coins for Buy
    #####:  764:	updateCoins(currentPlayer, state, 2);
        -:  765:	
        -:  766:	//Loop through all players
    #####:  767:	for (i = 0; i < state->numPlayers; i++){
branch  0 never executed
branch  1 never executed
        -:  768:		
        -:  769:		//BUG INTRODUCED HERE
        -:  770:		//ORIGINAL LINE: 'if (i != currentPlayer){'
    #####:  771:		if (i == currentPlayer){
branch  0 never executed
branch  1 never executed
        -:  772:			//For all other players, discard all copper from hand
    #####:  773:			for (j = 0; j < state->handCount[i]; j++){
branch  0 never executed
branch  1 never executed
    #####:  774:				if (state->hand[i][j] == copper){
branch  0 never executed
branch  1 never executed
    #####:  775:					discardCard(j, i, state, 0);
    #####:  776:					break;
        -:  777:				}
        -:  778:				
        -:  779:				//Debug statement to display all remaining cards in hand
        -:  780:				//to verify all copper has been removed
    #####:  781:				if (j == state->handCount[i]){
branch  0 never executed
branch  1 never executed
    #####:  782:					for (k = 0; k < state->handCount[i]; k++){
branch  0 never executed
branch  1 never executed
        -:  783:						if (DEBUG)
        -:  784:							printf("Player %d reveals card number %d\n", i, state->hand[i][k]);
    #####:  785:					}	
    #####:  786:					break;
        -:  787:				}
    #####:  788:			}
    #####:  789:		}	
    #####:  790:	}			
        -:  791:
        -:  792:	//discard played card from hand
    #####:  793:	discardCard(handPos, currentPlayer, state, 0);			
        -:  794:
    #####:  795:	return 0;
        -:  796:}
        -:  797:
        -:  798:/********************************************************
        -:  799:********* END OF SEPARATE CARD IMPLEMENTATIONS **********
        -:  800:********************************************************/
        -:  801:	
        -:  802:	
function cardEffect called 110 returned 100% blocks executed 4%
        -:  803:int cardEffect(int card, int choice1, int choice2, int choice3, struct gameState *state, int handPos, int *bonus)
        -:  804:{
        -:  805:  int i;
        -:  806:  int j;
        -:  807:  //int k; //No longer used with catpurse separated out
        -:  808:  int x;
        -:  809:  int index;
      110:  810:  int currentPlayer = whoseTurn(state);
      110:  811:  int nextPlayer = currentPlayer + 1;
        -:  812:
      110:  813:  int tributeRevealedCards[2] = {-1, -1};
        -:  814:  int temphand[MAX_HAND];// moved above the if statement
        -:  815:  //int drawntreasure=0; //No longer used with adventurer separated out
        -:  816:  //int cardDrawn; //No longer used with adventurer separated out
        -:  817:  //int z = 0;// this is the counter for the temp hand //No longer used with adventurer separated out
      110:  818:  if (nextPlayer > (state->numPlayers - 1)){
branch  0 taken 3%
branch  1 taken 97%
        3:  819:    nextPlayer = 0;
        3:  820:  }
        -:  821:  
        -:  822:	
        -:  823:  //uses switch to select card and perform actions
      110:  824:  switch( card ) 
branch  0 taken 4%
branch  1 taken 0%
branch  2 taken 0%
branch  3 taken 0%
branch  4 taken 0%
branch  5 taken 0%
branch  6 taken 2%
branch  7 taken 48%
branch  8 taken 0%
branch  9 taken 46%
branch 10 taken 0%
branch 11 taken 0%
branch 12 taken 0%
branch 13 taken 0%
branch 14 taken 0%
branch 15 taken 0%
branch 16 taken 0%
branch 17 taken 0%
branch 18 taken 0%
branch 19 taken 0%
branch 20 taken 0%
        -:  825:    {
        -:  826:		
        -:  827:	/********************************************************
        -:  828:	*********************************************************
        -:  829:	********************************************************/
        -:  830:    case adventurer: 
        -:  831:		/*while(drawntreasure<2){
        -:  832:			//if the deck is empty we need to shuffle discard and add to deck
        -:  833:			if (state->deckCount[currentPlayer] <1){
        -:  834:			shuffle(currentPlayer, state);
        -:  835:			}
        -:  836:			drawCard(currentPlayer, state);
        -:  837:			
        -:  838:			//top card of hand is most recently drawn card.
        -:  839:			cardDrawn = state->hand[currentPlayer][state->handCount[currentPlayer]-1];
        -:  840:			if (cardDrawn == copper || cardDrawn == silver || cardDrawn == gold)
        -:  841:			  drawntreasure++;
        -:  842:			else{
        -:  843:			  temphand[z]=cardDrawn;
        -:  844:			  //this should just remove the top card (the most recently drawn one).
        -:  845:			  state->handCount[currentPlayer]--; 
        -:  846:			  z++;
        -:  847:			}
        -:  848:		}
        -:  849:		while(z-1>=0){
        -:  850:			// discard all cards in play that have been drawn
        -:  851:			state->discard[currentPlayer][state->discardCount[currentPlayer]++]=temphand[z-1]; 
        -:  852:			z=z-1;
        -:  853:		}
        -:  854:		return 0; */
        -:  855:		
        -:  856:		//Adventurer card moved to separated implementation (above this function)
        -:  857:		//Original code commented out above for preservation/reference
        4:  858:		return adventurerCard(state, currentPlayer);
        -:  859:		
        -:  860:	/********************************************************
        -:  861:	*********************************************************
        -:  862:	********************************************************/
        -:  863:	
        -:  864:    case council_room:
        -:  865:		  //+4 Cards
    #####:  866:		  for (i = 0; i < 4; i++)
branch  0 never executed
branch  1 never executed
        -:  867:		{
    #####:  868:		  drawCard(currentPlayer, state);
    #####:  869:		}
        -:  870:				
        -:  871:		  //+1 Buy
    #####:  872:		  state->numBuys++;
        -:  873:				
        -:  874:		  //Each other player draws a card
    #####:  875:		  for (i = 0; i < state->numPlayers; i++)
branch  0 never executed
branch  1 never executed
        -:  876:		{
    #####:  877:		  if ( i != currentPlayer )
branch  0 never executed
branch  1 never executed
        -:  878:			{
    #####:  879:			  drawCard(i, state);
    #####:  880:			}
    #####:  881:		}
        -:  882:				
        -:  883:		  //put played card in played card pile
    #####:  884:		  discardCard(handPos, currentPlayer, state, 0);
        -:  885:				
    #####:  886:		  return 0;
        -:  887:			
        -:  888:    case feast:
        -:  889:		  //gain card with cost up to 5
        -:  890:		  //Backup hand
    #####:  891:		  for (i = 0; i <= state->handCount[currentPlayer]; i++){
branch  0 never executed
branch  1 never executed
    #####:  892:		temphand[i] = state->hand[currentPlayer][i];//Backup card
    #####:  893:		state->hand[currentPlayer][i] = -1;//Set to nothing
    #####:  894:		  }
        -:  895:		  //Backup hand
        -:  896:
        -:  897:		  //Update Coins for Buy
    #####:  898:		  updateCoins(currentPlayer, state, 5);
    #####:  899:		  x = 1;//Condition to loop on
    #####:  900:		  while( x == 1) {//Buy one card
branch  0 never executed
branch  1 never executed
    #####:  901:		if (supplyCount(choice1, state) <= 0){
branch  0 never executed
branch  1 never executed
        -:  902:		  if (DEBUG)
        -:  903:			printf("None of that card left, sorry!\n");
        -:  904:
        -:  905:		  if (DEBUG){
        -:  906:			printf("Cards Left: %d\n", supplyCount(choice1, state));
        -:  907:		  }
    #####:  908:		}
    #####:  909:		else if (state->coins < getCost(choice1)){
branch  0 never executed
branch  1 never executed
    #####:  910:		  printf("That card is too expensive!\n");
        -:  911:
        -:  912:		  if (DEBUG){
        -:  913:			printf("Coins: %d < %d\n", state->coins, getCost(choice1));
        -:  914:		  }
    #####:  915:		}
        -:  916:		else{
        -:  917:
        -:  918:		  if (DEBUG){
        -:  919:			printf("Deck Count: %d\n", state->handCount[currentPlayer] + state->deckCount[currentPlayer] + state->discardCount[currentPlayer]);
        -:  920:		  }
        -:  921:
    #####:  922:		  gainCard(choice1, state, 0, currentPlayer);//Gain the card
    #####:  923:		  x = 0;//No more buying cards
        -:  924:
        -:  925:		  if (DEBUG){
        -:  926:			printf("Deck Count: %d\n", state->handCount[currentPlayer] + state->deckCount[currentPlayer] + state->discardCount[currentPlayer]);
        -:  927:		  }
        -:  928:
        -:  929:		}
        -:  930:		  }     
        -:  931:
        -:  932:		  //Reset Hand
    #####:  933:		  for (i = 0; i <= state->handCount[currentPlayer]; i++){
branch  0 never executed
branch  1 never executed
    #####:  934:		state->hand[currentPlayer][i] = temphand[i];
    #####:  935:		temphand[i] = -1;
    #####:  936:		  }
        -:  937:		  //Reset Hand
        -:  938:					
    #####:  939:		  return 0;
        -:  940:			
        -:  941:    case gardens:
    #####:  942:      return -1;
        -:  943:	
        -:  944:	
        -:  945:	/********************************************************
        -:  946:	*********************************************************
        -:  947:	********************************************************/
        -:  948:    case mine:
        -:  949:		/*j = state->hand[currentPlayer][choice1];  //store card we will trash
        -:  950:
        -:  951:		if (state->hand[currentPlayer][choice1] < copper || state->hand[currentPlayer][choice1] > gold){
        -:  952:			return -1;
        -:  953:		}
        -:  954:			
        -:  955:		if (choice2 > treasure_map || choice2 < curse){
        -:  956:			return -1;
        -:  957:		}
        -:  958:
        -:  959:		if ( (getCost(state->hand[currentPlayer][choice1]) + 3) > getCost(choice2) ){
        -:  960:			return -1;
        -:  961:		}
        -:  962:
        -:  963:		gainCard(choice2, state, 2, currentPlayer);
        -:  964:
        -:  965:		//discard card from hand
        -:  966:		discardCard(handPos, currentPlayer, state, 0);
        -:  967:
        -:  968:		//discard trashed card
        -:  969:		for (i = 0; i < state->handCount[currentPlayer]; i++){
        -:  970:		if (state->hand[currentPlayer][i] == j){
        -:  971:			discardCard(i, currentPlayer, state, 0);			
        -:  972:			break;
        -:  973:			}
        -:  974:		}
        -:  975:				
        -:  976:		return 0;*/
        -:  977:		
        -:  978:		//Mine card moved to separated implementation (above this function)
        -:  979:		//Original code commented out above for preservation/reference
    #####:  980:		return mineCard(state, currentPlayer, choice1, choice2, handPos);
        -:  981:		
        -:  982:	/********************************************************
        -:  983:	*********************************************************
        -:  984:	********************************************************/
        -:  985:	
        -:  986:	
        -:  987:    case remodel:
    #####:  988:		  j = state->hand[currentPlayer][choice1];  //store card we will trash
        -:  989:
    #####:  990:		  if ( (getCost(state->hand[currentPlayer][choice1]) + 2) > getCost(choice2) )
branch  0 never executed
branch  1 never executed
        -:  991:		{
    #####:  992:		  return -1;
        -:  993:		}
        -:  994:
    #####:  995:		  gainCard(choice2, state, 0, currentPlayer);
        -:  996:
        -:  997:		  //discard card from hand
    #####:  998:		  discardCard(handPos, currentPlayer, state, 0);
        -:  999:
        -: 1000:		  //discard trashed card
    #####: 1001:		  for (i = 0; i < state->handCount[currentPlayer]; i++)
branch  0 never executed
branch  1 never executed
        -: 1002:		{
    #####: 1003:		  if (state->hand[currentPlayer][i] == j)
branch  0 never executed
branch  1 never executed
        -: 1004:			{
    #####: 1005:			  discardCard(i, currentPlayer, state, 0);			
    #####: 1006:			  break;
        -: 1007:			}
    #####: 1008:		}
        -: 1009:
        -: 1010:
    #####: 1011:		  return 0;
        -: 1012:	
        -: 1013:	
        -: 1014:	/********************************************************
        -: 1015:	*********************************************************
        -: 1016:	********************************************************/
        -: 1017:    case smithy: 
        -: 1018:      //+3 Cards
        -: 1019:		/*for (i = 0; i < 3; i++){
        -: 1020:			drawCard(currentPlayer, state);
        -: 1021:		}
        -: 1022:			
        -: 1023:		//discard card from hand
        -: 1024:		discardCard(handPos, currentPlayer, state, 0);
        -: 1025:		return 0; */
        -: 1026:		
        -: 1027:		//Smithy card moved to separated implementation (above this function)
        -: 1028:		//Original code commented out above for preservation/reference
        2: 1029:		return smithyCard(state, currentPlayer, handPos);
        -: 1030:		
        -: 1031:	/********************************************************
        -: 1032:	*********************************************************
        -: 1033:	********************************************************/
        -: 1034:	
        -: 1035:	/********************************************************
        -: 1036:	*********************************************************
        -: 1037:	********************************************************/	
        -: 1038:    case village:
        -: 1039:		//+1 Card
        -: 1040:		/*drawCard(currentPlayer, state);
        -: 1041:			
        -: 1042:		//+2 Actions
        -: 1043:		state->numActions = state->numActions + 2;
        -: 1044:			
        -: 1045:		//discard played card from hand
        -: 1046:		discardCard(handPos, currentPlayer, state, 0);
        -: 1047:		return 0;*/
        -: 1048:	  
        -: 1049:		//Smithy card moved to separated implementation (above this function)
        -: 1050:		//Original code commented out above for preservation/reference
       53: 1051:		return villageCard(state, currentPlayer, handPos);
        -: 1052:	
        -: 1053:	/********************************************************
        -: 1054:	*********************************************************
        -: 1055:	********************************************************/
        -: 1056:	
        -: 1057:    case baron:
    #####: 1058:		  state->numBuys++;//Increase buys by 1!
    #####: 1059:		  if (choice1 > 0){//Boolean true or going to discard an estate
branch  0 never executed
branch  1 never executed
    #####: 1060:		int p = 0;//Iterator for hand!
    #####: 1061:		int card_not_discarded = 1;//Flag for discard set!
    #####: 1062:		while(card_not_discarded){
branch  0 never executed
branch  1 never executed
    #####: 1063:		  if (state->hand[currentPlayer][p] == estate){//Found an estate card!
branch  0 never executed
branch  1 never executed
    #####: 1064:			state->coins += 4;//Add 4 coins to the amount of coins
    #####: 1065:			state->discard[currentPlayer][state->discardCount[currentPlayer]] = state->hand[currentPlayer][p];
    #####: 1066:			state->discardCount[currentPlayer]++;
    #####: 1067:			for (;p < state->handCount[currentPlayer]; p++){
branch  0 never executed
branch  1 never executed
    #####: 1068:			  state->hand[currentPlayer][p] = state->hand[currentPlayer][p+1];
    #####: 1069:			}
    #####: 1070:			state->hand[currentPlayer][state->handCount[currentPlayer]] = -1;
    #####: 1071:			state->handCount[currentPlayer]--;
    #####: 1072:			card_not_discarded = 0;//Exit the loop
    #####: 1073:		  }
    #####: 1074:		  else if (p > state->handCount[currentPlayer]){
branch  0 never executed
branch  1 never executed
        -: 1075:			if(DEBUG) {
        -: 1076:			  printf("No estate cards in your hand, invalid choice\n");
        -: 1077:			  printf("Must gain an estate if there are any\n");
        -: 1078:			}
    #####: 1079:			if (supplyCount(estate, state) > 0){
branch  0 never executed
branch  1 never executed
    #####: 1080:			  gainCard(estate, state, 0, currentPlayer);
    #####: 1081:			  state->supplyCount[estate]--;//Decrement estates
    #####: 1082:			  if (supplyCount(estate, state) == 0){
branch  0 never executed
branch  1 never executed
    #####: 1083:			isGameOver(state);
    #####: 1084:			  }
    #####: 1085:			}
    #####: 1086:			card_not_discarded = 0;//Exit the loop
    #####: 1087:		  }
        -: 1088:					
        -: 1089:		  else{
    #####: 1090:			p++;//Next card
        -: 1091:		  }
        -: 1092:		}
    #####: 1093:		  }
        -: 1094:					
        -: 1095:		  else{
    #####: 1096:		if (supplyCount(estate, state) > 0){
branch  0 never executed
branch  1 never executed
    #####: 1097:		  gainCard(estate, state, 0, currentPlayer);//Gain an estate
    #####: 1098:		  state->supplyCount[estate]--;//Decrement Estates
    #####: 1099:		  if (supplyCount(estate, state) == 0){
branch  0 never executed
branch  1 never executed
    #####: 1100:			isGameOver(state);
    #####: 1101:		  }
    #####: 1102:		}
        -: 1103:		  }
        -: 1104:			
        -: 1105:		  
    #####: 1106:		  return 0;
        -: 1107:		
        -: 1108:    case great_hall:
        -: 1109:		  //+1 Card
       51: 1110:		  drawCard(currentPlayer, state);
        -: 1111:				
        -: 1112:		  //+1 Actions
       51: 1113:		  state->numActions++;
        -: 1114:				
        -: 1115:		  //discard card from hand
       51: 1116:		  discardCard(handPos, currentPlayer, state, 0);
       51: 1117:		  return 0;
        -: 1118:		
        -: 1119:    case minion:
        -: 1120:		  //+1 action
    #####: 1121:		  state->numActions++;
        -: 1122:				
        -: 1123:		  //discard card from hand
    #####: 1124:		  discardCard(handPos, currentPlayer, state, 0);
        -: 1125:				
    #####: 1126:		  if (choice1)		//+2 coins
branch  0 never executed
branch  1 never executed
        -: 1127:		{
    #####: 1128:		  state->coins = state->coins + 2;
    #####: 1129:		}
        -: 1130:				
    #####: 1131:		  else if (choice2)		//discard hand, redraw 4, other players with 5+ cards discard hand and draw 4
branch  0 never executed
branch  1 never executed
        -: 1132:		{
        -: 1133:		  //discard hand
    #####: 1134:		  while(numHandCards(state) > 0)
branch  0 never executed
branch  1 never executed
        -: 1135:			{
    #####: 1136:			  discardCard(handPos, currentPlayer, state, 0);
        -: 1137:			}
        -: 1138:					
        -: 1139:		  //draw 4
    #####: 1140:		  for (i = 0; i < 4; i++)
branch  0 never executed
branch  1 never executed
        -: 1141:			{
    #####: 1142:			  drawCard(currentPlayer, state);
    #####: 1143:			}
        -: 1144:					
        -: 1145:		  //other players discard hand and redraw if hand size > 4
    #####: 1146:		  for (i = 0; i < state->numPlayers; i++)
branch  0 never executed
branch  1 never executed
        -: 1147:			{
    #####: 1148:			  if (i != currentPlayer)
branch  0 never executed
branch  1 never executed
        -: 1149:			{
    #####: 1150:			  if ( state->handCount[i] > 4 )
branch  0 never executed
branch  1 never executed
        -: 1151:				{
        -: 1152:				  //discard hand
    #####: 1153:				  while( state->handCount[i] > 0 )
branch  0 never executed
branch  1 never executed
        -: 1154:				{
    #####: 1155:				  discardCard(handPos, i, state, 0);
        -: 1156:				}
        -: 1157:								
        -: 1158:				  //draw 4
    #####: 1159:				  for (j = 0; j < 4; j++)
branch  0 never executed
branch  1 never executed
        -: 1160:				{
    #####: 1161:				  drawCard(i, state);
    #####: 1162:				}
    #####: 1163:				}
    #####: 1164:			}
    #####: 1165:			}
        -: 1166:					
    #####: 1167:		}
    #####: 1168:		  return 0;
        -: 1169:
        -: 1170:		  
        -: 1171:    case steward:
    #####: 1172:		if (choice1 == 1){
branch  0 never executed
branch  1 never executed
        -: 1173:			//+2 cards
    #####: 1174:			drawCard(currentPlayer, state);
    #####: 1175:			drawCard(currentPlayer, state);
    #####: 1176:		} else if (choice1 == 2) {
branch  0 never executed
branch  1 never executed
        -: 1177:			//+2 coins
    #####: 1178:			state->coins = state->coins + 2;
    #####: 1179:		} else {
        -: 1180:			//trash 2 cards in hand
    #####: 1181:			discardCard(choice2, currentPlayer, state, 1);
    #####: 1182:			discardCard(choice3, currentPlayer, state, 1);
        -: 1183:		}
        -: 1184:				
        -: 1185:		//discard card from hand
    #####: 1186:		discardCard(handPos, currentPlayer, state, 0);
    #####: 1187:		return 0;	
        -: 1188:    
        -: 1189:	
        -: 1190:	case tribute:
    #####: 1191:		  if ((state->discardCount[nextPlayer] + state->deckCount[nextPlayer]) <= 1){
branch  0 never executed
branch  1 never executed
    #####: 1192:		if (state->deckCount[nextPlayer] > 0){
branch  0 never executed
branch  1 never executed
    #####: 1193:		  tributeRevealedCards[0] = state->deck[nextPlayer][state->deckCount[nextPlayer]-1];
    #####: 1194:		  state->deckCount[nextPlayer]--;
    #####: 1195:		}
    #####: 1196:		else if (state->discardCount[nextPlayer] > 0){
branch  0 never executed
branch  1 never executed
    #####: 1197:		  tributeRevealedCards[0] = state->discard[nextPlayer][state->discardCount[nextPlayer]-1];
    #####: 1198:		  state->discardCount[nextPlayer]--;
    #####: 1199:		}
        -: 1200:		else{
        -: 1201:		  //No Card to Reveal
        -: 1202:		  if (DEBUG){
        -: 1203:			printf("No cards to reveal\n");
        -: 1204:		  }
        -: 1205:		}
    #####: 1206:		  }
        -: 1207:			
        -: 1208:		  else{
    #####: 1209:		if (state->deckCount[nextPlayer] == 0){
branch  0 never executed
branch  1 never executed
    #####: 1210:		  for (i = 0; i < state->discardCount[nextPlayer]; i++){
branch  0 never executed
branch  1 never executed
    #####: 1211:			state->deck[nextPlayer][i] = state->discard[nextPlayer][i];//Move to deck
    #####: 1212:			state->deckCount[nextPlayer]++;
    #####: 1213:			state->discard[nextPlayer][i] = -1;
    #####: 1214:			state->discardCount[nextPlayer]--;
    #####: 1215:		  }
        -: 1216:					
    #####: 1217:		  shuffle(nextPlayer,state);//Shuffle the deck
    #####: 1218:		} 
    #####: 1219:		tributeRevealedCards[0] = state->deck[nextPlayer][state->deckCount[nextPlayer]-1];
    #####: 1220:		state->deck[nextPlayer][state->deckCount[nextPlayer]--] = -1;
    #####: 1221:		state->deckCount[nextPlayer]--;
    #####: 1222:		tributeRevealedCards[1] = state->deck[nextPlayer][state->deckCount[nextPlayer]-1];
    #####: 1223:		state->deck[nextPlayer][state->deckCount[nextPlayer]--] = -1;
    #####: 1224:		state->deckCount[nextPlayer]--;
        -: 1225:		  }    
        -: 1226:				   
    #####: 1227:		  if (tributeRevealedCards[0] == tributeRevealedCards[1]){//If we have a duplicate card, just drop one 
branch  0 never executed
branch  1 never executed
    #####: 1228:		state->playedCards[state->playedCardCount] = tributeRevealedCards[1];
    #####: 1229:		state->playedCardCount++;
    #####: 1230:		tributeRevealedCards[1] = -1;
    #####: 1231:		  }
        -: 1232:
    #####: 1233:		  for (i = 0; i <= 2; i ++){
branch  0 never executed
branch  1 never executed
    #####: 1234:		if (tributeRevealedCards[i] == copper || tributeRevealedCards[i] == silver || tributeRevealedCards[i] == gold){//Treasure cards
branch  0 never executed
branch  1 never executed
branch  2 never executed
branch  3 never executed
branch  4 never executed
branch  5 never executed
    #####: 1235:		  state->coins += 2;
    #####: 1236:		}
        -: 1237:				
    #####: 1238:		else if (tributeRevealedCards[i] == estate || tributeRevealedCards[i] == duchy || tributeRevealedCards[i] == province || tributeRevealedCards[i] == gardens || tributeRevealedCards[i] == great_hall){//Victory Card Found
branch  0 never executed
branch  1 never executed
branch  2 never executed
branch  3 never executed
branch  4 never executed
branch  5 never executed
branch  6 never executed
branch  7 never executed
branch  8 never executed
branch  9 never executed
    #####: 1239:		  drawCard(currentPlayer, state);
    #####: 1240:		  drawCard(currentPlayer, state);
    #####: 1241:		}
        -: 1242:		else{//Action Card
    #####: 1243:		  state->numActions = state->numActions + 2;
        -: 1244:		}
    #####: 1245:		  }
        -: 1246:			
    #####: 1247:		  return 0;
        -: 1248:		
        -: 1249:    case ambassador:
    #####: 1250:		  j = 0;		//used to check if player has enough cards to discard
        -: 1251:
    #####: 1252:		  if (choice2 > 2 || choice2 < 0)
branch  0 never executed
branch  1 never executed
branch  2 never executed
branch  3 never executed
        -: 1253:		{
    #####: 1254:		  return -1;				
        -: 1255:		}
        -: 1256:
    #####: 1257:		  if (choice1 == handPos)
branch  0 never executed
branch  1 never executed
        -: 1258:		{
    #####: 1259:		  return -1;
        -: 1260:		}
        -: 1261:
    #####: 1262:		  for (i = 0; i < state->handCount[currentPlayer]; i++)
branch  0 never executed
branch  1 never executed
        -: 1263:		{
    #####: 1264:		  if (i != handPos && i == state->hand[currentPlayer][choice1] && i != choice1)
branch  0 never executed
branch  1 never executed
branch  2 never executed
branch  3 never executed
branch  4 never executed
branch  5 never executed
        -: 1265:			{
    #####: 1266:			  j++;
    #####: 1267:			}
    #####: 1268:		}
    #####: 1269:		  if (j < choice2)
branch  0 never executed
branch  1 never executed
        -: 1270:		{
    #####: 1271:		  return -1;				
        -: 1272:		}
        -: 1273:
        -: 1274:		  if (DEBUG) 
        -: 1275:		printf("Player %d reveals card number: %d\n", currentPlayer, state->hand[currentPlayer][choice1]);
        -: 1276:
        -: 1277:		  //increase supply count for choosen card by amount being discarded
    #####: 1278:		  state->supplyCount[state->hand[currentPlayer][choice1]] += choice2;
        -: 1279:				
        -: 1280:		  //each other player gains a copy of revealed card
    #####: 1281:		  for (i = 0; i < state->numPlayers; i++)
branch  0 never executed
branch  1 never executed
        -: 1282:		{
    #####: 1283:		  if (i != currentPlayer)
branch  0 never executed
branch  1 never executed
        -: 1284:			{
    #####: 1285:			  gainCard(state->hand[currentPlayer][choice1], state, 0, i);
    #####: 1286:			}
    #####: 1287:		}
        -: 1288:
        -: 1289:		  //discard played card from hand
    #####: 1290:		  discardCard(handPos, currentPlayer, state, 0);			
        -: 1291:
        -: 1292:		  //trash copies of cards returned to supply
    #####: 1293:		  for (j = 0; j < choice2; j++)
branch  0 never executed
branch  1 never executed
        -: 1294:		{
    #####: 1295:		  for (i = 0; i < state->handCount[currentPlayer]; i++)
branch  0 never executed
branch  1 never executed
        -: 1296:			{
    #####: 1297:			  if (state->hand[currentPlayer][i] == state->hand[currentPlayer][choice1])
branch  0 never executed
branch  1 never executed
        -: 1298:			{
    #####: 1299:			  discardCard(i, currentPlayer, state, 1);
    #####: 1300:			  break;
        -: 1301:			}
    #####: 1302:			}
    #####: 1303:		}			
        -: 1304:
    #####: 1305:		  return 0;
        -: 1306:		
        -: 1307:	
        -: 1308:	
        -: 1309:	/********************************************************
        -: 1310:	*********************************************************
        -: 1311:	********************************************************/
        -: 1312:    case cutpurse:
        -: 1313:		/*updateCoins(currentPlayer, state, 2);
        -: 1314:		for (i = 0; i < state->numPlayers; i++){
        -: 1315:			if (i != currentPlayer){
        -: 1316:				for (j = 0; j < state->handCount[i]; j++){
        -: 1317:					if (state->hand[i][j] == copper){
        -: 1318:						discardCard(j, i, state, 0);
        -: 1319:						break;
        -: 1320:					}
        -: 1321:					if (j == state->handCount[i]){
        -: 1322:						for (k = 0; k < state->handCount[i]; k++){
        -: 1323:							if (DEBUG)
        -: 1324:								printf("Player %d reveals card number %d\n", i, state->hand[i][k]);
        -: 1325:						}	
        -: 1326:						break;
        -: 1327:					}
        -: 1328:				}
        -: 1329:			}
        -: 1330:		}			
        -: 1331:
        -: 1332:		//discard played card from hand
        -: 1333:		discardCard(handPos, currentPlayer, state, 0);			
        -: 1334:
        -: 1335:		return 0;*/
        -: 1336:		
        -: 1337:		//Catpurse card moved to separated implementation (above this function)
        -: 1338:		//Original code commented out above for preservation/reference
    #####: 1339:		return catpurseCard(state, currentPlayer, handPos);
        -: 1340:
        -: 1341:	/********************************************************
        -: 1342:	*********************************************************
        -: 1343:	********************************************************/
        -: 1344:	
        -: 1345:	
        -: 1346:    case embargo: 
        -: 1347:		  //+2 Coins
    #####: 1348:		  state->coins = state->coins + 2;
        -: 1349:				
        -: 1350:		  //see if selected pile is in play
    #####: 1351:		  if ( state->supplyCount[choice1] == -1 )
branch  0 never executed
branch  1 never executed
        -: 1352:		{
    #####: 1353:		  return -1;
        -: 1354:		}
        -: 1355:				
        -: 1356:		  //add embargo token to selected supply pile
    #####: 1357:		  state->embargoTokens[choice1]++;
        -: 1358:				
        -: 1359:		  //trash card
    #####: 1360:		  discardCard(handPos, currentPlayer, state, 1);		
    #####: 1361:		  return 0;
        -: 1362:		
        -: 1363:    case outpost:
        -: 1364:		  //set outpost flag
    #####: 1365:		  state->outpostPlayed++;
        -: 1366:				
        -: 1367:		  //discard card
    #####: 1368:		  discardCard(handPos, currentPlayer, state, 0);
    #####: 1369:		  return 0;
        -: 1370:		
        -: 1371:    case salvager:
        -: 1372:		  //+1 buy
    #####: 1373:		  state->numBuys++;
        -: 1374:				
    #####: 1375:		  if (choice1)
branch  0 never executed
branch  1 never executed
        -: 1376:		{
        -: 1377:		  //gain coins equal to trashed card
    #####: 1378:		  state->coins = state->coins + getCost( handCard(choice1, state) );
        -: 1379:		  //trash card
    #####: 1380:		  discardCard(choice1, currentPlayer, state, 1);	
    #####: 1381:		}
        -: 1382:				
        -: 1383:		  //discard card
    #####: 1384:		  discardCard(handPos, currentPlayer, state, 0);
    #####: 1385:		  return 0;
        -: 1386:		
        -: 1387:    case sea_hag:
    #####: 1388:		  for (i = 0; i < state->numPlayers; i++){
branch  0 never executed
branch  1 never executed
    #####: 1389:		if (i != currentPlayer){
branch  0 never executed
branch  1 never executed
    #####: 1390:		  state->discard[i][state->discardCount[i]] = state->deck[i][state->deckCount[i]--];			    
    #####: 1391:		  state->deckCount[i]--;
    #####: 1392:		  state->discardCount[i]++;
    #####: 1393:		  state->deck[i][state->deckCount[i]--] = curse;//Top card now a curse
    #####: 1394:		}
    #####: 1395:		  }
    #####: 1396:		  return 0;
        -: 1397:		
        -: 1398:    case treasure_map:
        -: 1399:		  //search hand for another treasure_map
    #####: 1400:		  index = -1;
    #####: 1401:		  for (i = 0; i < state->handCount[currentPlayer]; i++)
branch  0 never executed
branch  1 never executed
        -: 1402:		{
    #####: 1403:		  if (state->hand[currentPlayer][i] == treasure_map && i != handPos)
branch  0 never executed
branch  1 never executed
branch  2 never executed
branch  3 never executed
        -: 1404:			{
    #####: 1405:			  index = i;
    #####: 1406:			  break;
        -: 1407:			}
    #####: 1408:		}
    #####: 1409:		  if (index > -1)
branch  0 never executed
branch  1 never executed
        -: 1410:		{
        -: 1411:		  //trash both treasure cards
    #####: 1412:		  discardCard(handPos, currentPlayer, state, 1);
    #####: 1413:		  discardCard(index, currentPlayer, state, 1);
        -: 1414:
        -: 1415:		  //gain 4 Gold cards
    #####: 1416:		  for (i = 0; i < 4; i++)
branch  0 never executed
branch  1 never executed
        -: 1417:			{
    #####: 1418:			  gainCard(gold, state, 1, currentPlayer);
    #####: 1419:			}
        -: 1420:					
        -: 1421:		  //return success
    #####: 1422:		  return 1;
        -: 1423:		}
        -: 1424:				
        -: 1425:		  //no second treasure_map found in hand
    #####: 1426:		  return -1;
        -: 1427:		}
        -: 1428:		
    #####: 1429:	  return -1;
      110: 1430:}
        -: 1431:
function discardCard called 106 returned 100% blocks executed 80%
        -: 1432:int discardCard(int handPos, int currentPlayer, struct gameState *state, int trashFlag)
        -: 1433:{
        -: 1434:	
        -: 1435:  //if card is not trashed, added to Played pile 
      106: 1436:  if (trashFlag < 1)
branch  0 taken 100%
branch  1 taken 0%
        -: 1437:    {
        -: 1438:      //add card to played pile
      106: 1439:      state->playedCards[state->playedCardCount] = state->hand[currentPlayer][handPos]; 
      106: 1440:      state->playedCardCount++;
      106: 1441:    }
        -: 1442:	
        -: 1443:  //set played card to -1
      106: 1444:  state->hand[currentPlayer][handPos] = -1;
        -: 1445:	
        -: 1446:  //remove card from player's hand
      106: 1447:  if ( handPos == (state->handCount[currentPlayer] - 1) ) 	//last card in hand array is played
branch  0 taken 0%
branch  1 taken 100%
        -: 1448:    {
        -: 1449:      //reduce number of cards in hand
    #####: 1450:      state->handCount[currentPlayer]--;
    #####: 1451:    }
      106: 1452:  else if ( state->handCount[currentPlayer] == 1 ) //only one card in hand
branch  0 taken 0%
branch  1 taken 100%
        -: 1453:    {
        -: 1454:      //reduce number of cards in hand
    #####: 1455:      state->handCount[currentPlayer]--;
    #####: 1456:    }
        -: 1457:  else 	
        -: 1458:    {
        -: 1459:      //replace discarded card with last card in hand
      106: 1460:      state->hand[currentPlayer][handPos] = state->hand[currentPlayer][ (state->handCount[currentPlayer] - 1)];
        -: 1461:      //set last card to -1
      106: 1462:      state->hand[currentPlayer][state->handCount[currentPlayer] - 1] = -1;
        -: 1463:      //reduce number of cards in hand
      106: 1464:      state->handCount[currentPlayer]--;
        -: 1465:    }
        -: 1466:	
      106: 1467:  return 0;
        -: 1468:}
        -: 1469:
function gainCard called 0 returned 0% blocks executed 0%
        -: 1470:int gainCard(int supplyPos, struct gameState *state, int toFlag, int player)
        -: 1471:{
        -: 1472:  //Note: supplyPos is enum of choosen card
        -: 1473:	
        -: 1474:  //check if supply pile is empty (0) or card is not used in game (-1)
    #####: 1475:  if ( supplyCount(supplyPos, state) < 1 )
branch  0 never executed
branch  1 never executed
        -: 1476:    {
    #####: 1477:      return -1;
        -: 1478:    }
        -: 1479:	
        -: 1480:  //added card for [whoseTurn] current player:
        -: 1481:  // toFlag = 0 : add to discard
        -: 1482:  // toFlag = 1 : add to deck
        -: 1483:  // toFlag = 2 : add to hand
        -: 1484:
    #####: 1485:  if (toFlag == 1)
branch  0 never executed
branch  1 never executed
        -: 1486:    {
    #####: 1487:      state->deck[ player ][ state->deckCount[player] ] = supplyPos;
    #####: 1488:      state->deckCount[player]++;
    #####: 1489:    }
    #####: 1490:  else if (toFlag == 2)
branch  0 never executed
branch  1 never executed
        -: 1491:    {
    #####: 1492:      state->hand[ player ][ state->handCount[player] ] = supplyPos;
    #####: 1493:      state->handCount[player]++;
    #####: 1494:    }
        -: 1495:  else
        -: 1496:    {
    #####: 1497:      state->discard[player][ state->discardCount[player] ] = supplyPos;
    #####: 1498:      state->discardCount[player]++;
        -: 1499:    }
        -: 1500:	
        -: 1501:  //decrease number in supply pile
    #####: 1502:  state->supplyCount[supplyPos]--;
        -: 1503:	 
    #####: 1504:  return 0;
    #####: 1505:}
        -: 1506:
function updateCoins called 64 returned 100% blocks executed 85%
        -: 1507:int updateCoins(int player, struct gameState *state, int bonus)
        -: 1508:{
        -: 1509:  int i;
        -: 1510:	
        -: 1511:  //reset coin count
       64: 1512:  state->coins = 0;
        -: 1513:
        -: 1514:  //add coins for each Treasure card in player's hand
      768: 1515:  for (i = 0; i < state->handCount[player]; i++)
branch  0 taken 83%
branch  1 taken 17%
        -: 1516:    {
      320: 1517:      if (state->hand[player][i] == copper)
branch  0 taken 79%
branch  1 taken 21%
        -: 1518:	{
      254: 1519:	  state->coins += 1;
      254: 1520:	}
       66: 1521:      else if (state->hand[player][i] == silver)
branch  0 taken 0%
branch  1 taken 100%
        -: 1522:	{
    #####: 1523:	  state->coins += 2;
    #####: 1524:	}
       66: 1525:      else if (state->hand[player][i] == gold)
branch  0 taken 0%
branch  1 taken 100%
        -: 1526:	{
    #####: 1527:	  state->coins += 3;
    #####: 1528:	}	
      320: 1529:    }	
        -: 1530:
        -: 1531:  //add bonus
       64: 1532:  state->coins += bonus;
        -: 1533:
       64: 1534:  return 0;
        -: 1535:}
        -: 1536:
        -: 1537:
        -: 1538://end of dominion.c
        -: 1539:
