        -:    0:Source:dominion.c
        -:    0:Graph:dominion.gcno
        -:    0:Data:dominion.gcda
        -:    0:Runs:2
        -:    0:Programs:1
        -:    1:#include "dominion.h"
        -:    2:#include "dominion_helpers.h"
        -:    3:#include "rngs.h"
        -:    4:#include <stdio.h>
        -:    5:#include <math.h>
        -:    6:#include <stdlib.h>
        -:    7:
        -:    8:
function compare called 1876 returned 100% blocks executed 85%
        -:    9:int compare(const void* a, const void* b) {
     1876:   10:  if (*(int*)a > *(int*)b)
branch  0 taken 0%
branch  1 taken 100%
    #####:   11:    return 1;
     1876:   12:  if (*(int*)a < *(int*)b)
branch  0 taken 36%
branch  1 taken 64%
      670:   13:    return -1;
     1206:   14:  return 0;
     1876:   15:}
        -:   16:
function newGame called 0 returned 0% blocks executed 0%
        -:   17:struct gameState* newGame() {
    #####:   18:  struct gameState* g = malloc(sizeof(struct gameState));
    #####:   19:  return g;
        -:   20:}
        -:   21:
function kingdomCards called 0 returned 0% blocks executed 0%
        -:   22:int* kingdomCards(int k1, int k2, int k3, int k4, int k5, int k6, int k7,
        -:   23:		  int k8, int k9, int k10) {
    #####:   24:  int* k = malloc(10 * sizeof(int));
    #####:   25:  k[0] = k1;
    #####:   26:  k[1] = k2;
    #####:   27:  k[2] = k3;
    #####:   28:  k[3] = k4;
    #####:   29:  k[4] = k5;
    #####:   30:  k[5] = k6;
    #####:   31:  k[6] = k7;
    #####:   32:  k[7] = k8;
    #####:   33:  k[8] = k9;
    #####:   34:  k[9] = k10;
    #####:   35:  return k;
        -:   36:}
        -:   37:
function initializeGame called 100 returned 100% blocks executed 90%
        -:   38:int initializeGame(int numPlayers, int kingdomCards[10], int randomSeed,
        -:   39:		   struct gameState *state) {
        -:   40:
        -:   41:  int i;
        -:   42:  int j;
        -:   43:  int it;			
        -:   44:  //set up random number generator
      100:   45:  SelectStream(1);
      100:   46:  PutSeed((long)randomSeed);
        -:   47:  
        -:   48:  //check number of players
      200:   49:  if (numPlayers > MAX_PLAYERS || numPlayers < 2)
branch  0 taken 100%
branch  1 taken 0%
branch  2 taken 46%
branch  3 taken 54%
        -:   50:    {
       46:   51:      return -1;
        -:   52:    }
        -:   53:
        -:   54:  //set number of players
       54:   55:  state->numPlayers = numPlayers;
        -:   56:
        -:   57:  //check selected kingdom cards are different
     1188:   58:  for (i = 0; i < 10; i++)
branch  0 taken 91%
branch  1 taken 9%
        -:   59:    {
    11880:   60:      for (j = 0; j < 10; j++)
branch  0 taken 91%
branch  1 taken 9%
        -:   61:        {
    10260:   62:	  if (j != i && kingdomCards[j] == kingdomCards[i])
branch  0 taken 90%
branch  1 taken 10%
branch  2 taken 0%
branch  3 taken 100%
        -:   63:	    {
    #####:   64:	      return -1;
        -:   65:	    }
     5400:   66:        }
      540:   67:    }
        -:   68:
        -:   69:
        -:   70:  //initialize supply
        -:   71:  ///////////////////////////////
        -:   72:
        -:   73:  //set number of Curse cards
       54:   74:  if (numPlayers == 2)
branch  0 taken 52%
branch  1 taken 48%
        -:   75:    {
       28:   76:      state->supplyCount[curse] = 10;
       28:   77:    }
       26:   78:  else if (numPlayers == 3)
branch  0 taken 100%
branch  1 taken 0%
        -:   79:    {
       26:   80:      state->supplyCount[curse] = 20;
       26:   81:    }
        -:   82:  else
        -:   83:    {
    #####:   84:      state->supplyCount[curse] = 30;
        -:   85:    }
        -:   86:
        -:   87:  //set number of Victory cards
       54:   88:  if (numPlayers == 2)
branch  0 taken 52%
branch  1 taken 48%
        -:   89:    {
       28:   90:      state->supplyCount[estate] = 8;
       28:   91:      state->supplyCount[duchy] = 8;
       28:   92:      state->supplyCount[province] = 8;
       28:   93:    }
        -:   94:  else
        -:   95:    {
       26:   96:      state->supplyCount[estate] = 12;
       26:   97:      state->supplyCount[duchy] = 12;
       26:   98:      state->supplyCount[province] = 12;
        -:   99:    }
        -:  100:
        -:  101:  //set number of Treasure cards
       54:  102:  state->supplyCount[copper] = 60 - (7 * numPlayers);
       54:  103:  state->supplyCount[silver] = 40;
       54:  104:  state->supplyCount[gold] = 30;
        -:  105:
        -:  106:  //set number of Kingdom cards
     2268:  107:  for (i = adventurer; i <= treasure_map; i++)       	//loop all cards
branch  0 taken 95%
branch  1 taken 5%
        -:  108:    {
    17820:  109:      for (j = 0; j < 10; j++)           		//loop chosen cards
branch  0 taken 94%
branch  1 taken 6%
        -:  110:	{
     8370:  111:	  if (kingdomCards[j] == i)
branch  0 taken 6%
branch  1 taken 94%
        -:  112:	    {
        -:  113:	      //check if card is a 'Victory' Kingdom card
     1080:  114:	      if (kingdomCards[j] == great_hall || kingdomCards[j] == gardens)
branch  0 taken 100%
branch  1 taken 0%
branch  2 taken 0%
branch  3 taken 100%
        -:  115:		{
    #####:  116:		  if (numPlayers == 2){ 
branch  0 never executed
branch  1 never executed
    #####:  117:		    state->supplyCount[i] = 8; 
    #####:  118:		  }
    #####:  119:		  else{ state->supplyCount[i] = 12; }
    #####:  120:		}
        -:  121:	      else
        -:  122:		{
      540:  123:		  state->supplyCount[i] = 10;
        -:  124:		}
      540:  125:	      break;
        -:  126:	    }
        -:  127:	  else    //card is not in the set choosen for the game
        -:  128:	    {
     7830:  129:	      state->supplyCount[i] = -1;
        -:  130:	    }
     7830:  131:	}
        -:  132:
     1080:  133:    }
        -:  134:
        -:  135:  ////////////////////////
        -:  136:  //supply intilization complete
        -:  137:
        -:  138:  //set player decks
      376:  139:  for (i = 0; i < numPlayers; i++)
branch  0 taken 71%
branch  1 taken 29%
        -:  140:    {
      134:  141:      state->deckCount[i] = 0;
     1072:  142:      for (j = 0; j < 3; j++)
branch  0 taken 75%
branch  1 taken 25%
        -:  143:	{
      402:  144:	  state->deck[i][j] = estate;
      402:  145:	  state->deckCount[i]++;
      402:  146:	}
     2144:  147:      for (j = 3; j < 10; j++)
branch  0 taken 88%
branch  1 taken 13%
        -:  148:	{
      938:  149:	  state->deck[i][j] = copper;
      938:  150:	  state->deckCount[i]++;		
      938:  151:	}
      134:  152:    }
        -:  153:
        -:  154:  //shuffle player decks
      376:  155:  for (i = 0; i < numPlayers; i++)
branch  0 taken 71%
branch  1 taken 29%
        -:  156:    {
      134:  157:      if ( shuffle(i, state) < 0 )
branch  0 taken 0%
branch  1 taken 100%
        -:  158:	{
    #####:  159:	  return -1;
        -:  160:	}
      134:  161:    }
        -:  162:
        -:  163:  //draw player hands
      376:  164:  for (i = 0; i < numPlayers; i++)
branch  0 taken 71%
branch  1 taken 29%
        -:  165:    {  
        -:  166:      //initialize hand size to zero
      134:  167:      state->handCount[i] = 0;
      134:  168:      state->discardCount[i] = 0;
        -:  169:      //draw 5 cards
        -:  170:      // for (j = 0; j < 5; j++)
        -:  171:      //	{
        -:  172:      //	  drawCard(i, state);
        -:  173:      //	}
      134:  174:    }
        -:  175:  
        -:  176:  //set embargo tokens to 0 for all supply piles
     3024:  177:  for (i = 0; i <= treasure_map; i++)
branch  0 taken 96%
branch  1 taken 4%
        -:  178:    {
     1458:  179:      state->embargoTokens[i] = 0;
     1458:  180:    }
        -:  181:
        -:  182:  //initialize first player's turn
       54:  183:  state->outpostPlayed = 0;
       54:  184:  state->phase = 0;
       54:  185:  state->numActions = 1;
       54:  186:  state->numBuys = 1;
       54:  187:  state->playedCardCount = 0;
       54:  188:  state->whoseTurn = 0;
       54:  189:  state->handCount[state->whoseTurn] = 0;
        -:  190:  //int it; move to top
        -:  191:
        -:  192:  //Moved draw cards to here, only drawing at the start of a turn
      648:  193:  for (it = 0; it < 5; it++){
branch  0 taken 83%
branch  1 taken 17%
      270:  194:    drawCard(state->whoseTurn, state);
      270:  195:  }
        -:  196:
       54:  197:  updateCoins(state->whoseTurn, state, 0);
        -:  198:
       54:  199:  return 0;
      100:  200:}
        -:  201:
function shuffle called 134 returned 100% blocks executed 93%
        -:  202:int shuffle(int player, struct gameState *state) {
        -:  203: 
        -:  204:
        -:  205:  int newDeck[MAX_DECK];
      134:  206:  int newDeckPos = 0;
        -:  207:  int card;
        -:  208:  int i;
        -:  209:
      134:  210:  if (state->deckCount[player] < 1)
branch  0 taken 0%
branch  1 taken 100%
    #####:  211:    return -1;
      134:  212:  qsort ((void*)(state->deck[player]), state->deckCount[player], sizeof(int), compare); 
        -:  213:  /* SORT CARDS IN DECK TO ENSURE DETERMINISM! */
        -:  214:
     2948:  215:  while (state->deckCount[player] > 0) {
branch  0 taken 91%
branch  1 taken 9%
     1340:  216:    card = floor(Random() * state->deckCount[player]);
     1340:  217:    newDeck[newDeckPos] = state->deck[player][card];
     1340:  218:    newDeckPos++;
     9176:  219:    for (i = card; i < state->deckCount[player]-1; i++) {
branch  0 taken 71%
branch  1 taken 29%
     3248:  220:      state->deck[player][i] = state->deck[player][i+1];
     3248:  221:    }
     1340:  222:    state->deckCount[player]--;
        -:  223:  }
     2948:  224:  for (i = 0; i < newDeckPos; i++) {
branch  0 taken 91%
branch  1 taken 9%
     1340:  225:    state->deck[player][i] = newDeck[i];
     1340:  226:    state->deckCount[player]++;
     1340:  227:  }
        -:  228:
      134:  229:  return 0;
      134:  230:}
        -:  231:
function playCard called 0 returned 0% blocks executed 0%
        -:  232:int playCard(int handPos, int choice1, int choice2, int choice3, struct gameState *state) 
        -:  233:{	
        -:  234:  int card;
    #####:  235:  int coin_bonus = 0; 		//tracks coins gain from actions
        -:  236:
        -:  237:  //check if it is the right phase
    #####:  238:  if (state->phase != 0)
branch  0 never executed
branch  1 never executed
        -:  239:    {
    #####:  240:      return -1;
        -:  241:    }
        -:  242:	
        -:  243:  //check if player has enough actions
    #####:  244:  if ( state->numActions < 1 )
branch  0 never executed
branch  1 never executed
        -:  245:    {
    #####:  246:      return -1;
        -:  247:    }
        -:  248:	
        -:  249:  //get card played
    #####:  250:  card = handCard(handPos, state);
        -:  251:	
        -:  252:  //check if selected card is an action
    #####:  253:  if ( card < adventurer || card > treasure_map )
branch  0 never executed
branch  1 never executed
branch  2 never executed
branch  3 never executed
        -:  254:    {
    #####:  255:      return -1;
        -:  256:    }
        -:  257:	
        -:  258:  //play card
    #####:  259:  if ( cardEffect(card, choice1, choice2, choice3, state, handPos, &coin_bonus) < 0 )
branch  0 never executed
branch  1 never executed
        -:  260:    {
    #####:  261:      return -1;
        -:  262:    }
        -:  263:	
        -:  264:  //reduce number of actions
    #####:  265:  state->numActions--;
        -:  266:
        -:  267:  //update coins (Treasure cards may be added with card draws)
    #####:  268:  updateCoins(state->whoseTurn, state, coin_bonus);
        -:  269:	
    #####:  270:  return 0;
    #####:  271:}
        -:  272:
function buyCard called 0 returned 0% blocks executed 0%
        -:  273:int buyCard(int supplyPos, struct gameState *state) {
        -:  274:  int who;
        -:  275:  if (DEBUG){
        -:  276:    printf("Entering buyCard...\n");
        -:  277:  }
        -:  278:
        -:  279:  // I don't know what to do about the phase thing.
        -:  280:
    #####:  281:  who = state->whoseTurn;
        -:  282:
    #####:  283:  if (state->numBuys < 1){
branch  0 never executed
branch  1 never executed
        -:  284:    if (DEBUG)
        -:  285:      printf("You do not have any buys left\n");
    #####:  286:    return -1;
    #####:  287:  } else if (supplyCount(supplyPos, state) <1){
branch  0 never executed
branch  1 never executed
        -:  288:    if (DEBUG)
        -:  289:      printf("There are not any of that type of card left\n");
    #####:  290:    return -1;
    #####:  291:  } else if (state->coins < getCost(supplyPos)){
branch  0 never executed
branch  1 never executed
        -:  292:    if (DEBUG) 
        -:  293:      printf("You do not have enough money to buy that. You have %d coins.\n", state->coins);
    #####:  294:    return -1;
        -:  295:  } else {
    #####:  296:    state->phase=1;
        -:  297:    //state->supplyCount[supplyPos]--;
    #####:  298:    gainCard(supplyPos, state, 0, who); //card goes in discard, this might be wrong.. (2 means goes into hand, 0 goes into discard)
        -:  299:  
    #####:  300:    state->coins = (state->coins) - (getCost(supplyPos));
    #####:  301:    state->numBuys--;
        -:  302:    if (DEBUG)
        -:  303:      printf("You bought card number %d for %d coins. You now have %d buys and %d coins.\n", supplyPos, getCost(supplyPos), state->numBuys, state->coins);
        -:  304:  }
        -:  305:
        -:  306:  //state->discard[who][state->discardCount[who]] = supplyPos;
        -:  307:  //state->discardCount[who]++;
        -:  308:    
    #####:  309:  return 0;
    #####:  310:}
        -:  311:
function numHandCards called 0 returned 0% blocks executed 0%
        -:  312:int numHandCards(struct gameState *state) {
    #####:  313:  return state->handCount[ whoseTurn(state) ];
        -:  314:}
        -:  315:
function handCard called 0 returned 0% blocks executed 0%
        -:  316:int handCard(int handPos, struct gameState *state) {
    #####:  317:  int currentPlayer = whoseTurn(state);
    #####:  318:  return state->hand[currentPlayer][handPos];
        -:  319:}
        -:  320:
function supplyCount called 0 returned 0% blocks executed 0%
        -:  321:int supplyCount(int card, struct gameState *state) {
    #####:  322:  return state->supplyCount[card];
        -:  323:}
        -:  324:
function fullDeckCount called 0 returned 0% blocks executed 0%
        -:  325:int fullDeckCount(int player, int card, struct gameState *state) {
        -:  326:  int i;
    #####:  327:  int count = 0;
        -:  328:
    #####:  329:  for (i = 0; i < state->deckCount[player]; i++)
branch  0 never executed
branch  1 never executed
        -:  330:    {
    #####:  331:      if (state->deck[player][i] == card) count++;
branch  0 never executed
branch  1 never executed
    #####:  332:    }
        -:  333:
    #####:  334:  for (i = 0; i < state->handCount[player]; i++)
branch  0 never executed
branch  1 never executed
        -:  335:    {
    #####:  336:      if (state->hand[player][i] == card) count++;
branch  0 never executed
branch  1 never executed
    #####:  337:    }
        -:  338:
    #####:  339:  for (i = 0; i < state->discardCount[player]; i++)
branch  0 never executed
branch  1 never executed
        -:  340:    {
    #####:  341:      if (state->discard[player][i] == card) count++;
branch  0 never executed
branch  1 never executed
    #####:  342:    }
        -:  343:
    #####:  344:  return count;
        -:  345:}
        -:  346:
function whoseTurn called 100 returned 100% blocks executed 100%
        -:  347:int whoseTurn(struct gameState *state) {
      100:  348:  return state->whoseTurn;
        -:  349:}
        -:  350:
function endTurn called 0 returned 0% blocks executed 0%
        -:  351:int endTurn(struct gameState *state) {
        -:  352:  int k;
        -:  353:  int i;
    #####:  354:  int currentPlayer = whoseTurn(state);
        -:  355:  
        -:  356:  //Discard hand
    #####:  357:  for (i = 0; i < state->handCount[currentPlayer]; i++){
branch  0 never executed
branch  1 never executed
    #####:  358:    state->discard[currentPlayer][state->discardCount[currentPlayer]++] = state->hand[currentPlayer][i];//Discard
    #####:  359:    state->hand[currentPlayer][i] = -1;//Set card to -1
    #####:  360:  }
    #####:  361:  state->handCount[currentPlayer] = 0;//Reset hand count
        -:  362:    
        -:  363:  //Code for determining the player
    #####:  364:  if (currentPlayer < (state->numPlayers - 1)){ 
branch  0 never executed
branch  1 never executed
    #####:  365:    state->whoseTurn = currentPlayer + 1;//Still safe to increment
    #####:  366:  }
        -:  367:  else{
    #####:  368:    state->whoseTurn = 0;//Max player has been reached, loop back around to player 1
        -:  369:  }
        -:  370:
    #####:  371:  state->outpostPlayed = 0;
    #####:  372:  state->phase = 0;
    #####:  373:  state->numActions = 1;
    #####:  374:  state->coins = 0;
    #####:  375:  state->numBuys = 1;
    #####:  376:  state->playedCardCount = 0;
    #####:  377:  state->handCount[state->whoseTurn] = 0;
        -:  378:
        -:  379:  //int k; move to top
        -:  380:  //Next player draws hand
    #####:  381:  for (k = 0; k < 5; k++){
branch  0 never executed
branch  1 never executed
    #####:  382:    drawCard(state->whoseTurn, state);//Draw a card
    #####:  383:  }
        -:  384:
        -:  385:  //Update money
    #####:  386:  updateCoins(state->whoseTurn, state , 0);
        -:  387:
    #####:  388:  return 0;
        -:  389:}
        -:  390:
function isGameOver called 0 returned 0% blocks executed 0%
        -:  391:int isGameOver(struct gameState *state) {
        -:  392:  int i;
        -:  393:  int j;
        -:  394:	
        -:  395:  //if stack of Province cards is empty, the game ends
    #####:  396:  if (state->supplyCount[province] == 0)
branch  0 never executed
branch  1 never executed
        -:  397:    {
    #####:  398:      return 1;
        -:  399:    }
        -:  400:
        -:  401:  //if three supply pile are at 0, the game ends
    #####:  402:  j = 0;
    #####:  403:  for (i = 0; i < 25; i++)
branch  0 never executed
branch  1 never executed
        -:  404:    {
    #####:  405:      if (state->supplyCount[i] == 0)
branch  0 never executed
branch  1 never executed
        -:  406:	{
    #####:  407:	  j++;
    #####:  408:	}
    #####:  409:    }
    #####:  410:  if ( j >= 3)
branch  0 never executed
branch  1 never executed
        -:  411:    {
    #####:  412:      return 1;
        -:  413:    }
        -:  414:
    #####:  415:  return 0;
    #####:  416:}
        -:  417:
function scoreFor called 0 returned 0% blocks executed 0%
        -:  418:int scoreFor (int player, struct gameState *state) {
        -:  419:
        -:  420:  int i;
    #####:  421:  int score = 0;
        -:  422:  //score from hand
    #####:  423:  for (i = 0; i < state->handCount[player]; i++)
branch  0 never executed
branch  1 never executed
        -:  424:    {
    #####:  425:      if (state->hand[player][i] == curse) { score = score - 1; };
branch  0 never executed
branch  1 never executed
    #####:  426:      if (state->hand[player][i] == estate) { score = score + 1; };
branch  0 never executed
branch  1 never executed
    #####:  427:      if (state->hand[player][i] == duchy) { score = score + 3; };
branch  0 never executed
branch  1 never executed
    #####:  428:      if (state->hand[player][i] == province) { score = score + 6; };
branch  0 never executed
branch  1 never executed
    #####:  429:      if (state->hand[player][i] == great_hall) { score = score + 1; };
branch  0 never executed
branch  1 never executed
    #####:  430:      if (state->hand[player][i] == gardens) { score = score + ( fullDeckCount(player, 0, state) / 10 ); };
branch  0 never executed
branch  1 never executed
    #####:  431:    }
        -:  432:
        -:  433:  //score from discard
    #####:  434:  for (i = 0; i < state->discardCount[player]; i++)
branch  0 never executed
branch  1 never executed
        -:  435:    {
    #####:  436:      if (state->discard[player][i] == curse) { score = score - 1; };
branch  0 never executed
branch  1 never executed
    #####:  437:      if (state->discard[player][i] == estate) { score = score + 1; };
branch  0 never executed
branch  1 never executed
    #####:  438:      if (state->discard[player][i] == duchy) { score = score + 3; };
branch  0 never executed
branch  1 never executed
    #####:  439:      if (state->discard[player][i] == province) { score = score + 6; };
branch  0 never executed
branch  1 never executed
    #####:  440:      if (state->discard[player][i] == great_hall) { score = score + 1; };
branch  0 never executed
branch  1 never executed
    #####:  441:      if (state->discard[player][i] == gardens) { score = score + ( fullDeckCount(player, 0, state) / 10 ); };
branch  0 never executed
branch  1 never executed
    #####:  442:    }
        -:  443:
        -:  444:  //score from deck
    #####:  445:  for (i = 0; i < state->discardCount[player]; i++)
branch  0 never executed
branch  1 never executed
        -:  446:    {
    #####:  447:      if (state->deck[player][i] == curse) { score = score - 1; };
branch  0 never executed
branch  1 never executed
    #####:  448:      if (state->deck[player][i] == estate) { score = score + 1; };
branch  0 never executed
branch  1 never executed
    #####:  449:      if (state->deck[player][i] == duchy) { score = score + 3; };
branch  0 never executed
branch  1 never executed
    #####:  450:      if (state->deck[player][i] == province) { score = score + 6; };
branch  0 never executed
branch  1 never executed
    #####:  451:      if (state->deck[player][i] == great_hall) { score = score + 1; };
branch  0 never executed
branch  1 never executed
    #####:  452:      if (state->deck[player][i] == gardens) { score = score + ( fullDeckCount(player, 0, state) / 10 ); };
branch  0 never executed
branch  1 never executed
    #####:  453:    }
        -:  454:
    #####:  455:  return score;
        -:  456:}
        -:  457:
function getWinners called 0 returned 0% blocks executed 0%
        -:  458:int getWinners(int players[MAX_PLAYERS], struct gameState *state) {
        -:  459:  int i;	
        -:  460:  int j;
        -:  461:  int highScore;
        -:  462:  int currentPlayer;
        -:  463:
        -:  464:  //get score for each player
    #####:  465:  for (i = 0; i < MAX_PLAYERS; i++)
branch  0 never executed
branch  1 never executed
        -:  466:    {
        -:  467:      //set unused player scores to -9999
    #####:  468:      if (i >= state->numPlayers)
branch  0 never executed
branch  1 never executed
        -:  469:	{
    #####:  470:	  players[i] = -9999;
    #####:  471:	}
        -:  472:      else
        -:  473:	{
    #####:  474:	  players[i] = scoreFor (i, state);
        -:  475:	}
    #####:  476:    }
        -:  477:
        -:  478:  //find highest score
    #####:  479:  j = 0;
    #####:  480:  for (i = 0; i < MAX_PLAYERS; i++)
branch  0 never executed
branch  1 never executed
        -:  481:    {
    #####:  482:      if (players[i] > players[j])
branch  0 never executed
branch  1 never executed
        -:  483:	{
    #####:  484:	  j = i;
    #####:  485:	}
    #####:  486:    }
    #####:  487:  highScore = players[j];
        -:  488:
        -:  489:  //add 1 to players who had less turns
    #####:  490:  currentPlayer = whoseTurn(state);
    #####:  491:  for (i = 0; i < MAX_PLAYERS; i++)
branch  0 never executed
branch  1 never executed
        -:  492:    {
    #####:  493:      if ( players[i] == highScore && i > currentPlayer )
branch  0 never executed
branch  1 never executed
branch  2 never executed
branch  3 never executed
        -:  494:	{
    #####:  495:	  players[i]++;
    #####:  496:	}
    #####:  497:    }
        -:  498:
        -:  499:  //find new highest score
    #####:  500:  j = 0;
    #####:  501:  for (i = 0; i < MAX_PLAYERS; i++)
branch  0 never executed
branch  1 never executed
        -:  502:    {
    #####:  503:      if ( players[i] > players[j] )
branch  0 never executed
branch  1 never executed
        -:  504:	{
    #####:  505:	  j = i;
    #####:  506:	}
    #####:  507:    }
    #####:  508:  highScore = players[j];
        -:  509:
        -:  510:  //set winners in array to 1 and rest to 0
    #####:  511:  for (i = 0; i < MAX_PLAYERS; i++)
branch  0 never executed
branch  1 never executed
        -:  512:    {
    #####:  513:      if ( players[i] == highScore )
branch  0 never executed
branch  1 never executed
        -:  514:	{
    #####:  515:	  players[i] = 1;
    #####:  516:	}
        -:  517:      else
        -:  518:	{
    #####:  519:	  players[i] = 0;
        -:  520:	}
    #####:  521:    }
        -:  522:
    #####:  523:  return 0;
        -:  524:}
        -:  525:
function drawCard called 370 returned 100% blocks executed 41%
        -:  526:int drawCard(int player, struct gameState *state)
        -:  527:{	int count;
        -:  528:  int deckCounter;
      370:  529:  if (state->deckCount[player] <= 0){//Deck is empty
branch  0 taken 0%
branch  1 taken 100%
        -:  530:    
        -:  531:    //Step 1 Shuffle the discard pile back into a deck
        -:  532:    int i;
        -:  533:    //Move discard to deck
    #####:  534:    for (i = 0; i < state->discardCount[player];i++){
branch  0 never executed
branch  1 never executed
    #####:  535:      state->deck[player][i] = state->discard[player][i];
    #####:  536:      state->discard[player][i] = -1;
    #####:  537:    }
        -:  538:
    #####:  539:    state->deckCount[player] = state->discardCount[player];
    #####:  540:    state->discardCount[player] = 0;//Reset discard
        -:  541:
        -:  542:    //Shufffle the deck
    #####:  543:    shuffle(player, state);//Shuffle the deck up and make it so that we can draw
        -:  544:   
        -:  545:    if (DEBUG){//Debug statements
        -:  546:      printf("Deck count now: %d\n", state->deckCount[player]);
        -:  547:    }
        -:  548:    
    #####:  549:    state->discardCount[player] = 0;
        -:  550:
        -:  551:    //Step 2 Draw Card
    #####:  552:    count = state->handCount[player];//Get current player's hand count
        -:  553:    
        -:  554:    if (DEBUG){//Debug statements
        -:  555:      printf("Current hand count: %d\n", count);
        -:  556:    }
        -:  557:    
    #####:  558:    deckCounter = state->deckCount[player];//Create a holder for the deck count
        -:  559:
    #####:  560:    if (deckCounter == 0)
branch  0 never executed
branch  1 never executed
    #####:  561:      return -1;
        -:  562:
    #####:  563:    state->hand[player][count] = state->deck[player][deckCounter - 1];//Add card to hand
    #####:  564:    state->deckCount[player]--;
    #####:  565:    state->handCount[player]++;//Increment hand count
    #####:  566:  }
        -:  567:
        -:  568:  else{
      370:  569:    int count = state->handCount[player];//Get current hand count for player
        -:  570:    int deckCounter;
        -:  571:    if (DEBUG){//Debug statements
        -:  572:      printf("Current hand count: %d\n", count);
        -:  573:    }
        -:  574:
      370:  575:    deckCounter = state->deckCount[player];//Create holder for the deck count
      370:  576:    state->hand[player][count] = state->deck[player][deckCounter - 1];//Add card to the hand
      370:  577:    state->deckCount[player]--;
      370:  578:    state->handCount[player]++;//Increment hand count
        -:  579:  }
        -:  580:
      370:  581:  return 0;
      370:  582:}
        -:  583:
function getCost called 0 returned 0% blocks executed 0%
        -:  584:int getCost(int cardNumber)
        -:  585:{
    #####:  586:  switch( cardNumber ) 
branch  0 never executed
branch  1 never executed
branch  2 never executed
branch  3 never executed
branch  4 never executed
branch  5 never executed
branch  6 never executed
branch  7 never executed
branch  8 never executed
branch  9 never executed
branch 10 never executed
branch 11 never executed
branch 12 never executed
branch 13 never executed
branch 14 never executed
branch 15 never executed
branch 16 never executed
branch 17 never executed
branch 18 never executed
branch 19 never executed
branch 20 never executed
branch 21 never executed
branch 22 never executed
branch 23 never executed
branch 24 never executed
branch 25 never executed
branch 26 never executed
branch 27 never executed
        -:  587:    {
        -:  588:    case curse:
    #####:  589:      return 0;
        -:  590:    case estate:
    #####:  591:      return 2;
        -:  592:    case duchy:
    #####:  593:      return 5;
        -:  594:    case province:
    #####:  595:      return 8;
        -:  596:    case copper:
    #####:  597:      return 0;
        -:  598:    case silver:
    #####:  599:      return 3;
        -:  600:    case gold:
    #####:  601:      return 6;
        -:  602:    case adventurer:
    #####:  603:      return 6;
        -:  604:    case council_room:
    #####:  605:      return 5;
        -:  606:    case feast:
    #####:  607:      return 4;
        -:  608:    case gardens:
    #####:  609:      return 4;
        -:  610:    case mine:
    #####:  611:      return 5;
        -:  612:    case remodel:
    #####:  613:      return 4;
        -:  614:    case smithy:
    #####:  615:      return 4;
        -:  616:    case village:
    #####:  617:      return 3;
        -:  618:    case baron:
    #####:  619:      return 4;
        -:  620:    case great_hall:
    #####:  621:      return 3;
        -:  622:    case minion:
    #####:  623:      return 5;
        -:  624:    case steward:
    #####:  625:      return 3;
        -:  626:    case tribute:
    #####:  627:      return 5;
        -:  628:    case ambassador:
    #####:  629:      return 3;
        -:  630:    case cutpurse:
    #####:  631:      return 4;
        -:  632:    case embargo: 
    #####:  633:      return 2;
        -:  634:    case outpost:
    #####:  635:      return 5;
        -:  636:    case salvager:
    #####:  637:      return 4;
        -:  638:    case sea_hag:
    #####:  639:      return 4;
        -:  640:    case treasure_map:
    #####:  641:      return 4;
        -:  642:    }
        -:  643:	
    #####:  644:  return -1;
    #####:  645:}
        -:  646:
function adventureCardEffect called 0 returned 0% blocks executed 0%
        -:  647:int adventureCardEffect(int drawntreasure, struct gameState *state, int currentPlayer, int cardDrawn, int temphand[], int z) {
    #####:  648:  while(drawntreasure<2){
branch  0 never executed
branch  1 never executed
    #####:  649:  	if (state->deckCount[currentPlayer] < 1) {//if the deck is empty we need to shuffle discard and add to deck
branch  0 never executed
branch  1 never executed
    #####:  650:        shuffle(currentPlayer, state);
    #####:  651:    }
    #####:  652:  	drawCard(currentPlayer, state);
    #####:  653:  	cardDrawn = state->hand[currentPlayer][state->handCount[currentPlayer]-1];//top card of hand is most recently drawn card.
    #####:  654:  	if (cardDrawn == copper || cardDrawn == silver || cardDrawn == gold)
branch  0 never executed
branch  1 never executed
branch  2 never executed
branch  3 never executed
branch  4 never executed
branch  5 never executed
    #####:  655:  	  drawntreasure++;
        -:  656:  	else{
    #####:  657:  	  temphand[z]=cardDrawn;
    #####:  658:  	  state->handCount[currentPlayer]--; //this should just remove the top card (the most recently drawn one).
    #####:  659:  	  z++;
        -:  660:  	}
        -:  661:        }
    #####:  662:        while(z-1>=0){
branch  0 never executed
branch  1 never executed
    #####:  663:  	state->discard[currentPlayer][state->discardCount[currentPlayer]++]=temphand[z-1]; // discard all cards in play that have been drawn
    #####:  664:  	z=z-1;
        -:  665:        }
    #####:  666:        return 0;
        -:  667:}
        -:  668:
function smithyCardEffect called 0 returned 0% blocks executed 0%
        -:  669:int smithyCardEffect(int currentPlayer, struct gameState *state, int handPos) {
        -:  670:    //+3 Cards
    #####:  671:         for (int i = 0; i < 2; i++)
branch  0 never executed
branch  1 never executed
        -:  672:   	{
    #####:  673:   	  drawCard(currentPlayer, state);
    #####:  674:   	}
        -:  675:
        -:  676:         //discard card from hand
    #####:  677:         discardCard(handPos, currentPlayer, state, 0);
    #####:  678:         return 0;
        -:  679:}
function council_roomEffect called 0 returned 0% blocks executed 0%
        -:  680:int council_roomEffect (int currentPlayer, struct gameState *state, int handPos){
        -:  681:    //+4 Cards
    #####:  682:        for (int i = 0; i < 4; i++)
branch  0 never executed
branch  1 never executed
        -:  683:  	{
    #####:  684:  	  drawCard(currentPlayer, state);
    #####:  685:  	}
        -:  686:
        -:  687:        //+1 Buy
    #####:  688:        state->numBuys += 2;
        -:  689:
        -:  690:        //Each other player draws a card
    #####:  691:        for (int i = 0; i < state->numPlayers; i++)
branch  0 never executed
branch  1 never executed
        -:  692:  	{
    #####:  693:  	  if ( i != currentPlayer )
branch  0 never executed
branch  1 never executed
        -:  694:  	    {
    #####:  695:  	      drawCard(i, state);
    #####:  696:  	    }
    #####:  697:  	}
        -:  698:
        -:  699:        //put played card in played card pile
    #####:  700:        discardCard(handPos, currentPlayer, state, 0);
        -:  701:
    #####:  702:        return 0;
        -:  703:}
        -:  704:
function villageEffect called 50 returned 100% blocks executed 100%
        -:  705:int villageEffect(int currentPlayer, struct gameState *state, int handPos){
        -:  706:        //+1 Card
       50:  707:         drawCard(currentPlayer, state);
        -:  708:
        -:  709:         //+2 Actions
       50:  710:         state->numActions = state->numActions + 2;
        -:  711:
        -:  712:         //discard played card from hand
       50:  713:         discardCard(handPos, currentPlayer, state, 0);
       50:  714:         return 0;
        -:  715:}
        -:  716:
function greatHallEffect called 50 returned 100% blocks executed 100%
        -:  717:int greatHallEffect(int currentPlayer, struct gameState *state, int handPos){
        -:  718:         //+1 Card
       50:  719:         drawCard(currentPlayer, state);
        -:  720:
        -:  721:         //+1 Actions
       50:  722:         state->numActions++;
        -:  723:
        -:  724:         //discard card from hand
       50:  725:         discardCard(handPos, currentPlayer, state, 0);
       50:  726:         return 0;
        -:  727:}
        -:  728:
function stewardEffect called 0 returned 0% blocks executed 0%
        -:  729:int stewardEffect(int choice1, int choice2, int choice3, int handPos, int currentPlayer, struct gameState *state){
    #####:  730:    if (choice1 == 1)
branch  0 never executed
branch  1 never executed
        -:  731:  	{
        -:  732:  	  //+2 cards
    #####:  733:  	  drawCard(currentPlayer, state);
    #####:  734:  	  drawCard(currentPlayer, state);
    #####:  735:  	}
    #####:  736:        else if (choice1 == 2)
branch  0 never executed
branch  1 never executed
        -:  737:  	{
        -:  738:  	  //+2 coins
    #####:  739:  	  state->coins = state->coins + 6;
    #####:  740:  	}
        -:  741:        else
        -:  742:  	{
        -:  743:  	  //trash 2 cards in hand
    #####:  744:  	  discardCard(choice2, currentPlayer, state, 1);
    #####:  745:  	  discardCard(choice3, currentPlayer, state, 1);
    #####:  746:      discardCard(choice3, currentPlayer, state, 1);
        -:  747:  	}
        -:  748:
        -:  749:        //discard card from hand
    #####:  750:        discardCard(handPos, currentPlayer, state, 0);
    #####:  751:        return 0;
        -:  752:}
        -:  753:
function cardEffect called 100 returned 100% blocks executed 3%
        -:  754:int cardEffect(int card, int choice1, int choice2, int choice3, struct gameState *state, int handPos, int *bonus)
        -:  755:{
        -:  756:  int i;
        -:  757:  int j;
        -:  758:  int k;
        -:  759:  int x;
        -:  760:  int index;
      100:  761:  int currentPlayer = whoseTurn(state);
      100:  762:  int nextPlayer = currentPlayer + 1;
        -:  763:
      100:  764:  int tributeRevealedCards[2] = {-1, -1};
        -:  765:  int temphand[MAX_HAND];// moved above the if statement
      100:  766:  int drawntreasure=0;
      100:  767:  int cardDrawn = 0;
      100:  768:  int z = 0;// this is the counter for the temp hand
      100:  769:  if (nextPlayer > (state->numPlayers - 1)){
branch  0 taken 2%
branch  1 taken 98%
        2:  770:    nextPlayer = 0;
        2:  771:  }
        -:  772:	
        -:  773:  //uses switch to select card and perform actions
      100:  774:  switch( card ) 
branch  0 taken 0%
branch  1 taken 0%
branch  2 taken 0%
branch  3 taken 0%
branch  4 taken 0%
branch  5 taken 0%
branch  6 taken 0%
branch  7 taken 50%
branch  8 taken 0%
branch  9 taken 50%
branch 10 taken 0%
branch 11 taken 0%
branch 12 taken 0%
branch 13 taken 0%
branch 14 taken 0%
branch 15 taken 0%
branch 16 taken 0%
branch 17 taken 0%
branch 18 taken 0%
branch 19 taken 0%
branch 20 taken 0%
        -:  775:    {
        -:  776:    case adventurer:
    #####:  777:      return adventureCardEffect(drawntreasure, state, currentPlayer, cardDrawn, temphand, z);
        -:  778:
        -:  779:    case council_room:
    #####:  780:        return council_roomEffect (currentPlayer, state, handPos);
        -:  781:			
        -:  782:    case feast:
        -:  783:      //gain card with cost up to 5
        -:  784:      //Backup hand
    #####:  785:      for (i = 0; i <= state->handCount[currentPlayer]; i++){
branch  0 never executed
branch  1 never executed
    #####:  786:	temphand[i] = state->hand[currentPlayer][i];//Backup card
    #####:  787:	state->hand[currentPlayer][i] = -1;//Set to nothing
    #####:  788:      }
        -:  789:      //Backup hand
        -:  790:
        -:  791:      //Update Coins for Buy
    #####:  792:      updateCoins(currentPlayer, state, 5);
    #####:  793:      x = 1;//Condition to loop on
    #####:  794:      while( x == 1) {//Buy one card
branch  0 never executed
branch  1 never executed
    #####:  795:	if (supplyCount(choice1, state) <= 0){
branch  0 never executed
branch  1 never executed
        -:  796:	  if (DEBUG)
        -:  797:	    printf("None of that card left, sorry!\n");
        -:  798:
        -:  799:	  if (DEBUG){
        -:  800:	    printf("Cards Left: %d\n", supplyCount(choice1, state));
        -:  801:	  }
    #####:  802:	}
    #####:  803:	else if (state->coins < getCost(choice1)){
branch  0 never executed
branch  1 never executed
    #####:  804:	  printf("That card is too expensive!\n");
        -:  805:
        -:  806:	  if (DEBUG){
        -:  807:	    printf("Coins: %d < %d\n", state->coins, getCost(choice1));
        -:  808:	  }
    #####:  809:	}
        -:  810:	else{
        -:  811:
        -:  812:	  if (DEBUG){
        -:  813:	    printf("Deck Count: %d\n", state->handCount[currentPlayer] + state->deckCount[currentPlayer] + state->discardCount[currentPlayer]);
        -:  814:	  }
        -:  815:
    #####:  816:	  gainCard(choice1, state, 0, currentPlayer);//Gain the card
    #####:  817:	  x = 0;//No more buying cards
        -:  818:
        -:  819:	  if (DEBUG){
        -:  820:	    printf("Deck Count: %d\n", state->handCount[currentPlayer] + state->deckCount[currentPlayer] + state->discardCount[currentPlayer]);
        -:  821:	  }
        -:  822:
        -:  823:	}
        -:  824:      }     
        -:  825:
        -:  826:      //Reset Hand
    #####:  827:      for (i = 0; i <= state->handCount[currentPlayer]; i++){
branch  0 never executed
branch  1 never executed
    #####:  828:	state->hand[currentPlayer][i] = temphand[i];
    #####:  829:	temphand[i] = -1;
    #####:  830:      }
        -:  831:      //Reset Hand
        -:  832:      			
    #####:  833:      return 0;
        -:  834:			
        -:  835:    case gardens:
    #####:  836:      return -1;
        -:  837:			
        -:  838:    case mine:
    #####:  839:      j = state->hand[currentPlayer][choice1];  //store card we will trash
        -:  840:
    #####:  841:      if (state->hand[currentPlayer][choice1] < copper || state->hand[currentPlayer][choice1] > gold)
branch  0 never executed
branch  1 never executed
branch  2 never executed
branch  3 never executed
        -:  842:	{
    #####:  843:	  return -1;
        -:  844:	}
        -:  845:
    #####:  846:      if (choice2 > treasure_map || choice2 < curse)
branch  0 never executed
branch  1 never executed
branch  2 never executed
branch  3 never executed
        -:  847:	{
    #####:  848:	  return -1;
        -:  849:	}
        -:  850:
    #####:  851:      if ( (getCost(state->hand[currentPlayer][choice1]) + 3) > getCost(choice2) )
branch  0 never executed
branch  1 never executed
        -:  852:	{
    #####:  853:	  return -1;
        -:  854:	}
        -:  855:
    #####:  856:      gainCard(choice2, state, 2, currentPlayer);
        -:  857:
        -:  858:      //discard card from hand
    #####:  859:      discardCard(handPos, currentPlayer, state, 0);
        -:  860:
        -:  861:      //discard trashed card
    #####:  862:      for (i = 0; i < state->handCount[currentPlayer]; i++)
branch  0 never executed
branch  1 never executed
        -:  863:	{
    #####:  864:	  if (state->hand[currentPlayer][i] == j)
branch  0 never executed
branch  1 never executed
        -:  865:	    {
    #####:  866:	      discardCard(i, currentPlayer, state, 0);
    #####:  867:	      break;
        -:  868:	    }
    #####:  869:	}
        -:  870:
    #####:  871:      return 0;
        -:  872:			
        -:  873:    case remodel:
    #####:  874:      j = state->hand[currentPlayer][choice1];  //store card we will trash
        -:  875:
    #####:  876:      if ( (getCost(state->hand[currentPlayer][choice1]) + 2) > getCost(choice2) )
branch  0 never executed
branch  1 never executed
        -:  877:	{
    #####:  878:	  return -1;
        -:  879:	}
        -:  880:
    #####:  881:      gainCard(choice2, state, 0, currentPlayer);
        -:  882:
        -:  883:      //discard card from hand
    #####:  884:      discardCard(handPos, currentPlayer, state, 0);
        -:  885:
        -:  886:      //discard trashed card
    #####:  887:      for (i = 0; i < state->handCount[currentPlayer]; i++)
branch  0 never executed
branch  1 never executed
        -:  888:	{
    #####:  889:	  if (state->hand[currentPlayer][i] == j)
branch  0 never executed
branch  1 never executed
        -:  890:	    {
    #####:  891:	      discardCard(i, currentPlayer, state, 0);			
    #####:  892:	      break;
        -:  893:	    }
    #####:  894:	}
        -:  895:
        -:  896:
    #####:  897:      return 0;
        -:  898:		
        -:  899:    case smithy:
        -:  900:
    #####:  901:        return smithyCardEffect(currentPlayer, state, handPos);
        -:  902:		
        -:  903:    case village:
       50:  904:        return villageEffect(currentPlayer, state, handPos);
        -:  905:
        -:  906:		
        -:  907:    case baron:
    #####:  908:      state->numBuys++;//Increase buys by 1!
    #####:  909:      if (choice1 > 0){//Boolean true or going to discard an estate
branch  0 never executed
branch  1 never executed
    #####:  910:	int p = 0;//Iterator for hand!
    #####:  911:	int card_not_discarded = 1;//Flag for discard set!
    #####:  912:	while(card_not_discarded){
branch  0 never executed
branch  1 never executed
    #####:  913:	  if (state->hand[currentPlayer][p] == estate){//Found an estate card!
branch  0 never executed
branch  1 never executed
    #####:  914:	    state->coins += 4;//Add 4 coins to the amount of coins
    #####:  915:	    state->discard[currentPlayer][state->discardCount[currentPlayer]] = state->hand[currentPlayer][p];
    #####:  916:	    state->discardCount[currentPlayer]++;
    #####:  917:	    for (;p < state->handCount[currentPlayer]; p++){
branch  0 never executed
branch  1 never executed
    #####:  918:	      state->hand[currentPlayer][p] = state->hand[currentPlayer][p+1];
    #####:  919:	    }
    #####:  920:	    state->hand[currentPlayer][state->handCount[currentPlayer]] = -1;
    #####:  921:	    state->handCount[currentPlayer]--;
    #####:  922:	    card_not_discarded = 0;//Exit the loop
    #####:  923:	  }
    #####:  924:	  else if (p > state->handCount[currentPlayer]){
branch  0 never executed
branch  1 never executed
        -:  925:	    if(DEBUG) {
        -:  926:	      printf("No estate cards in your hand, invalid choice\n");
        -:  927:	      printf("Must gain an estate if there are any\n");
        -:  928:	    }
    #####:  929:	    if (supplyCount(estate, state) > 0){
branch  0 never executed
branch  1 never executed
    #####:  930:	      gainCard(estate, state, 0, currentPlayer);
    #####:  931:	      state->supplyCount[estate]--;//Decrement estates
    #####:  932:	      if (supplyCount(estate, state) == 0){
branch  0 never executed
branch  1 never executed
    #####:  933:		isGameOver(state);
    #####:  934:	      }
    #####:  935:	    }
    #####:  936:	    card_not_discarded = 0;//Exit the loop
    #####:  937:	  }
        -:  938:			    
        -:  939:	  else{
    #####:  940:	    p++;//Next card
        -:  941:	  }
        -:  942:	}
    #####:  943:      }
        -:  944:			    
        -:  945:      else{
    #####:  946:	if (supplyCount(estate, state) > 0){
branch  0 never executed
branch  1 never executed
    #####:  947:	  gainCard(estate, state, 0, currentPlayer);//Gain an estate
    #####:  948:	  state->supplyCount[estate]--;//Decrement Estates
    #####:  949:	  if (supplyCount(estate, state) == 0){
branch  0 never executed
branch  1 never executed
    #####:  950:	    isGameOver(state);
    #####:  951:	  }
    #####:  952:	}
        -:  953:      }
        -:  954:	    
        -:  955:      
    #####:  956:      return 0;
        -:  957:		
        -:  958:    case great_hall:
       50:  959:        return greatHallEffect (currentPlayer, state, handPos);
        -:  960:		
        -:  961:    case minion:
        -:  962:      //+1 action
    #####:  963:      state->numActions++;
        -:  964:			
        -:  965:      //discard card from hand
    #####:  966:      discardCard(handPos, currentPlayer, state, 0);
        -:  967:			
    #####:  968:      if (choice1)		//+2 coins
branch  0 never executed
branch  1 never executed
        -:  969:	{
    #####:  970:	  state->coins = state->coins + 2;
    #####:  971:	}
        -:  972:			
    #####:  973:      else if (choice2)		//discard hand, redraw 4, other players with 5+ cards discard hand and draw 4
branch  0 never executed
branch  1 never executed
        -:  974:	{
        -:  975:	  //discard hand
    #####:  976:	  while(numHandCards(state) > 0)
branch  0 never executed
branch  1 never executed
        -:  977:	    {
    #####:  978:	      discardCard(handPos, currentPlayer, state, 0);
        -:  979:	    }
        -:  980:				
        -:  981:	  //draw 4
    #####:  982:	  for (i = 0; i < 4; i++)
branch  0 never executed
branch  1 never executed
        -:  983:	    {
    #####:  984:	      drawCard(currentPlayer, state);
    #####:  985:	    }
        -:  986:				
        -:  987:	  //other players discard hand and redraw if hand size > 4
    #####:  988:	  for (i = 0; i < state->numPlayers; i++)
branch  0 never executed
branch  1 never executed
        -:  989:	    {
    #####:  990:	      if (i != currentPlayer)
branch  0 never executed
branch  1 never executed
        -:  991:		{
    #####:  992:		  if ( state->handCount[i] > 4 )
branch  0 never executed
branch  1 never executed
        -:  993:		    {
        -:  994:		      //discard hand
    #####:  995:		      while( state->handCount[i] > 0 )
branch  0 never executed
branch  1 never executed
        -:  996:			{
    #####:  997:			  discardCard(handPos, i, state, 0);
        -:  998:			}
        -:  999:							
        -: 1000:		      //draw 4
    #####: 1001:		      for (j = 0; j < 4; j++)
branch  0 never executed
branch  1 never executed
        -: 1002:			{
    #####: 1003:			  drawCard(i, state);
    #####: 1004:			}
    #####: 1005:		    }
    #####: 1006:		}
    #####: 1007:	    }
        -: 1008:				
    #####: 1009:	}
    #####: 1010:      return 0;
        -: 1011:		
        -: 1012:    case steward:
        -: 1013:
    #####: 1014:      return stewardEffect(choice1, choice2, choice3, handPos, currentPlayer, state);
        -: 1015:		
        -: 1016:    case tribute:
    #####: 1017:      if ((state->discardCount[nextPlayer] + state->deckCount[nextPlayer]) <= 1){
branch  0 never executed
branch  1 never executed
    #####: 1018:	if (state->deckCount[nextPlayer] > 0){
branch  0 never executed
branch  1 never executed
    #####: 1019:	  tributeRevealedCards[0] = state->deck[nextPlayer][state->deckCount[nextPlayer]-1];
    #####: 1020:	  state->deckCount[nextPlayer]--;
    #####: 1021:	}
    #####: 1022:	else if (state->discardCount[nextPlayer] > 0){
branch  0 never executed
branch  1 never executed
    #####: 1023:	  tributeRevealedCards[0] = state->discard[nextPlayer][state->discardCount[nextPlayer]-1];
    #####: 1024:	  state->discardCount[nextPlayer]--;
    #####: 1025:	}
        -: 1026:	else{
        -: 1027:	  //No Card to Reveal
        -: 1028:	  if (DEBUG){
        -: 1029:	    printf("No cards to reveal\n");
        -: 1030:	  }
        -: 1031:	}
    #####: 1032:      }
        -: 1033:	    
        -: 1034:      else{
    #####: 1035:	if (state->deckCount[nextPlayer] == 0){
branch  0 never executed
branch  1 never executed
    #####: 1036:	  for (i = 0; i < state->discardCount[nextPlayer]; i++){
branch  0 never executed
branch  1 never executed
    #####: 1037:	    state->deck[nextPlayer][i] = state->discard[nextPlayer][i];//Move to deck
    #####: 1038:	    state->deckCount[nextPlayer]++;
    #####: 1039:	    state->discard[nextPlayer][i] = -1;
    #####: 1040:	    state->discardCount[nextPlayer]--;
    #####: 1041:	  }
        -: 1042:			    
    #####: 1043:	  shuffle(nextPlayer,state);//Shuffle the deck
    #####: 1044:	} 
    #####: 1045:	tributeRevealedCards[0] = state->deck[nextPlayer][state->deckCount[nextPlayer]-1];
    #####: 1046:	state->deck[nextPlayer][state->deckCount[nextPlayer]--] = -1;
    #####: 1047:	state->deckCount[nextPlayer]--;
    #####: 1048:	tributeRevealedCards[1] = state->deck[nextPlayer][state->deckCount[nextPlayer]-1];
    #####: 1049:	state->deck[nextPlayer][state->deckCount[nextPlayer]--] = -1;
    #####: 1050:	state->deckCount[nextPlayer]--;
        -: 1051:      }    
        -: 1052:		       
    #####: 1053:      if (tributeRevealedCards[0] == tributeRevealedCards[1]){//If we have a duplicate card, just drop one 
branch  0 never executed
branch  1 never executed
    #####: 1054:	state->playedCards[state->playedCardCount] = tributeRevealedCards[1];
    #####: 1055:	state->playedCardCount++;
    #####: 1056:	tributeRevealedCards[1] = -1;
    #####: 1057:      }
        -: 1058:
    #####: 1059:      for (i = 0; i <= 2; i ++){
branch  0 never executed
branch  1 never executed
    #####: 1060:	if (tributeRevealedCards[i] == copper || tributeRevealedCards[i] == silver || tributeRevealedCards[i] == gold){//Treasure cards
branch  0 never executed
branch  1 never executed
branch  2 never executed
branch  3 never executed
branch  4 never executed
branch  5 never executed
    #####: 1061:	  state->coins += 2;
    #####: 1062:	}
        -: 1063:		    
    #####: 1064:	else if (tributeRevealedCards[i] == estate || tributeRevealedCards[i] == duchy || tributeRevealedCards[i] == province || tributeRevealedCards[i] == gardens || tributeRevealedCards[i] == great_hall){//Victory Card Found
branch  0 never executed
branch  1 never executed
branch  2 never executed
branch  3 never executed
branch  4 never executed
branch  5 never executed
branch  6 never executed
branch  7 never executed
branch  8 never executed
branch  9 never executed
    #####: 1065:	  drawCard(currentPlayer, state);
    #####: 1066:	  drawCard(currentPlayer, state);
    #####: 1067:	}
        -: 1068:	else{//Action Card
    #####: 1069:	  state->numActions = state->numActions + 2;
        -: 1070:	}
    #####: 1071:      }
        -: 1072:	    
    #####: 1073:      return 0;
        -: 1074:		
        -: 1075:    case ambassador:
    #####: 1076:      j = 0;		//used to check if player has enough cards to discard
        -: 1077:
    #####: 1078:      if (choice2 > 2 || choice2 < 0)
branch  0 never executed
branch  1 never executed
branch  2 never executed
branch  3 never executed
        -: 1079:	{
    #####: 1080:	  return -1;				
        -: 1081:	}
        -: 1082:
    #####: 1083:      if (choice1 == handPos)
branch  0 never executed
branch  1 never executed
        -: 1084:	{
    #####: 1085:	  return -1;
        -: 1086:	}
        -: 1087:
    #####: 1088:      for (i = 0; i < state->handCount[currentPlayer]; i++)
branch  0 never executed
branch  1 never executed
        -: 1089:	{
    #####: 1090:	  if (i != handPos && i == state->hand[currentPlayer][choice1] && i != choice1)
branch  0 never executed
branch  1 never executed
branch  2 never executed
branch  3 never executed
branch  4 never executed
branch  5 never executed
        -: 1091:	    {
    #####: 1092:	      j++;
    #####: 1093:	    }
    #####: 1094:	}
    #####: 1095:      if (j < choice2)
branch  0 never executed
branch  1 never executed
        -: 1096:	{
    #####: 1097:	  return -1;				
        -: 1098:	}
        -: 1099:
        -: 1100:      if (DEBUG) 
        -: 1101:	printf("Player %d reveals card number: %d\n", currentPlayer, state->hand[currentPlayer][choice1]);
        -: 1102:
        -: 1103:      //increase supply count for choosen card by amount being discarded
    #####: 1104:      state->supplyCount[state->hand[currentPlayer][choice1]] += choice2;
        -: 1105:			
        -: 1106:      //each other player gains a copy of revealed card
    #####: 1107:      for (i = 0; i < state->numPlayers; i++)
branch  0 never executed
branch  1 never executed
        -: 1108:	{
    #####: 1109:	  if (i != currentPlayer)
branch  0 never executed
branch  1 never executed
        -: 1110:	    {
    #####: 1111:	      gainCard(state->hand[currentPlayer][choice1], state, 0, i);
    #####: 1112:	    }
    #####: 1113:	}
        -: 1114:
        -: 1115:      //discard played card from hand
    #####: 1116:      discardCard(handPos, currentPlayer, state, 0);			
        -: 1117:
        -: 1118:      //trash copies of cards returned to supply
    #####: 1119:      for (j = 0; j < choice2; j++)
branch  0 never executed
branch  1 never executed
        -: 1120:	{
    #####: 1121:	  for (i = 0; i < state->handCount[currentPlayer]; i++)
branch  0 never executed
branch  1 never executed
        -: 1122:	    {
    #####: 1123:	      if (state->hand[currentPlayer][i] == state->hand[currentPlayer][choice1])
branch  0 never executed
branch  1 never executed
        -: 1124:		{
    #####: 1125:		  discardCard(i, currentPlayer, state, 1);
    #####: 1126:		  break;
        -: 1127:		}
    #####: 1128:	    }
    #####: 1129:	}			
        -: 1130:
    #####: 1131:      return 0;
        -: 1132:		
        -: 1133:    case cutpurse:
        -: 1134:
    #####: 1135:      updateCoins(currentPlayer, state, 2);
    #####: 1136:      for (i = 0; i < state->numPlayers; i++)
branch  0 never executed
branch  1 never executed
        -: 1137:	{
    #####: 1138:	  if (i != currentPlayer)
branch  0 never executed
branch  1 never executed
        -: 1139:	    {
    #####: 1140:	      for (j = 0; j < state->handCount[i]; j++)
branch  0 never executed
branch  1 never executed
        -: 1141:		{
    #####: 1142:		  if (state->hand[i][j] == copper)
branch  0 never executed
branch  1 never executed
        -: 1143:		    {
    #####: 1144:		      discardCard(j, i, state, 0);
    #####: 1145:		      break;
        -: 1146:		    }
    #####: 1147:		  if (j == state->handCount[i])
branch  0 never executed
branch  1 never executed
        -: 1148:		    {
    #####: 1149:		      for (k = 0; k < state->handCount[i]; k++)
branch  0 never executed
branch  1 never executed
        -: 1150:			{
        -: 1151:			  if (DEBUG)
        -: 1152:			    printf("Player %d reveals card number %d\n", i, state->hand[i][k]);
    #####: 1153:			}	
    #####: 1154:		      break;
        -: 1155:		    }		
    #####: 1156:		}
        -: 1157:					
    #####: 1158:	    }
        -: 1159:				
    #####: 1160:	}				
        -: 1161:
        -: 1162:      //discard played card from hand
    #####: 1163:      discardCard(handPos, currentPlayer, state, 0);			
        -: 1164:
    #####: 1165:      return 0;
        -: 1166:
        -: 1167:		
        -: 1168:    case embargo: 
        -: 1169:      //+2 Coins
    #####: 1170:      state->coins = state->coins + 2;
        -: 1171:			
        -: 1172:      //see if selected pile is in play
    #####: 1173:      if ( state->supplyCount[choice1] == -1 )
branch  0 never executed
branch  1 never executed
        -: 1174:	{
    #####: 1175:	  return -1;
        -: 1176:	}
        -: 1177:			
        -: 1178:      //add embargo token to selected supply pile
    #####: 1179:      state->embargoTokens[choice1]++;
        -: 1180:			
        -: 1181:      //trash card
    #####: 1182:      discardCard(handPos, currentPlayer, state, 1);		
    #####: 1183:      return 0;
        -: 1184:		
        -: 1185:    case outpost:
        -: 1186:      //set outpost flag
    #####: 1187:      state->outpostPlayed++;
        -: 1188:			
        -: 1189:      //discard card
    #####: 1190:      discardCard(handPos, currentPlayer, state, 0);
    #####: 1191:      return 0;
        -: 1192:		
        -: 1193:    case salvager:
        -: 1194:      //+1 buy
    #####: 1195:      state->numBuys++;
        -: 1196:			
    #####: 1197:      if (choice1)
branch  0 never executed
branch  1 never executed
        -: 1198:	{
        -: 1199:	  //gain coins equal to trashed card
    #####: 1200:	  state->coins = state->coins + getCost( handCard(choice1, state) );
        -: 1201:	  //trash card
    #####: 1202:	  discardCard(choice1, currentPlayer, state, 1);	
    #####: 1203:	}
        -: 1204:			
        -: 1205:      //discard card
    #####: 1206:      discardCard(handPos, currentPlayer, state, 0);
    #####: 1207:      return 0;
        -: 1208:		
        -: 1209:    case sea_hag:
    #####: 1210:      for (i = 0; i < state->numPlayers; i++){
branch  0 never executed
branch  1 never executed
    #####: 1211:	if (i != currentPlayer){
branch  0 never executed
branch  1 never executed
    #####: 1212:	  state->discard[i][state->discardCount[i]] = state->deck[i][state->deckCount[i]--];			    state->deckCount[i]--;
    #####: 1213:	  state->discardCount[i]++;
    #####: 1214:	  state->deck[i][state->deckCount[i]--] = curse;//Top card now a curse
    #####: 1215:	}
    #####: 1216:      }
    #####: 1217:      return 0;
        -: 1218:		
        -: 1219:    case treasure_map:
        -: 1220:      //search hand for another treasure_map
    #####: 1221:      index = -1;
    #####: 1222:      for (i = 0; i < state->handCount[currentPlayer]; i++)
branch  0 never executed
branch  1 never executed
        -: 1223:	{
    #####: 1224:	  if (state->hand[currentPlayer][i] == treasure_map && i != handPos)
branch  0 never executed
branch  1 never executed
branch  2 never executed
branch  3 never executed
        -: 1225:	    {
    #####: 1226:	      index = i;
    #####: 1227:	      break;
        -: 1228:	    }
    #####: 1229:	}
    #####: 1230:      if (index > -1)
branch  0 never executed
branch  1 never executed
        -: 1231:	{
        -: 1232:	  //trash both treasure cards
    #####: 1233:	  discardCard(handPos, currentPlayer, state, 1);
    #####: 1234:	  discardCard(index, currentPlayer, state, 1);
        -: 1235:
        -: 1236:	  //gain 4 Gold cards
    #####: 1237:	  for (i = 0; i < 4; i++)
branch  0 never executed
branch  1 never executed
        -: 1238:	    {
    #####: 1239:	      gainCard(gold, state, 1, currentPlayer);
    #####: 1240:	    }
        -: 1241:				
        -: 1242:	  //return success
    #####: 1243:	  return 1;
        -: 1244:	}
        -: 1245:			
        -: 1246:      //no second treasure_map found in hand
    #####: 1247:      return -1;
        -: 1248:    }
        -: 1249:	
    #####: 1250:  return -1;
      100: 1251:}
        -: 1252:
function discardCard called 100 returned 100% blocks executed 80%
        -: 1253:int discardCard(int handPos, int currentPlayer, struct gameState *state, int trashFlag)
        -: 1254:{
        -: 1255:	
        -: 1256:  //if card is not trashed, added to Played pile 
      100: 1257:  if (trashFlag < 1)
branch  0 taken 100%
branch  1 taken 0%
        -: 1258:    {
        -: 1259:      //add card to played pile
      100: 1260:      state->playedCards[state->playedCardCount] = state->hand[currentPlayer][handPos]; 
      100: 1261:      state->playedCardCount++;
      100: 1262:    }
        -: 1263:	
        -: 1264:  //set played card to -1
      100: 1265:  state->hand[currentPlayer][handPos] = -1;
        -: 1266:	
        -: 1267:  //remove card from player's hand
      100: 1268:  if ( handPos == (state->handCount[currentPlayer] - 1) ) 	//last card in hand array is played
branch  0 taken 0%
branch  1 taken 100%
        -: 1269:    {
        -: 1270:      //reduce number of cards in hand
    #####: 1271:      state->handCount[currentPlayer]--;
    #####: 1272:    }
      100: 1273:  else if ( state->handCount[currentPlayer] == 1 ) //only one card in hand
branch  0 taken 0%
branch  1 taken 100%
        -: 1274:    {
        -: 1275:      //reduce number of cards in hand
    #####: 1276:      state->handCount[currentPlayer]--;
    #####: 1277:    }
        -: 1278:  else 	
        -: 1279:    {
        -: 1280:      //replace discarded card with last card in hand
      100: 1281:      state->hand[currentPlayer][handPos] = state->hand[currentPlayer][ (state->handCount[currentPlayer] - 1)];
        -: 1282:      //set last card to -1
      100: 1283:      state->hand[currentPlayer][state->handCount[currentPlayer] - 1] = -1;
        -: 1284:      //reduce number of cards in hand
      100: 1285:      state->handCount[currentPlayer]--;
        -: 1286:    }
        -: 1287:	
      100: 1288:  return 0;
        -: 1289:}
        -: 1290:
function gainCard called 0 returned 0% blocks executed 0%
        -: 1291:int gainCard(int supplyPos, struct gameState *state, int toFlag, int player)
        -: 1292:{
        -: 1293:  //Note: supplyPos is enum of choosen card
        -: 1294:	
        -: 1295:  //check if supply pile is empty (0) or card is not used in game (-1)
    #####: 1296:  if ( supplyCount(supplyPos, state) < 1 )
branch  0 never executed
branch  1 never executed
        -: 1297:    {
    #####: 1298:      return -1;
        -: 1299:    }
        -: 1300:	
        -: 1301:  //added card for [whoseTurn] current player:
        -: 1302:  // toFlag = 0 : add to discard
        -: 1303:  // toFlag = 1 : add to deck
        -: 1304:  // toFlag = 2 : add to hand
        -: 1305:
    #####: 1306:  if (toFlag == 1)
branch  0 never executed
branch  1 never executed
        -: 1307:    {
    #####: 1308:      state->deck[ player ][ state->deckCount[player] ] = supplyPos;
    #####: 1309:      state->deckCount[player]++;
    #####: 1310:    }
    #####: 1311:  else if (toFlag == 2)
branch  0 never executed
branch  1 never executed
        -: 1312:    {
    #####: 1313:      state->hand[ player ][ state->handCount[player] ] = supplyPos;
    #####: 1314:      state->handCount[player]++;
    #####: 1315:    }
        -: 1316:  else
        -: 1317:    {
    #####: 1318:      state->discard[player][ state->discardCount[player] ] = supplyPos;
    #####: 1319:      state->discardCount[player]++;
        -: 1320:    }
        -: 1321:	
        -: 1322:  //decrease number in supply pile
    #####: 1323:  state->supplyCount[supplyPos]--;
        -: 1324:	 
    #####: 1325:  return 0;
    #####: 1326:}
        -: 1327:
function updateCoins called 54 returned 100% blocks executed 85%
        -: 1328:int updateCoins(int player, struct gameState *state, int bonus)
        -: 1329:{
        -: 1330:  int i;
        -: 1331:	
        -: 1332:  //reset coin count
       54: 1333:  state->coins = 0;
        -: 1334:
        -: 1335:  //add coins for each Treasure card in player's hand
      648: 1336:  for (i = 0; i < state->handCount[player]; i++)
branch  0 taken 83%
branch  1 taken 17%
        -: 1337:    {
      270: 1338:      if (state->hand[player][i] == copper)
branch  0 taken 79%
branch  1 taken 21%
        -: 1339:	{
      214: 1340:	  state->coins += 1;
      214: 1341:	}
       56: 1342:      else if (state->hand[player][i] == silver)
branch  0 taken 0%
branch  1 taken 100%
        -: 1343:	{
    #####: 1344:	  state->coins += 2;
    #####: 1345:	}
       56: 1346:      else if (state->hand[player][i] == gold)
branch  0 taken 0%
branch  1 taken 100%
        -: 1347:	{
    #####: 1348:	  state->coins += 3;
    #####: 1349:	}	
      270: 1350:    }	
        -: 1351:
        -: 1352:  //add bonus
       54: 1353:  state->coins += bonus;
        -: 1354:
       54: 1355:  return 0;
        -: 1356:}
        -: 1357:
        -: 1358:
        -: 1359://end of dominion.c
        -: 1360:
