        -:    0:Source:dominion.c
        -:    0:Graph:dominion.gcno
        -:    0:Data:dominion.gcda
        -:    0:Runs:8
        -:    0:Programs:1
        -:    1:#include "dominion.h"
        -:    2:#include "dominion_helpers.h"
        -:    3:#include "rngs.h"
        -:    4:#include <stdio.h>
        -:    5:#include <math.h>
        -:    6:#include <stdlib.h>
        -:    7:
        -:    8:
function compare called 311 returned 100% blocks executed 100%
        -:    9:int compare(const void* a, const void* b) {
      311:   10:  if (*(int*)a > *(int*)b)
branch  0 taken 3%
branch  1 taken 97%
        8:   11:    return 1;
      303:   12:  if (*(int*)a < *(int*)b)
branch  0 taken 34%
branch  1 taken 66%
      104:   13:    return -1;
      199:   14:  return 0;
      311:   15:}
        -:   16:
function newGame called 0 returned 0% blocks executed 0%
        -:   17:struct gameState* newGame() {
    #####:   18:  struct gameState* g = malloc(sizeof(struct gameState));
    #####:   19:  return g;
        -:   20:}
        -:   21:
function kingdomCards called 5 returned 100% blocks executed 100%
        -:   22:int* kingdomCards(int k1, int k2, int k3, int k4, int k5, int k6, int k7,
        -:   23:		  int k8, int k9, int k10) {
        5:   24:  int* k = malloc(10 * sizeof(int));
        5:   25:  k[0] = k1;
        5:   26:  k[1] = k2;
        5:   27:  k[2] = k3;
        5:   28:  k[3] = k4;
        5:   29:  k[4] = k5;
        5:   30:  k[5] = k6;
        5:   31:  k[6] = k7;
        5:   32:  k[7] = k8;
        5:   33:  k[8] = k9;
        5:   34:  k[9] = k10;
        5:   35:  return k;
        -:   36:}
        -:   37:
function initializeGame called 11 returned 100% blocks executed 89%
        -:   38:int initializeGame(int numPlayers, int kingdomCards[10], int randomSeed,
        -:   39:		   struct gameState *state) {
        -:   40:
        -:   41:  int i;
        -:   42:  int j;
        -:   43:  int it;			
        -:   44:  //set up random number generator
       11:   45:  SelectStream(1);
       11:   46:  PutSeed((long)randomSeed);
        -:   47:  
        -:   48:  //check number of players
       21:   49:  if (numPlayers > MAX_PLAYERS || numPlayers < 2)
branch  0 taken 91%
branch  1 taken 9%
branch  2 taken 0%
branch  3 taken 100%
        -:   50:    {
        1:   51:      return -1;
        -:   52:    }
        -:   53:
        -:   54:  //set number of players
       10:   55:  state->numPlayers = numPlayers;
        -:   56:
        -:   57:  //check selected kingdom cards are different
      220:   58:  for (i = 0; i < 10; i++)
branch  0 taken 91%
branch  1 taken 9%
        -:   59:    {
     2200:   60:      for (j = 0; j < 10; j++)
branch  0 taken 91%
branch  1 taken 9%
        -:   61:        {
     1900:   62:	  if (j != i && kingdomCards[j] == kingdomCards[i])
branch  0 taken 90%
branch  1 taken 10%
branch  2 taken 0%
branch  3 taken 100%
        -:   63:	    {
    #####:   64:	      return -1;
        -:   65:	    }
     1000:   66:        }
      100:   67:    }
        -:   68:
        -:   69:
        -:   70:  //initialize supply
        -:   71:  ///////////////////////////////
        -:   72:
        -:   73:  //set number of Curse cards
       10:   74:  if (numPlayers == 2)
branch  0 taken 100%
branch  1 taken 0%
        -:   75:    {
       10:   76:      state->supplyCount[curse] = 10;
       10:   77:    }
    #####:   78:  else if (numPlayers == 3)
branch  0 never executed
branch  1 never executed
        -:   79:    {
    #####:   80:      state->supplyCount[curse] = 20;
    #####:   81:    }
        -:   82:  else
        -:   83:    {
    #####:   84:      state->supplyCount[curse] = 30;
        -:   85:    }
        -:   86:
        -:   87:  //set number of Victory cards
       10:   88:  if (numPlayers == 2)
branch  0 taken 100%
branch  1 taken 0%
        -:   89:    {
       10:   90:      state->supplyCount[estate] = 8;
       10:   91:      state->supplyCount[duchy] = 8;
       10:   92:      state->supplyCount[province] = 8;
       10:   93:    }
        -:   94:  else
        -:   95:    {
    #####:   96:      state->supplyCount[estate] = 12;
    #####:   97:      state->supplyCount[duchy] = 12;
    #####:   98:      state->supplyCount[province] = 12;
        -:   99:    }
        -:  100:
        -:  101:  //set number of Treasure cards
       10:  102:  state->supplyCount[copper] = 60 - (7 * numPlayers);
       10:  103:  state->supplyCount[silver] = 40;
       10:  104:  state->supplyCount[gold] = 30;
        -:  105:
        -:  106:  //set number of Kingdom cards
      420:  107:  for (i = adventurer; i <= treasure_map; i++)       	//loop all cards
branch  0 taken 95%
branch  1 taken 5%
        -:  108:    {
     3300:  109:      for (j = 0; j < 10; j++)           		//loop chosen cards
branch  0 taken 94%
branch  1 taken 6%
        -:  110:	{
     1550:  111:	  if (kingdomCards[j] == i)
branch  0 taken 6%
branch  1 taken 94%
        -:  112:	    {
        -:  113:	      //check if card is a 'Victory' Kingdom card
      194:  114:	      if (kingdomCards[j] == great_hall || kingdomCards[j] == gardens)
branch  0 taken 94%
branch  1 taken 6%
branch  2 taken 6%
branch  3 taken 94%
        -:  115:		{
       12:  116:		  if (numPlayers == 2){ 
branch  0 taken 100%
branch  1 taken 0%
       12:  117:		    state->supplyCount[i] = 8; 
       12:  118:		  }
    #####:  119:		  else{ state->supplyCount[i] = 12; }
       12:  120:		}
        -:  121:	      else
        -:  122:		{
       88:  123:		  state->supplyCount[i] = 10;
        -:  124:		}
      100:  125:	      break;
        -:  126:	    }
        -:  127:	  else    //card is not in the set choosen for the game
        -:  128:	    {
     1450:  129:	      state->supplyCount[i] = -1;
        -:  130:	    }
     1450:  131:	}
        -:  132:
      200:  133:    }
        -:  134:
        -:  135:  ////////////////////////
        -:  136:  //supply intilization complete
        -:  137:
        -:  138:  //set player decks
       60:  139:  for (i = 0; i < numPlayers; i++)
branch  0 taken 67%
branch  1 taken 33%
        -:  140:    {
       20:  141:      state->deckCount[i] = 0;
      160:  142:      for (j = 0; j < 3; j++)
branch  0 taken 75%
branch  1 taken 25%
        -:  143:	{
       60:  144:	  state->deck[i][j] = estate;
       60:  145:	  state->deckCount[i]++;
       60:  146:	}
      320:  147:      for (j = 3; j < 10; j++)
branch  0 taken 88%
branch  1 taken 13%
        -:  148:	{
      140:  149:	  state->deck[i][j] = copper;
      140:  150:	  state->deckCount[i]++;		
      140:  151:	}
       20:  152:    }
        -:  153:
        -:  154:  //shuffle player decks
       60:  155:  for (i = 0; i < numPlayers; i++)
branch  0 taken 67%
branch  1 taken 33%
        -:  156:    {
       20:  157:      if ( shuffle(i, state) < 0 )
branch  0 taken 0%
branch  1 taken 100%
        -:  158:	{
    #####:  159:	  return -1;
        -:  160:	}
       20:  161:    }
        -:  162:
        -:  163:  //draw player hands
       60:  164:  for (i = 0; i < numPlayers; i++)
branch  0 taken 67%
branch  1 taken 33%
        -:  165:    {  
        -:  166:      //initialize hand size to zero
       20:  167:      state->handCount[i] = 0;
       20:  168:      state->discardCount[i] = 0;
        -:  169:      //draw 5 cards
        -:  170:      // for (j = 0; j < 5; j++)
        -:  171:      //	{
        -:  172:      //	  drawCard(i, state);
        -:  173:      //	}
       20:  174:    }
        -:  175:  
        -:  176:  //set embargo tokens to 0 for all supply piles
      560:  177:  for (i = 0; i <= treasure_map; i++)
branch  0 taken 96%
branch  1 taken 4%
        -:  178:    {
      270:  179:      state->embargoTokens[i] = 0;
      270:  180:    }
        -:  181:
        -:  182:  //initialize first player's turn
       10:  183:  state->outpostPlayed = 0;
       10:  184:  state->phase = 0;
       10:  185:  state->numActions = 1;
       10:  186:  state->numBuys = 1;
       10:  187:  state->playedCardCount = 0;
       10:  188:  state->whoseTurn = 0;
       10:  189:  state->handCount[state->whoseTurn] = 0;
        -:  190:  //int it; move to top
        -:  191:
        -:  192:  //Moved draw cards to here, only drawing at the start of a turn
      120:  193:  for (it = 0; it < 5; it++){
branch  0 taken 83%
branch  1 taken 17%
       50:  194:    drawCard(state->whoseTurn, state);
       50:  195:  }
        -:  196:
       10:  197:  updateCoins(state->whoseTurn, state, 0);
        -:  198:
       10:  199:  return 0;
       11:  200:}
        -:  201:
function shuffle called 29 returned 100% blocks executed 93%
        -:  202:int shuffle(int player, struct gameState *state) {
        -:  203: 
        -:  204:
        -:  205:  int newDeck[MAX_DECK];
       29:  206:  int newDeckPos = 0;
        -:  207:  int card;
        -:  208:  int i;
        -:  209:
       29:  210:  if (state->deckCount[player] < 1)
branch  0 taken 0%
branch  1 taken 100%
    #####:  211:    return -1;
       29:  212:  qsort ((void*)(state->deck[player]), state->deckCount[player], sizeof(int), compare); 
        -:  213:  /* SORT CARDS IN DECK TO ENSURE DETERMINISM! */
        -:  214:
      528:  215:  while (state->deckCount[player] > 0) {
branch  0 taken 89%
branch  1 taken 11%
      235:  216:    card = floor(Random() * state->deckCount[player]);
      235:  217:    newDeck[newDeckPos] = state->deck[player][card];
      235:  218:    newDeckPos++;
     1524:  219:    for (i = card; i < state->deckCount[player]-1; i++) {
branch  0 taken 69%
branch  1 taken 31%
      527:  220:      state->deck[player][i] = state->deck[player][i+1];
      527:  221:    }
      235:  222:    state->deckCount[player]--;
        -:  223:  }
      528:  224:  for (i = 0; i < newDeckPos; i++) {
branch  0 taken 89%
branch  1 taken 11%
      235:  225:    state->deck[player][i] = newDeck[i];
      235:  226:    state->deckCount[player]++;
      235:  227:  }
        -:  228:
       29:  229:  return 0;
       29:  230:}
        -:  231:
function playCard called 0 returned 0% blocks executed 0%
        -:  232:int playCard(int handPos, int choice1, int choice2, int choice3, struct gameState *state) 
        -:  233:{	
        -:  234:  int card;
    #####:  235:  int coin_bonus = 0; 		//tracks coins gain from actions
        -:  236:
        -:  237:  //check if it is the right phase
    #####:  238:  if (state->phase != 0)
branch  0 never executed
branch  1 never executed
        -:  239:    {
    #####:  240:      return -1;
        -:  241:    }
        -:  242:	
        -:  243:  //check if player has enough actions
    #####:  244:  if ( state->numActions < 1 )
branch  0 never executed
branch  1 never executed
        -:  245:    {
    #####:  246:      return -1;
        -:  247:    }
        -:  248:	
        -:  249:  //get card played
    #####:  250:  card = handCard(handPos, state);
        -:  251:	
        -:  252:  //check if selected card is an action
    #####:  253:  if ( card < adventurer || card > treasure_map )
branch  0 never executed
branch  1 never executed
branch  2 never executed
branch  3 never executed
        -:  254:    {
    #####:  255:      return -1;
        -:  256:    }
        -:  257:	
        -:  258:  //play card
    #####:  259:  if ( cardEffect(card, choice1, choice2, choice3, state, handPos, &coin_bonus) < 0 )
branch  0 never executed
branch  1 never executed
        -:  260:    {
    #####:  261:      return -1;
        -:  262:    }
        -:  263:	
        -:  264:  //reduce number of actions
    #####:  265:  state->numActions--;
        -:  266:
        -:  267:  //update coins (Treasure cards may be added with card draws)
    #####:  268:  updateCoins(state->whoseTurn, state, coin_bonus);
        -:  269:	
    #####:  270:  return 0;
    #####:  271:}
        -:  272:
function buyCard called 0 returned 0% blocks executed 0%
        -:  273:int buyCard(int supplyPos, struct gameState *state) {
        -:  274:  int who;
        -:  275:  if (DEBUG){
        -:  276:    printf("Entering buyCard...\n");
        -:  277:  }
        -:  278:
        -:  279:  // I don't know what to do about the phase thing.
        -:  280:
    #####:  281:  who = state->whoseTurn;
        -:  282:
    #####:  283:  if (state->numBuys < 1){
branch  0 never executed
branch  1 never executed
        -:  284:    if (DEBUG)
        -:  285:      printf("You do not have any buys left\n");
    #####:  286:    return -1;
    #####:  287:  } else if (supplyCount(supplyPos, state) <1){
branch  0 never executed
branch  1 never executed
        -:  288:    if (DEBUG)
        -:  289:      printf("There are not any of that type of card left\n");
    #####:  290:    return -1;
    #####:  291:  } else if (state->coins < getCost(supplyPos)){
branch  0 never executed
branch  1 never executed
        -:  292:    if (DEBUG) 
        -:  293:      printf("You do not have enough money to buy that. You have %d coins.\n", state->coins);
    #####:  294:    return -1;
        -:  295:  } else {
    #####:  296:    state->phase=1;
        -:  297:    //state->supplyCount[supplyPos]--;
    #####:  298:    gainCard(supplyPos, state, 0, who); //card goes in discard, this might be wrong.. (2 means goes into hand, 0 goes into discard)
        -:  299:  
    #####:  300:    state->coins = (state->coins) - (getCost(supplyPos));
    #####:  301:    state->numBuys--;
        -:  302:    if (DEBUG)
        -:  303:      printf("You bought card number %d for %d coins. You now have %d buys and %d coins.\n", supplyPos, getCost(supplyPos), state->numBuys, state->coins);
        -:  304:  }
        -:  305:
        -:  306:  //state->discard[who][state->discardCount[who]] = supplyPos;
        -:  307:  //state->discardCount[who]++;
        -:  308:    
    #####:  309:  return 0;
    #####:  310:}
        -:  311:
function numHandCards called 10 returned 100% blocks executed 100%
        -:  312:int numHandCards(struct gameState *state) {
       10:  313:  return state->handCount[ whoseTurn(state) ];
        -:  314:}
        -:  315:
function handCard called 0 returned 0% blocks executed 0%
        -:  316:int handCard(int handPos, struct gameState *state) {
    #####:  317:  int currentPlayer = whoseTurn(state);
    #####:  318:  return state->hand[currentPlayer][handPos];
        -:  319:}
        -:  320:
function supplyCount called 9 returned 100% blocks executed 100%
        -:  321:int supplyCount(int card, struct gameState *state) {
        9:  322:  return state->supplyCount[card];
        -:  323:}
        -:  324:
function fullDeckCount called 14 returned 100% blocks executed 100%
        -:  325:int fullDeckCount(int player, int card, struct gameState *state) {
        -:  326:  int i;
       14:  327:  int count = 0;
        -:  328:
       76:  329:  for (i = 0; i < state->deckCount[player]; i++)
branch  0 taken 63%
branch  1 taken 37%
        -:  330:    {
       30:  331:      if (state->deck[player][i] == card) count++;
branch  0 taken 25%
branch  1 taken 75%
       24:  332:    }
        -:  333:
       88:  334:  for (i = 0; i < state->handCount[player]; i++)
branch  0 taken 68%
branch  1 taken 32%
        -:  335:    {
       37:  336:      if (state->hand[player][i] == card) count++;
branch  0 taken 23%
branch  1 taken 77%
       30:  337:    }
        -:  338:
       88:  339:  for (i = 0; i < state->discardCount[player]; i++)
branch  0 taken 68%
branch  1 taken 32%
        -:  340:    {
       37:  341:      if (state->discard[player][i] == card) count++;
branch  0 taken 23%
branch  1 taken 77%
       30:  342:    }
        -:  343:
       14:  344:  return count;
        -:  345:}
        -:  346:
function whoseTurn called 19 returned 100% blocks executed 100%
        -:  347:int whoseTurn(struct gameState *state) {
       19:  348:  return state->whoseTurn;
        -:  349:}
        -:  350:
function endTurn called 0 returned 0% blocks executed 0%
        -:  351:int endTurn(struct gameState *state) {
        -:  352:  int k;
        -:  353:  int i;
    #####:  354:  int currentPlayer = whoseTurn(state);
        -:  355:  
        -:  356:  //Discard hand
    #####:  357:  for (i = 0; i < state->handCount[currentPlayer]; i++){
branch  0 never executed
branch  1 never executed
    #####:  358:    state->discard[currentPlayer][state->discardCount[currentPlayer]++] = state->hand[currentPlayer][i];//Discard
    #####:  359:    state->hand[currentPlayer][i] = -1;//Set card to -1
    #####:  360:  }
    #####:  361:  state->handCount[currentPlayer] = 0;//Reset hand count
        -:  362:    
        -:  363:  //Code for determining the player
    #####:  364:  if (currentPlayer < (state->numPlayers - 1)){ 
branch  0 never executed
branch  1 never executed
    #####:  365:    state->whoseTurn = currentPlayer + 1;//Still safe to increment
    #####:  366:  }
        -:  367:  else{
    #####:  368:    state->whoseTurn = 0;//Max player has been reached, loop back around to player 1
        -:  369:  }
        -:  370:
    #####:  371:  state->outpostPlayed = 0;
    #####:  372:  state->phase = 0;
    #####:  373:  state->numActions = 1;
    #####:  374:  state->coins = 0;
    #####:  375:  state->numBuys = 1;
    #####:  376:  state->playedCardCount = 0;
    #####:  377:  state->handCount[state->whoseTurn] = 0;
        -:  378:
        -:  379:  //int k; move to top
        -:  380:  //Next player draws hand
    #####:  381:  for (k = 0; k < 5; k++){
branch  0 never executed
branch  1 never executed
    #####:  382:    drawCard(state->whoseTurn, state);//Draw a card
    #####:  383:  }
        -:  384:
        -:  385:  //Update money
    #####:  386:  updateCoins(state->whoseTurn, state , 0);
        -:  387:
    #####:  388:  return 0;
        -:  389:}
        -:  390:
function isGameOver called 0 returned 0% blocks executed 0%
        -:  391:int isGameOver(struct gameState *state) {
        -:  392:  int i;
        -:  393:  int j;
        -:  394:	
        -:  395:  //if stack of Province cards is empty, the game ends
    #####:  396:  if (state->supplyCount[province] == 0)
branch  0 never executed
branch  1 never executed
        -:  397:    {
    #####:  398:      return 1;
        -:  399:    }
        -:  400:
        -:  401:  //if three supply pile are at 0, the game ends
    #####:  402:  j = 0;
    #####:  403:  for (i = 0; i < 25; i++)
branch  0 never executed
branch  1 never executed
        -:  404:    {
    #####:  405:      if (state->supplyCount[i] == 0)
branch  0 never executed
branch  1 never executed
        -:  406:	{
    #####:  407:	  j++;
    #####:  408:	}
    #####:  409:    }
    #####:  410:  if ( j >= 3)
branch  0 never executed
branch  1 never executed
        -:  411:    {
    #####:  412:      return 1;
        -:  413:    }
        -:  414:
    #####:  415:  return 0;
    #####:  416:}
        -:  417:
function scoreFor called 5 returned 100% blocks executed 90%
        -:  418:int scoreFor (int player, struct gameState *state) {
        -:  419:
        -:  420:  int i;
        5:  421:  int score = 0;
        -:  422:  //score from hand
       42:  423:  for (i = 0; i < state->handCount[player]; i++)
branch  0 taken 76%
branch  1 taken 24%
        -:  424:    {
       17:  425:      if (state->hand[player][i] == curse) { score = score - 1; };
branch  0 taken 6%
branch  1 taken 94%
       17:  426:      if (state->hand[player][i] == estate) { score = score + 1; };
branch  0 taken 6%
branch  1 taken 94%
       17:  427:      if (state->hand[player][i] == duchy) { score = score + 3; };
branch  0 taken 6%
branch  1 taken 94%
       17:  428:      if (state->hand[player][i] == province) { score = score + 6; };
branch  0 taken 6%
branch  1 taken 94%
       18:  429:      if (state->hand[player][i] == great_hall) { score = score + 1; };
branch  0 taken 13%
branch  1 taken 88%
       17:  430:      if (state->hand[player][i] == gardens) { score = score + ( fullDeckCount(player, 0, state) / 10 ); };
branch  0 taken 6%
branch  1 taken 94%
       16:  431:    }
        -:  432:
        -:  433:  //score from discard
       22:  434:  for (i = 0; i < state->discardCount[player]; i++)
branch  0 taken 55%
branch  1 taken 45%
        -:  435:    {
        7:  436:      if (state->discard[player][i] == curse) { score = score - 1; };
branch  0 taken 17%
branch  1 taken 83%
        7:  437:      if (state->discard[player][i] == estate) { score = score + 1; };
branch  0 taken 17%
branch  1 taken 83%
        7:  438:      if (state->discard[player][i] == duchy) { score = score + 3; };
branch  0 taken 17%
branch  1 taken 83%
        7:  439:      if (state->discard[player][i] == province) { score = score + 6; };
branch  0 taken 17%
branch  1 taken 83%
        7:  440:      if (state->discard[player][i] == great_hall) { score = score + 1; };
branch  0 taken 17%
branch  1 taken 83%
        7:  441:      if (state->discard[player][i] == gardens) { score = score + ( fullDeckCount(player, 0, state) / 10 ); };
branch  0 taken 17%
branch  1 taken 83%
        6:  442:    }
        -:  443:
        -:  444:  //score from deck
       22:  445:  for (i = 0; i < state->discardCount[player]; i++)
branch  0 taken 55%
branch  1 taken 45%
        -:  446:    {
        6:  447:      if (state->deck[player][i] == curse) { score = score - 1; };
branch  0 taken 0%
branch  1 taken 100%
        8:  448:      if (state->deck[player][i] == estate) { score = score + 1; };
branch  0 taken 33%
branch  1 taken 67%
        6:  449:      if (state->deck[player][i] == duchy) { score = score + 3; };
branch  0 taken 0%
branch  1 taken 100%
        6:  450:      if (state->deck[player][i] == province) { score = score + 6; };
branch  0 taken 0%
branch  1 taken 100%
        6:  451:      if (state->deck[player][i] == great_hall) { score = score + 1; };
branch  0 taken 0%
branch  1 taken 100%
        6:  452:      if (state->deck[player][i] == gardens) { score = score + ( fullDeckCount(player, 0, state) / 10 ); };
branch  0 taken 0%
branch  1 taken 100%
        6:  453:    }
        -:  454:
        5:  455:  return score;
        -:  456:}
        -:  457:
function getWinners called 0 returned 0% blocks executed 0%
        -:  458:int getWinners(int players[MAX_PLAYERS], struct gameState *state) {
        -:  459:  int i;	
        -:  460:  int j;
        -:  461:  int highScore;
        -:  462:  int currentPlayer;
        -:  463:
        -:  464:  //get score for each player
    #####:  465:  for (i = 0; i < MAX_PLAYERS; i++)
branch  0 never executed
branch  1 never executed
        -:  466:    {
        -:  467:      //set unused player scores to -9999
    #####:  468:      if (i >= state->numPlayers)
branch  0 never executed
branch  1 never executed
        -:  469:	{
    #####:  470:	  players[i] = -9999;
    #####:  471:	}
        -:  472:      else
        -:  473:	{
    #####:  474:	  players[i] = scoreFor (i, state);
        -:  475:	}
    #####:  476:    }
        -:  477:
        -:  478:  //find highest score
    #####:  479:  j = 0;
    #####:  480:  for (i = 0; i < MAX_PLAYERS; i++)
branch  0 never executed
branch  1 never executed
        -:  481:    {
    #####:  482:      if (players[i] > players[j])
branch  0 never executed
branch  1 never executed
        -:  483:	{
    #####:  484:	  j = i;
    #####:  485:	}
    #####:  486:    }
    #####:  487:  highScore = players[j];
        -:  488:
        -:  489:  //add 1 to players who had less turns
    #####:  490:  currentPlayer = whoseTurn(state);
    #####:  491:  for (i = 0; i < MAX_PLAYERS; i++)
branch  0 never executed
branch  1 never executed
        -:  492:    {
    #####:  493:      if ( players[i] == highScore && i > currentPlayer )
branch  0 never executed
branch  1 never executed
branch  2 never executed
branch  3 never executed
        -:  494:	{
    #####:  495:	  players[i]++;
    #####:  496:	}
    #####:  497:    }
        -:  498:
        -:  499:  //find new highest score
    #####:  500:  j = 0;
    #####:  501:  for (i = 0; i < MAX_PLAYERS; i++)
branch  0 never executed
branch  1 never executed
        -:  502:    {
    #####:  503:      if ( players[i] > players[j] )
branch  0 never executed
branch  1 never executed
        -:  504:	{
    #####:  505:	  j = i;
    #####:  506:	}
    #####:  507:    }
    #####:  508:  highScore = players[j];
        -:  509:
        -:  510:  //set winners in array to 1 and rest to 0
    #####:  511:  for (i = 0; i < MAX_PLAYERS; i++)
branch  0 never executed
branch  1 never executed
        -:  512:    {
    #####:  513:      if ( players[i] == highScore )
branch  0 never executed
branch  1 never executed
        -:  514:	{
    #####:  515:	  players[i] = 1;
    #####:  516:	}
        -:  517:      else
        -:  518:	{
    #####:  519:	  players[i] = 0;
        -:  520:	}
    #####:  521:    }
        -:  522:
    #####:  523:  return 0;
        -:  524:}
        -:  525:
function drawCard called 67 returned 100% blocks executed 41%
        -:  526:int drawCard(int player, struct gameState *state)
        -:  527:{	int count;
        -:  528:  int deckCounter;
       67:  529:  if (state->deckCount[player] <= 0){//Deck is empty
branch  0 taken 0%
branch  1 taken 100%
        -:  530:    
        -:  531:    //Step 1 Shuffle the discard pile back into a deck
        -:  532:    int i;
        -:  533:    //Move discard to deck
    #####:  534:    for (i = 0; i < state->discardCount[player];i++){
branch  0 never executed
branch  1 never executed
    #####:  535:      state->deck[player][i] = state->discard[player][i];
    #####:  536:      state->discard[player][i] = -1;
    #####:  537:    }
        -:  538:
    #####:  539:    state->deckCount[player] = state->discardCount[player];
    #####:  540:    state->discardCount[player] = 0;//Reset discard
        -:  541:
        -:  542:    //Shufffle the deck
    #####:  543:    shuffle(player, state);//Shuffle the deck up and make it so that we can draw
        -:  544:   
        -:  545:    if (DEBUG){//Debug statements
        -:  546:      printf("Deck count now: %d\n", state->deckCount[player]);
        -:  547:    }
        -:  548:    
    #####:  549:    state->discardCount[player] = 0;
        -:  550:
        -:  551:    //Step 2 Draw Card
    #####:  552:    count = state->handCount[player];//Get current player's hand count
        -:  553:    
        -:  554:    if (DEBUG){//Debug statements
        -:  555:      printf("Current hand count: %d\n", count);
        -:  556:    }
        -:  557:    
    #####:  558:    deckCounter = state->deckCount[player];//Create a holder for the deck count
        -:  559:
    #####:  560:    if (deckCounter == 0)
branch  0 never executed
branch  1 never executed
    #####:  561:      return -1;
        -:  562:
    #####:  563:    state->hand[player][count] = state->deck[player][deckCounter - 1];//Add card to hand
    #####:  564:    state->deckCount[player]--;
    #####:  565:    state->handCount[player]++;//Increment hand count
    #####:  566:  }
        -:  567:
        -:  568:  else{
       67:  569:    int count = state->handCount[player];//Get current hand count for player
        -:  570:    int deckCounter;
        -:  571:    if (DEBUG){//Debug statements
        -:  572:      printf("Current hand count: %d\n", count);
        -:  573:    }
        -:  574:
       67:  575:    deckCounter = state->deckCount[player];//Create holder for the deck count
       67:  576:    state->hand[player][count] = state->deck[player][deckCounter - 1];//Add card to the hand
       67:  577:    state->deckCount[player]--;
       67:  578:    state->handCount[player]++;//Increment hand count
        -:  579:  }
        -:  580:
       67:  581:  return 0;
       67:  582:}
        -:  583:
function getCost called 0 returned 0% blocks executed 0%
        -:  584:int getCost(int cardNumber)
        -:  585:{
    #####:  586:  switch( cardNumber ) 
branch  0 never executed
branch  1 never executed
branch  2 never executed
branch  3 never executed
branch  4 never executed
branch  5 never executed
branch  6 never executed
branch  7 never executed
branch  8 never executed
branch  9 never executed
branch 10 never executed
branch 11 never executed
branch 12 never executed
branch 13 never executed
branch 14 never executed
branch 15 never executed
branch 16 never executed
branch 17 never executed
branch 18 never executed
branch 19 never executed
branch 20 never executed
branch 21 never executed
branch 22 never executed
branch 23 never executed
branch 24 never executed
branch 25 never executed
branch 26 never executed
branch 27 never executed
        -:  587:    {
        -:  588:    case curse:
    #####:  589:      return 0;
        -:  590:    case estate:
    #####:  591:      return 2;
        -:  592:    case duchy:
    #####:  593:      return 5;
        -:  594:    case province:
    #####:  595:      return 8;
        -:  596:    case copper:
    #####:  597:      return 0;
        -:  598:    case silver:
    #####:  599:      return 3;
        -:  600:    case gold:
    #####:  601:      return 6;
        -:  602:    case adventurer:
    #####:  603:      return 6;
        -:  604:    case council_room:
    #####:  605:      return 5;
        -:  606:    case feast:
    #####:  607:      return 4;
        -:  608:    case gardens:
    #####:  609:      return 4;
        -:  610:    case mine:
    #####:  611:      return 5;
        -:  612:    case remodel:
    #####:  613:      return 4;
        -:  614:    case smithy:
    #####:  615:      return 4;
        -:  616:    case village:
    #####:  617:      return 3;
        -:  618:    case baron:
    #####:  619:      return 4;
        -:  620:    case great_hall:
    #####:  621:      return 3;
        -:  622:    case minion:
    #####:  623:      return 5;
        -:  624:    case steward:
    #####:  625:      return 3;
        -:  626:    case tribute:
    #####:  627:      return 5;
        -:  628:    case ambassador:
    #####:  629:      return 3;
        -:  630:    case cutpurse:
    #####:  631:      return 4;
        -:  632:    case embargo: 
    #####:  633:      return 2;
        -:  634:    case outpost:
    #####:  635:      return 5;
        -:  636:    case salvager:
    #####:  637:      return 4;
        -:  638:    case sea_hag:
    #####:  639:      return 4;
        -:  640:    case treasure_map:
    #####:  641:      return 4;
        -:  642:    }
        -:  643:	
    #####:  644:  return -1;
    #####:  645:}
        -:  646:
function adventureCardEffect called 3 returned 100% blocks executed 100%
        -:  647:int adventureCardEffect(int drawntreasure, struct gameState *state, int currentPlayer, int cardDrawn, int temphand[], int z) {
       24:  648:  while(drawntreasure<2){
branch  0 taken 75%
branch  1 taken 25%
        9:  649:  	if (state->deckCount[currentPlayer] > 1) {//if the deck is empty we need to shuffle discard and add to deck
branch  0 taken 100%
branch  1 taken 0%
        9:  650:        shuffle(currentPlayer, state);
        9:  651:    }
        9:  652:  	drawCard(currentPlayer, state);
        9:  653:  	cardDrawn = state->hand[currentPlayer][state->handCount[currentPlayer]-1];//top card of hand is most recently drawn card.
       15:  654:  	if (cardDrawn == copper || cardDrawn == silver || cardDrawn == gold)
branch  0 taken 33%
branch  1 taken 67%
branch  2 taken 100%
branch  3 taken 0%
branch  4 taken 0%
branch  5 taken 100%
        6:  655:  	  drawntreasure++;
        -:  656:  	else{
        3:  657:  	  temphand[z]=cardDrawn;
        3:  658:  	  state->handCount[currentPlayer]--; //this should just remove the top card (the most recently drawn one).
        3:  659:  	  z++;
        -:  660:  	}
        -:  661:        }
       12:  662:        while(z-1>=0){
branch  0 taken 50%
branch  1 taken 50%
        3:  663:  	state->discard[currentPlayer][state->discardCount[currentPlayer]++]=temphand[z-1]; // discard all cards in play that have been drawn
        3:  664:  	z=z-1;
        -:  665:        }
        3:  666:        return 0;
        -:  667:}
        -:  668:
function smithyCardEffect called 2 returned 100% blocks executed 100%
        -:  669:int smithyCardEffect(int currentPlayer, struct gameState *state, int handPos) {
        -:  670:    //+3 Cards
       12:  671:         for (int i = 0; i < 2; i++)
branch  0 taken 67%
branch  1 taken 33%
        -:  672:   	{
        4:  673:   	  drawCard(currentPlayer, state);
        4:  674:   	}
        -:  675:
        -:  676:         //discard card from hand
        2:  677:         discardCard(handPos, currentPlayer, state, 0);
        2:  678:         return 0;
        -:  679:}
function council_roomEffect called 0 returned 0% blocks executed 0%
        -:  680:int council_roomEffect (int currentPlayer, struct gameState *state, int handPos){
        -:  681:    //+4 Cards
    #####:  682:        for (int i = 0; i < 4; i++)
branch  0 never executed
branch  1 never executed
        -:  683:  	{
    #####:  684:  	  drawCard(currentPlayer, state);
    #####:  685:  	}
        -:  686:
        -:  687:        //+1 Buy
    #####:  688:        state->numBuys += 2;
        -:  689:
        -:  690:        //Each other player draws a card
    #####:  691:        for (int i = 0; i < state->numPlayers; i++)
branch  0 never executed
branch  1 never executed
        -:  692:  	{
    #####:  693:  	  if ( i != currentPlayer )
branch  0 never executed
branch  1 never executed
        -:  694:  	    {
    #####:  695:  	      drawCard(i, state);
    #####:  696:  	    }
    #####:  697:  	}
        -:  698:
        -:  699:        //put played card in played card pile
    #####:  700:        discardCard(handPos, currentPlayer, state, 0);
        -:  701:
    #####:  702:        return 0;
        -:  703:}
        -:  704:
function villageEffect called 3 returned 100% blocks executed 100%
        -:  705:int villageEffect(int currentPlayer, struct gameState *state, int handPos){
        -:  706:        //+1 Card
        3:  707:         drawCard(currentPlayer, state);
        -:  708:
        -:  709:         //+2 Actions
        3:  710:         state->numActions = state->numActions + 2;
        -:  711:
        -:  712:         //discard played card from hand
        3:  713:         discardCard(handPos, currentPlayer, state, 0);
        3:  714:         return 0;
        -:  715:}
        -:  716:
function stewardEffect called 0 returned 0% blocks executed 0%
        -:  717:int stewardEffect(int choice1, int choice2, int choice3, int handPos, int currentPlayer, struct gameState *state){
    #####:  718:    if (choice1 == 1)
branch  0 never executed
branch  1 never executed
        -:  719:  	{
        -:  720:  	  //+2 cards
    #####:  721:  	  drawCard(currentPlayer, state);
    #####:  722:  	  drawCard(currentPlayer, state);
    #####:  723:  	}
    #####:  724:        else if (choice1 == 2)
branch  0 never executed
branch  1 never executed
        -:  725:  	{
        -:  726:  	  //+2 coins
    #####:  727:  	  state->coins = state->coins + 6;
    #####:  728:  	}
        -:  729:        else
        -:  730:  	{
        -:  731:  	  //trash 2 cards in hand
    #####:  732:  	  discardCard(choice2, currentPlayer, state, 1);
    #####:  733:  	  discardCard(choice3, currentPlayer, state, 1);
    #####:  734:      discardCard(choice3, currentPlayer, state, 1);
        -:  735:  	}
        -:  736:
        -:  737:        //discard card from hand
    #####:  738:        discardCard(handPos, currentPlayer, state, 0);
    #####:  739:        return 0;
        -:  740:}
        -:  741:
function cardEffect called 9 returned 100% blocks executed 6%
        -:  742:int cardEffect(int card, int choice1, int choice2, int choice3, struct gameState *state, int handPos, int *bonus)
        -:  743:{
        -:  744:  int i;
        -:  745:  int j;
        -:  746:  int k;
        -:  747:  int x;
        -:  748:  int index;
        9:  749:  int currentPlayer = whoseTurn(state);
        9:  750:  int nextPlayer = currentPlayer + 1;
        -:  751:
        9:  752:  int tributeRevealedCards[2] = {-1, -1};
        -:  753:  int temphand[MAX_HAND];// moved above the if statement
        9:  754:  int drawntreasure=0;
        9:  755:  int cardDrawn = 0;
        9:  756:  int z = 0;// this is the counter for the temp hand
        9:  757:  if (nextPlayer > (state->numPlayers - 1)){
branch  0 taken 0%
branch  1 taken 100%
    #####:  758:    nextPlayer = 0;
    #####:  759:  }
        -:  760:	
        -:  761:  //uses switch to select card and perform actions
       12:  762:  switch( card ) 
branch  0 taken 25%
branch  1 taken 0%
branch  2 taken 0%
branch  3 taken 0%
branch  4 taken 0%
branch  5 taken 0%
branch  6 taken 17%
branch  7 taken 25%
branch  8 taken 25%
branch  9 taken 8%
branch 10 taken 0%
branch 11 taken 0%
branch 12 taken 0%
branch 13 taken 0%
branch 14 taken 0%
branch 15 taken 0%
branch 16 taken 0%
branch 17 taken 0%
branch 18 taken 0%
branch 19 taken 0%
branch 20 taken 0%
        -:  763:    {
        -:  764:    case adventurer:
        3:  765:      return adventureCardEffect(drawntreasure, state, currentPlayer, cardDrawn, temphand, z);
        -:  766:
        -:  767:    case council_room:
    #####:  768:        return council_roomEffect (currentPlayer, state, handPos);
        -:  769:			
        -:  770:    case feast:
        -:  771:      //gain card with cost up to 5
        -:  772:      //Backup hand
    #####:  773:      for (i = 0; i <= state->handCount[currentPlayer]; i++){
branch  0 never executed
branch  1 never executed
    #####:  774:	temphand[i] = state->hand[currentPlayer][i];//Backup card
    #####:  775:	state->hand[currentPlayer][i] = -1;//Set to nothing
    #####:  776:      }
        -:  777:      //Backup hand
        -:  778:
        -:  779:      //Update Coins for Buy
    #####:  780:      updateCoins(currentPlayer, state, 5);
    #####:  781:      x = 1;//Condition to loop on
    #####:  782:      while( x == 1) {//Buy one card
branch  0 never executed
branch  1 never executed
    #####:  783:	if (supplyCount(choice1, state) <= 0){
branch  0 never executed
branch  1 never executed
        -:  784:	  if (DEBUG)
        -:  785:	    printf("None of that card left, sorry!\n");
        -:  786:
        -:  787:	  if (DEBUG){
        -:  788:	    printf("Cards Left: %d\n", supplyCount(choice1, state));
        -:  789:	  }
    #####:  790:	}
    #####:  791:	else if (state->coins < getCost(choice1)){
branch  0 never executed
branch  1 never executed
    #####:  792:	  printf("That card is too expensive!\n");
        -:  793:
        -:  794:	  if (DEBUG){
        -:  795:	    printf("Coins: %d < %d\n", state->coins, getCost(choice1));
        -:  796:	  }
    #####:  797:	}
        -:  798:	else{
        -:  799:
        -:  800:	  if (DEBUG){
        -:  801:	    printf("Deck Count: %d\n", state->handCount[currentPlayer] + state->deckCount[currentPlayer] + state->discardCount[currentPlayer]);
        -:  802:	  }
        -:  803:
    #####:  804:	  gainCard(choice1, state, 0, currentPlayer);//Gain the card
    #####:  805:	  x = 0;//No more buying cards
        -:  806:
        -:  807:	  if (DEBUG){
        -:  808:	    printf("Deck Count: %d\n", state->handCount[currentPlayer] + state->deckCount[currentPlayer] + state->discardCount[currentPlayer]);
        -:  809:	  }
        -:  810:
        -:  811:	}
        -:  812:      }     
        -:  813:
        -:  814:      //Reset Hand
    #####:  815:      for (i = 0; i <= state->handCount[currentPlayer]; i++){
branch  0 never executed
branch  1 never executed
    #####:  816:	state->hand[currentPlayer][i] = temphand[i];
    #####:  817:	temphand[i] = -1;
    #####:  818:      }
        -:  819:      //Reset Hand
        -:  820:      			
    #####:  821:      return 0;
        -:  822:			
        -:  823:    case gardens:
    #####:  824:      return -1;
        -:  825:			
        -:  826:    case mine:
    #####:  827:      j = state->hand[currentPlayer][choice1];  //store card we will trash
        -:  828:
    #####:  829:      if (state->hand[currentPlayer][choice1] < copper || state->hand[currentPlayer][choice1] > gold)
branch  0 never executed
branch  1 never executed
branch  2 never executed
branch  3 never executed
        -:  830:	{
    #####:  831:	  return -1;
        -:  832:	}
        -:  833:
    #####:  834:      if (choice2 > treasure_map || choice2 < curse)
branch  0 never executed
branch  1 never executed
branch  2 never executed
branch  3 never executed
        -:  835:	{
    #####:  836:	  return -1;
        -:  837:	}
        -:  838:
    #####:  839:      if ( (getCost(state->hand[currentPlayer][choice1]) + 3) > getCost(choice2) )
branch  0 never executed
branch  1 never executed
        -:  840:	{
    #####:  841:	  return -1;
        -:  842:	}
        -:  843:
    #####:  844:      gainCard(choice2, state, 2, currentPlayer);
        -:  845:
        -:  846:      //discard card from hand
    #####:  847:      discardCard(handPos, currentPlayer, state, 0);
        -:  848:
        -:  849:      //discard trashed card
    #####:  850:      for (i = 0; i < state->handCount[currentPlayer]; i++)
branch  0 never executed
branch  1 never executed
        -:  851:	{
    #####:  852:	  if (state->hand[currentPlayer][i] == j)
branch  0 never executed
branch  1 never executed
        -:  853:	    {
    #####:  854:	      discardCard(i, currentPlayer, state, 0);
    #####:  855:	      break;
        -:  856:	    }
    #####:  857:	}
        -:  858:
    #####:  859:      return 0;
        -:  860:			
        -:  861:    case remodel:
    #####:  862:      j = state->hand[currentPlayer][choice1];  //store card we will trash
        -:  863:
    #####:  864:      if ( (getCost(state->hand[currentPlayer][choice1]) + 2) > getCost(choice2) )
branch  0 never executed
branch  1 never executed
        -:  865:	{
    #####:  866:	  return -1;
        -:  867:	}
        -:  868:
    #####:  869:      gainCard(choice2, state, 0, currentPlayer);
        -:  870:
        -:  871:      //discard card from hand
    #####:  872:      discardCard(handPos, currentPlayer, state, 0);
        -:  873:
        -:  874:      //discard trashed card
    #####:  875:      for (i = 0; i < state->handCount[currentPlayer]; i++)
branch  0 never executed
branch  1 never executed
        -:  876:	{
    #####:  877:	  if (state->hand[currentPlayer][i] == j)
branch  0 never executed
branch  1 never executed
        -:  878:	    {
    #####:  879:	      discardCard(i, currentPlayer, state, 0);			
    #####:  880:	      break;
        -:  881:	    }
    #####:  882:	}
        -:  883:
        -:  884:
    #####:  885:      return 0;
        -:  886:		
        -:  887:    case smithy:
        -:  888:
        2:  889:        return smithyCardEffect(currentPlayer, state, handPos);
        -:  890:		
        -:  891:    case village:
        3:  892:        villageEffect(currentPlayer, state, handPos);
        -:  893:		
        -:  894:    case baron:
        3:  895:      state->numBuys++;//Increase buys by 1!
        3:  896:      if (choice1 > 0){//Boolean true or going to discard an estate
branch  0 taken 0%
branch  1 taken 100%
    #####:  897:	int p = 0;//Iterator for hand!
    #####:  898:	int card_not_discarded = 1;//Flag for discard set!
    #####:  899:	while(card_not_discarded){
branch  0 never executed
branch  1 never executed
    #####:  900:	  if (state->hand[currentPlayer][p] == estate){//Found an estate card!
branch  0 never executed
branch  1 never executed
    #####:  901:	    state->coins += 4;//Add 4 coins to the amount of coins
    #####:  902:	    state->discard[currentPlayer][state->discardCount[currentPlayer]] = state->hand[currentPlayer][p];
    #####:  903:	    state->discardCount[currentPlayer]++;
    #####:  904:	    for (;p < state->handCount[currentPlayer]; p++){
branch  0 never executed
branch  1 never executed
    #####:  905:	      state->hand[currentPlayer][p] = state->hand[currentPlayer][p+1];
    #####:  906:	    }
    #####:  907:	    state->hand[currentPlayer][state->handCount[currentPlayer]] = -1;
    #####:  908:	    state->handCount[currentPlayer]--;
    #####:  909:	    card_not_discarded = 0;//Exit the loop
    #####:  910:	  }
    #####:  911:	  else if (p > state->handCount[currentPlayer]){
branch  0 never executed
branch  1 never executed
        -:  912:	    if(DEBUG) {
        -:  913:	      printf("No estate cards in your hand, invalid choice\n");
        -:  914:	      printf("Must gain an estate if there are any\n");
        -:  915:	    }
    #####:  916:	    if (supplyCount(estate, state) > 0){
branch  0 never executed
branch  1 never executed
    #####:  917:	      gainCard(estate, state, 0, currentPlayer);
    #####:  918:	      state->supplyCount[estate]--;//Decrement estates
    #####:  919:	      if (supplyCount(estate, state) == 0){
branch  0 never executed
branch  1 never executed
    #####:  920:		isGameOver(state);
    #####:  921:	      }
    #####:  922:	    }
    #####:  923:	    card_not_discarded = 0;//Exit the loop
    #####:  924:	  }
        -:  925:			    
        -:  926:	  else{
    #####:  927:	    p++;//Next card
        -:  928:	  }
        -:  929:	}
    #####:  930:      }
        -:  931:			    
        -:  932:      else{
        3:  933:	if (supplyCount(estate, state) > 0){
branch  0 taken 100%
branch  1 taken 0%
        3:  934:	  gainCard(estate, state, 0, currentPlayer);//Gain an estate
        3:  935:	  state->supplyCount[estate]--;//Decrement Estates
        3:  936:	  if (supplyCount(estate, state) == 0){
branch  0 taken 0%
branch  1 taken 100%
    #####:  937:	    isGameOver(state);
    #####:  938:	  }
        3:  939:	}
        -:  940:      }
        -:  941:	    
        -:  942:      
        3:  943:      return 0;
        -:  944:		
        -:  945:    case great_hall:
        -:  946:      //+1 Card
        1:  947:      drawCard(currentPlayer, state);
        -:  948:			
        -:  949:      //+1 Actions
        1:  950:      state->numActions++;
        -:  951:			
        -:  952:      //discard card from hand
        1:  953:      discardCard(handPos, currentPlayer, state, 0);
        1:  954:      return 0;
        -:  955:		
        -:  956:    case minion:
        -:  957:      //+1 action
    #####:  958:      state->numActions++;
        -:  959:			
        -:  960:      //discard card from hand
    #####:  961:      discardCard(handPos, currentPlayer, state, 0);
        -:  962:			
    #####:  963:      if (choice1)		//+2 coins
branch  0 never executed
branch  1 never executed
        -:  964:	{
    #####:  965:	  state->coins = state->coins + 2;
    #####:  966:	}
        -:  967:			
    #####:  968:      else if (choice2)		//discard hand, redraw 4, other players with 5+ cards discard hand and draw 4
branch  0 never executed
branch  1 never executed
        -:  969:	{
        -:  970:	  //discard hand
    #####:  971:	  while(numHandCards(state) > 0)
branch  0 never executed
branch  1 never executed
        -:  972:	    {
    #####:  973:	      discardCard(handPos, currentPlayer, state, 0);
        -:  974:	    }
        -:  975:				
        -:  976:	  //draw 4
    #####:  977:	  for (i = 0; i < 4; i++)
branch  0 never executed
branch  1 never executed
        -:  978:	    {
    #####:  979:	      drawCard(currentPlayer, state);
    #####:  980:	    }
        -:  981:				
        -:  982:	  //other players discard hand and redraw if hand size > 4
    #####:  983:	  for (i = 0; i < state->numPlayers; i++)
branch  0 never executed
branch  1 never executed
        -:  984:	    {
    #####:  985:	      if (i != currentPlayer)
branch  0 never executed
branch  1 never executed
        -:  986:		{
    #####:  987:		  if ( state->handCount[i] > 4 )
branch  0 never executed
branch  1 never executed
        -:  988:		    {
        -:  989:		      //discard hand
    #####:  990:		      while( state->handCount[i] > 0 )
branch  0 never executed
branch  1 never executed
        -:  991:			{
    #####:  992:			  discardCard(handPos, i, state, 0);
        -:  993:			}
        -:  994:							
        -:  995:		      //draw 4
    #####:  996:		      for (j = 0; j < 4; j++)
branch  0 never executed
branch  1 never executed
        -:  997:			{
    #####:  998:			  drawCard(i, state);
    #####:  999:			}
    #####: 1000:		    }
    #####: 1001:		}
    #####: 1002:	    }
        -: 1003:				
    #####: 1004:	}
    #####: 1005:      return 0;
        -: 1006:		
        -: 1007:    case steward:
        -: 1008:
    #####: 1009:      return stewardEffect(choice1, choice2, choice3, handPos, currentPlayer, state);
        -: 1010:		
        -: 1011:    case tribute:
    #####: 1012:      if ((state->discardCount[nextPlayer] + state->deckCount[nextPlayer]) <= 1){
branch  0 never executed
branch  1 never executed
    #####: 1013:	if (state->deckCount[nextPlayer] > 0){
branch  0 never executed
branch  1 never executed
    #####: 1014:	  tributeRevealedCards[0] = state->deck[nextPlayer][state->deckCount[nextPlayer]-1];
    #####: 1015:	  state->deckCount[nextPlayer]--;
    #####: 1016:	}
    #####: 1017:	else if (state->discardCount[nextPlayer] > 0){
branch  0 never executed
branch  1 never executed
    #####: 1018:	  tributeRevealedCards[0] = state->discard[nextPlayer][state->discardCount[nextPlayer]-1];
    #####: 1019:	  state->discardCount[nextPlayer]--;
    #####: 1020:	}
        -: 1021:	else{
        -: 1022:	  //No Card to Reveal
        -: 1023:	  if (DEBUG){
        -: 1024:	    printf("No cards to reveal\n");
        -: 1025:	  }
        -: 1026:	}
    #####: 1027:      }
        -: 1028:	    
        -: 1029:      else{
    #####: 1030:	if (state->deckCount[nextPlayer] == 0){
branch  0 never executed
branch  1 never executed
    #####: 1031:	  for (i = 0; i < state->discardCount[nextPlayer]; i++){
branch  0 never executed
branch  1 never executed
    #####: 1032:	    state->deck[nextPlayer][i] = state->discard[nextPlayer][i];//Move to deck
    #####: 1033:	    state->deckCount[nextPlayer]++;
    #####: 1034:	    state->discard[nextPlayer][i] = -1;
    #####: 1035:	    state->discardCount[nextPlayer]--;
    #####: 1036:	  }
        -: 1037:			    
    #####: 1038:	  shuffle(nextPlayer,state);//Shuffle the deck
    #####: 1039:	} 
    #####: 1040:	tributeRevealedCards[0] = state->deck[nextPlayer][state->deckCount[nextPlayer]-1];
    #####: 1041:	state->deck[nextPlayer][state->deckCount[nextPlayer]--] = -1;
    #####: 1042:	state->deckCount[nextPlayer]--;
    #####: 1043:	tributeRevealedCards[1] = state->deck[nextPlayer][state->deckCount[nextPlayer]-1];
    #####: 1044:	state->deck[nextPlayer][state->deckCount[nextPlayer]--] = -1;
    #####: 1045:	state->deckCount[nextPlayer]--;
        -: 1046:      }    
        -: 1047:		       
    #####: 1048:      if (tributeRevealedCards[0] == tributeRevealedCards[1]){//If we have a duplicate card, just drop one 
branch  0 never executed
branch  1 never executed
    #####: 1049:	state->playedCards[state->playedCardCount] = tributeRevealedCards[1];
    #####: 1050:	state->playedCardCount++;
    #####: 1051:	tributeRevealedCards[1] = -1;
    #####: 1052:      }
        -: 1053:
    #####: 1054:      for (i = 0; i <= 2; i ++){
branch  0 never executed
branch  1 never executed
    #####: 1055:	if (tributeRevealedCards[i] == copper || tributeRevealedCards[i] == silver || tributeRevealedCards[i] == gold){//Treasure cards
branch  0 never executed
branch  1 never executed
branch  2 never executed
branch  3 never executed
branch  4 never executed
branch  5 never executed
    #####: 1056:	  state->coins += 2;
    #####: 1057:	}
        -: 1058:		    
    #####: 1059:	else if (tributeRevealedCards[i] == estate || tributeRevealedCards[i] == duchy || tributeRevealedCards[i] == province || tributeRevealedCards[i] == gardens || tributeRevealedCards[i] == great_hall){//Victory Card Found
branch  0 never executed
branch  1 never executed
branch  2 never executed
branch  3 never executed
branch  4 never executed
branch  5 never executed
branch  6 never executed
branch  7 never executed
branch  8 never executed
branch  9 never executed
    #####: 1060:	  drawCard(currentPlayer, state);
    #####: 1061:	  drawCard(currentPlayer, state);
    #####: 1062:	}
        -: 1063:	else{//Action Card
    #####: 1064:	  state->numActions = state->numActions + 2;
        -: 1065:	}
    #####: 1066:      }
        -: 1067:	    
    #####: 1068:      return 0;
        -: 1069:		
        -: 1070:    case ambassador:
    #####: 1071:      j = 0;		//used to check if player has enough cards to discard
        -: 1072:
    #####: 1073:      if (choice2 > 2 || choice2 < 0)
branch  0 never executed
branch  1 never executed
branch  2 never executed
branch  3 never executed
        -: 1074:	{
    #####: 1075:	  return -1;				
        -: 1076:	}
        -: 1077:
    #####: 1078:      if (choice1 == handPos)
branch  0 never executed
branch  1 never executed
        -: 1079:	{
    #####: 1080:	  return -1;
        -: 1081:	}
        -: 1082:
    #####: 1083:      for (i = 0; i < state->handCount[currentPlayer]; i++)
branch  0 never executed
branch  1 never executed
        -: 1084:	{
    #####: 1085:	  if (i != handPos && i == state->hand[currentPlayer][choice1] && i != choice1)
branch  0 never executed
branch  1 never executed
branch  2 never executed
branch  3 never executed
branch  4 never executed
branch  5 never executed
        -: 1086:	    {
    #####: 1087:	      j++;
    #####: 1088:	    }
    #####: 1089:	}
    #####: 1090:      if (j < choice2)
branch  0 never executed
branch  1 never executed
        -: 1091:	{
    #####: 1092:	  return -1;				
        -: 1093:	}
        -: 1094:
        -: 1095:      if (DEBUG) 
        -: 1096:	printf("Player %d reveals card number: %d\n", currentPlayer, state->hand[currentPlayer][choice1]);
        -: 1097:
        -: 1098:      //increase supply count for choosen card by amount being discarded
    #####: 1099:      state->supplyCount[state->hand[currentPlayer][choice1]] += choice2;
        -: 1100:			
        -: 1101:      //each other player gains a copy of revealed card
    #####: 1102:      for (i = 0; i < state->numPlayers; i++)
branch  0 never executed
branch  1 never executed
        -: 1103:	{
    #####: 1104:	  if (i != currentPlayer)
branch  0 never executed
branch  1 never executed
        -: 1105:	    {
    #####: 1106:	      gainCard(state->hand[currentPlayer][choice1], state, 0, i);
    #####: 1107:	    }
    #####: 1108:	}
        -: 1109:
        -: 1110:      //discard played card from hand
    #####: 1111:      discardCard(handPos, currentPlayer, state, 0);			
        -: 1112:
        -: 1113:      //trash copies of cards returned to supply
    #####: 1114:      for (j = 0; j < choice2; j++)
branch  0 never executed
branch  1 never executed
        -: 1115:	{
    #####: 1116:	  for (i = 0; i < state->handCount[currentPlayer]; i++)
branch  0 never executed
branch  1 never executed
        -: 1117:	    {
    #####: 1118:	      if (state->hand[currentPlayer][i] == state->hand[currentPlayer][choice1])
branch  0 never executed
branch  1 never executed
        -: 1119:		{
    #####: 1120:		  discardCard(i, currentPlayer, state, 1);
    #####: 1121:		  break;
        -: 1122:		}
    #####: 1123:	    }
    #####: 1124:	}			
        -: 1125:
    #####: 1126:      return 0;
        -: 1127:		
        -: 1128:    case cutpurse:
        -: 1129:
    #####: 1130:      updateCoins(currentPlayer, state, 2);
    #####: 1131:      for (i = 0; i < state->numPlayers; i++)
branch  0 never executed
branch  1 never executed
        -: 1132:	{
    #####: 1133:	  if (i != currentPlayer)
branch  0 never executed
branch  1 never executed
        -: 1134:	    {
    #####: 1135:	      for (j = 0; j < state->handCount[i]; j++)
branch  0 never executed
branch  1 never executed
        -: 1136:		{
    #####: 1137:		  if (state->hand[i][j] == copper)
branch  0 never executed
branch  1 never executed
        -: 1138:		    {
    #####: 1139:		      discardCard(j, i, state, 0);
    #####: 1140:		      break;
        -: 1141:		    }
    #####: 1142:		  if (j == state->handCount[i])
branch  0 never executed
branch  1 never executed
        -: 1143:		    {
    #####: 1144:		      for (k = 0; k < state->handCount[i]; k++)
branch  0 never executed
branch  1 never executed
        -: 1145:			{
        -: 1146:			  if (DEBUG)
        -: 1147:			    printf("Player %d reveals card number %d\n", i, state->hand[i][k]);
    #####: 1148:			}	
    #####: 1149:		      break;
        -: 1150:		    }		
    #####: 1151:		}
        -: 1152:					
    #####: 1153:	    }
        -: 1154:				
    #####: 1155:	}				
        -: 1156:
        -: 1157:      //discard played card from hand
    #####: 1158:      discardCard(handPos, currentPlayer, state, 0);			
        -: 1159:
    #####: 1160:      return 0;
        -: 1161:
        -: 1162:		
        -: 1163:    case embargo: 
        -: 1164:      //+2 Coins
    #####: 1165:      state->coins = state->coins + 2;
        -: 1166:			
        -: 1167:      //see if selected pile is in play
    #####: 1168:      if ( state->supplyCount[choice1] == -1 )
branch  0 never executed
branch  1 never executed
        -: 1169:	{
    #####: 1170:	  return -1;
        -: 1171:	}
        -: 1172:			
        -: 1173:      //add embargo token to selected supply pile
    #####: 1174:      state->embargoTokens[choice1]++;
        -: 1175:			
        -: 1176:      //trash card
    #####: 1177:      discardCard(handPos, currentPlayer, state, 1);		
    #####: 1178:      return 0;
        -: 1179:		
        -: 1180:    case outpost:
        -: 1181:      //set outpost flag
    #####: 1182:      state->outpostPlayed++;
        -: 1183:			
        -: 1184:      //discard card
    #####: 1185:      discardCard(handPos, currentPlayer, state, 0);
    #####: 1186:      return 0;
        -: 1187:		
        -: 1188:    case salvager:
        -: 1189:      //+1 buy
    #####: 1190:      state->numBuys++;
        -: 1191:			
    #####: 1192:      if (choice1)
branch  0 never executed
branch  1 never executed
        -: 1193:	{
        -: 1194:	  //gain coins equal to trashed card
    #####: 1195:	  state->coins = state->coins + getCost( handCard(choice1, state) );
        -: 1196:	  //trash card
    #####: 1197:	  discardCard(choice1, currentPlayer, state, 1);	
    #####: 1198:	}
        -: 1199:			
        -: 1200:      //discard card
    #####: 1201:      discardCard(handPos, currentPlayer, state, 0);
    #####: 1202:      return 0;
        -: 1203:		
        -: 1204:    case sea_hag:
    #####: 1205:      for (i = 0; i < state->numPlayers; i++){
branch  0 never executed
branch  1 never executed
    #####: 1206:	if (i != currentPlayer){
branch  0 never executed
branch  1 never executed
    #####: 1207:	  state->discard[i][state->discardCount[i]] = state->deck[i][state->deckCount[i]--];			    state->deckCount[i]--;
    #####: 1208:	  state->discardCount[i]++;
    #####: 1209:	  state->deck[i][state->deckCount[i]--] = curse;//Top card now a curse
    #####: 1210:	}
    #####: 1211:      }
    #####: 1212:      return 0;
        -: 1213:		
        -: 1214:    case treasure_map:
        -: 1215:      //search hand for another treasure_map
    #####: 1216:      index = -1;
    #####: 1217:      for (i = 0; i < state->handCount[currentPlayer]; i++)
branch  0 never executed
branch  1 never executed
        -: 1218:	{
    #####: 1219:	  if (state->hand[currentPlayer][i] == treasure_map && i != handPos)
branch  0 never executed
branch  1 never executed
branch  2 never executed
branch  3 never executed
        -: 1220:	    {
    #####: 1221:	      index = i;
    #####: 1222:	      break;
        -: 1223:	    }
    #####: 1224:	}
    #####: 1225:      if (index > -1)
branch  0 never executed
branch  1 never executed
        -: 1226:	{
        -: 1227:	  //trash both treasure cards
    #####: 1228:	  discardCard(handPos, currentPlayer, state, 1);
    #####: 1229:	  discardCard(index, currentPlayer, state, 1);
        -: 1230:
        -: 1231:	  //gain 4 Gold cards
    #####: 1232:	  for (i = 0; i < 4; i++)
branch  0 never executed
branch  1 never executed
        -: 1233:	    {
    #####: 1234:	      gainCard(gold, state, 1, currentPlayer);
    #####: 1235:	    }
        -: 1236:				
        -: 1237:	  //return success
    #####: 1238:	  return 1;
        -: 1239:	}
        -: 1240:			
        -: 1241:      //no second treasure_map found in hand
    #####: 1242:      return -1;
        -: 1243:    }
        -: 1244:	
    #####: 1245:  return -1;
        9: 1246:}
        -: 1247:
function discardCard called 6 returned 100% blocks executed 80%
        -: 1248:int discardCard(int handPos, int currentPlayer, struct gameState *state, int trashFlag)
        -: 1249:{
        -: 1250:	
        -: 1251:  //if card is not trashed, added to Played pile 
        6: 1252:  if (trashFlag < 1)
branch  0 taken 100%
branch  1 taken 0%
        -: 1253:    {
        -: 1254:      //add card to played pile
        6: 1255:      state->playedCards[state->playedCardCount] = state->hand[currentPlayer][handPos]; 
        6: 1256:      state->playedCardCount++;
        6: 1257:    }
        -: 1258:	
        -: 1259:  //set played card to -1
        6: 1260:  state->hand[currentPlayer][handPos] = -1;
        -: 1261:	
        -: 1262:  //remove card from player's hand
        6: 1263:  if ( handPos == (state->handCount[currentPlayer] - 1) ) 	//last card in hand array is played
branch  0 taken 0%
branch  1 taken 100%
        -: 1264:    {
        -: 1265:      //reduce number of cards in hand
    #####: 1266:      state->handCount[currentPlayer]--;
    #####: 1267:    }
        6: 1268:  else if ( state->handCount[currentPlayer] == 1 ) //only one card in hand
branch  0 taken 0%
branch  1 taken 100%
        -: 1269:    {
        -: 1270:      //reduce number of cards in hand
    #####: 1271:      state->handCount[currentPlayer]--;
    #####: 1272:    }
        -: 1273:  else 	
        -: 1274:    {
        -: 1275:      //replace discarded card with last card in hand
        6: 1276:      state->hand[currentPlayer][handPos] = state->hand[currentPlayer][ (state->handCount[currentPlayer] - 1)];
        -: 1277:      //set last card to -1
        6: 1278:      state->hand[currentPlayer][state->handCount[currentPlayer] - 1] = -1;
        -: 1279:      //reduce number of cards in hand
        6: 1280:      state->handCount[currentPlayer]--;
        -: 1281:    }
        -: 1282:	
        6: 1283:  return 0;
        -: 1284:}
        -: 1285:
function gainCard called 3 returned 100% blocks executed 72%
        -: 1286:int gainCard(int supplyPos, struct gameState *state, int toFlag, int player)
        -: 1287:{
        -: 1288:  //Note: supplyPos is enum of choosen card
        -: 1289:	
        -: 1290:  //check if supply pile is empty (0) or card is not used in game (-1)
        3: 1291:  if ( supplyCount(supplyPos, state) < 1 )
branch  0 taken 0%
branch  1 taken 100%
        -: 1292:    {
    #####: 1293:      return -1;
        -: 1294:    }
        -: 1295:	
        -: 1296:  //added card for [whoseTurn] current player:
        -: 1297:  // toFlag = 0 : add to discard
        -: 1298:  // toFlag = 1 : add to deck
        -: 1299:  // toFlag = 2 : add to hand
        -: 1300:
        3: 1301:  if (toFlag == 1)
branch  0 taken 0%
branch  1 taken 100%
        -: 1302:    {
    #####: 1303:      state->deck[ player ][ state->deckCount[player] ] = supplyPos;
    #####: 1304:      state->deckCount[player]++;
    #####: 1305:    }
        3: 1306:  else if (toFlag == 2)
branch  0 taken 0%
branch  1 taken 100%
        -: 1307:    {
    #####: 1308:      state->hand[ player ][ state->handCount[player] ] = supplyPos;
    #####: 1309:      state->handCount[player]++;
    #####: 1310:    }
        -: 1311:  else
        -: 1312:    {
        3: 1313:      state->discard[player][ state->discardCount[player] ] = supplyPos;
        3: 1314:      state->discardCount[player]++;
        -: 1315:    }
        -: 1316:	
        -: 1317:  //decrease number in supply pile
        3: 1318:  state->supplyCount[supplyPos]--;
        -: 1319:	 
        3: 1320:  return 0;
        3: 1321:}
        -: 1322:
function updateCoins called 10 returned 100% blocks executed 85%
        -: 1323:int updateCoins(int player, struct gameState *state, int bonus)
        -: 1324:{
        -: 1325:  int i;
        -: 1326:	
        -: 1327:  //reset coin count
       10: 1328:  state->coins = 0;
        -: 1329:
        -: 1330:  //add coins for each Treasure card in player's hand
      120: 1331:  for (i = 0; i < state->handCount[player]; i++)
branch  0 taken 83%
branch  1 taken 17%
        -: 1332:    {
       50: 1333:      if (state->hand[player][i] == copper)
branch  0 taken 80%
branch  1 taken 20%
        -: 1334:	{
       40: 1335:	  state->coins += 1;
       40: 1336:	}
       10: 1337:      else if (state->hand[player][i] == silver)
branch  0 taken 0%
branch  1 taken 100%
        -: 1338:	{
    #####: 1339:	  state->coins += 2;
    #####: 1340:	}
       10: 1341:      else if (state->hand[player][i] == gold)
branch  0 taken 0%
branch  1 taken 100%
        -: 1342:	{
    #####: 1343:	  state->coins += 3;
    #####: 1344:	}	
       50: 1345:    }	
        -: 1346:
        -: 1347:  //add bonus
       10: 1348:  state->coins += bonus;
        -: 1349:
       10: 1350:  return 0;
        -: 1351:}
        -: 1352:
        -: 1353:
        -: 1354://end of dominion.c
        -: 1355:
